<?xml version="1.0" encoding="UTF-8"?>
<testsuite name="com.example.FourFlowerServer.FourFlowerServerApplicationTests" tests="1" skipped="0" failures="0" errors="0" timestamp="2023-11-20T02:27:32" hostname="M" time="1.016">
  <properties/>
  <testcase name="testConnections()" classname="com.example.FourFlowerServer.FourFlowerServerApplicationTests" time="1.016"/>
  <system-out><![CDATA[11:27:27.935 [Test worker] INFO org.springframework.test.context.support.AnnotationConfigContextLoaderUtils -- Could not detect default configuration classes for test class [com.example.FourFlowerServer.FourFlowerServerApplicationTests]: FourFlowerServerApplicationTests does not declare any static, non-private, non-final, nested classes annotated with @Configuration.
11:27:28.060 [Test worker] INFO org.springframework.boot.test.context.SpringBootTestContextBootstrapper -- Found @SpringBootConfiguration com.example.FourFlowerServer.FourFlowerServerApplication for test class com.example.FourFlowerServer.FourFlowerServerApplicationTests

  .   ____          _            __ _ _
 /\\ / ___'_ __ _ _(_)_ __  __ _ \ \ \ \
( ( )\___ | '_ | '_| | '_ \/ _` | \ \ \ \
 \\/  ___)| |_)| | | | | || (_| |  ) ) ) )
  '  |____| .__|_| |_|_| |_\__, | / / / /
 =========|_|==============|___/=/_/_/_/
 :: Spring Boot ::                (v3.1.5)

2023-11-20T11:27:28.567+09:00  INFO 18536 --- [    Test worker] c.e.F.FourFlowerServerApplicationTests   : Starting FourFlowerServerApplicationTests using Java 17.0.8 with PID 18536 (started by bbuny in D:\spring_code\FourFlowerServer\FourFlowerServer)
2023-11-20T11:27:28.569+09:00  INFO 18536 --- [    Test worker] c.e.F.FourFlowerServerApplicationTests   : No active profile set, falling back to 1 default profile: "default"
2023-11-20T11:27:28.570+09:00 DEBUG 18536 --- [    Test worker] o.s.boot.SpringApplication               : Loading source class com.example.FourFlowerServer.FourFlowerServerApplication
2023-11-20T11:27:28.621+09:00 DEBUG 18536 --- [    Test worker] o.s.w.c.s.GenericWebApplicationContext   : Refreshing org.springframework.web.context.support.GenericWebApplicationContext@2bc12da
2023-11-20T11:27:28.652+09:00 DEBUG 18536 --- [    Test worker] o.s.b.f.s.DefaultListableBeanFactory     : Creating shared instance of singleton bean 'org.springframework.context.annotation.internalConfigurationAnnotationProcessor'
2023-11-20T11:27:28.670+09:00 DEBUG 18536 --- [    Test worker] o.s.b.f.s.DefaultListableBeanFactory     : Creating shared instance of singleton bean 'org.springframework.boot.autoconfigure.internalCachingMetadataReaderFactory'
2023-11-20T11:27:29.517+09:00  INFO 18536 --- [    Test worker] .s.d.r.c.RepositoryConfigurationDelegate : Bootstrapping Spring Data JPA repositories in DEFAULT mode.
2023-11-20T11:27:29.525+09:00 DEBUG 18536 --- [    Test worker] o.s.b.f.s.DefaultListableBeanFactory     : Creating shared instance of singleton bean 'org.springframework.boot.autoconfigure.AutoConfigurationPackages'
2023-11-20T11:27:29.535+09:00 DEBUG 18536 --- [    Test worker] o.s.b.a.AutoConfigurationPackages        : @EnableAutoConfiguration was declared on a class in the package 'com.example.FourFlowerServer'. Automatic @Repository and @Entity scanning is enabled.
2023-11-20T11:27:29.537+09:00 DEBUG 18536 --- [    Test worker] .s.d.r.c.RepositoryConfigurationDelegate : Scanning for JPA repositories in packages com.example.FourFlowerServer.
2023-11-20T11:27:29.545+09:00  INFO 18536 --- [    Test worker] .s.d.r.c.RepositoryConfigurationDelegate : Finished Spring Data repository scanning in 6 ms. Found 0 JPA repository interfaces.
2023-11-20T11:27:29.719+09:00 DEBUG 18536 --- [    Test worker] o.s.b.f.s.DefaultListableBeanFactory     : Creating shared instance of singleton bean 'propertySourcesPlaceholderConfigurer'
2023-11-20T11:27:29.724+09:00 DEBUG 18536 --- [    Test worker] o.s.b.f.s.DefaultListableBeanFactory     : Creating shared instance of singleton bean 'org.springframework.boot.test.mock.mockito.MockitoPostProcessor'
2023-11-20T11:27:29.726+09:00 DEBUG 18536 --- [    Test worker] o.s.b.f.s.DefaultListableBeanFactory     : Creating shared instance of singleton bean 'emBeanDefinitionRegistrarPostProcessor'
2023-11-20T11:27:29.726+09:00 DEBUG 18536 --- [    Test worker] o.s.b.f.s.DefaultListableBeanFactory     : Creating shared instance of singleton bean 'org.springframework.boot.sql.init.dependency.DatabaseInitializationDependencyConfigurer$DependsOnDatabaseInitializationPostProcessor'
2023-11-20T11:27:29.794+09:00 DEBUG 18536 --- [    Test worker] o.s.b.f.s.DefaultListableBeanFactory     : Creating shared instance of singleton bean 'org.springframework.context.event.internalEventListenerProcessor'
2023-11-20T11:27:29.796+09:00 DEBUG 18536 --- [    Test worker] o.s.b.f.s.DefaultListableBeanFactory     : Creating shared instance of singleton bean 'preserveErrorControllerTargetClassPostProcessor'
2023-11-20T11:27:29.798+09:00 DEBUG 18536 --- [    Test worker] o.s.b.f.s.DefaultListableBeanFactory     : Creating shared instance of singleton bean 'org.springframework.context.event.internalEventListenerFactory'
2023-11-20T11:27:29.798+09:00 DEBUG 18536 --- [    Test worker] o.s.b.f.s.DefaultListableBeanFactory     : Creating shared instance of singleton bean 'org.springframework.transaction.config.internalTransactionalEventListenerFactory'
2023-11-20T11:27:29.803+09:00 DEBUG 18536 --- [    Test worker] o.s.b.f.s.DefaultListableBeanFactory     : Creating shared instance of singleton bean 'org.springframework.boot.test.mock.mockito.MockitoPostProcessor$SpyPostProcessor'
2023-11-20T11:27:29.805+09:00 DEBUG 18536 --- [    Test worker] o.s.b.f.s.DefaultListableBeanFactory     : Creating shared instance of singleton bean 'org.springframework.context.annotation.internalAutowiredAnnotationProcessor'
2023-11-20T11:27:29.808+09:00 DEBUG 18536 --- [    Test worker] o.s.b.f.s.DefaultListableBeanFactory     : Creating shared instance of singleton bean 'org.springframework.context.annotation.internalCommonAnnotationProcessor'
2023-11-20T11:27:29.818+09:00 DEBUG 18536 --- [    Test worker] o.s.b.f.s.DefaultListableBeanFactory     : Creating shared instance of singleton bean 'org.springframework.context.annotation.internalPersistenceAnnotationProcessor'
2023-11-20T11:27:29.819+09:00 DEBUG 18536 --- [    Test worker] o.s.b.f.s.DefaultListableBeanFactory     : Creating shared instance of singleton bean 'org.springframework.boot.context.properties.ConfigurationPropertiesBindingPostProcessor'
2023-11-20T11:27:29.819+09:00 DEBUG 18536 --- [    Test worker] o.s.b.f.s.DefaultListableBeanFactory     : Creating shared instance of singleton bean 'org.springframework.boot.context.internalConfigurationPropertiesBinder'
2023-11-20T11:27:29.823+09:00 DEBUG 18536 --- [    Test worker] o.s.b.f.s.DefaultListableBeanFactory     : Creating shared instance of singleton bean 'jdbcConnectionDetailsHikariBeanPostProcessor'
2023-11-20T11:27:29.829+09:00 DEBUG 18536 --- [    Test worker] o.s.b.f.s.DefaultListableBeanFactory     : Creating shared instance of singleton bean 'org.springframework.aop.config.internalAutoProxyCreator'
2023-11-20T11:27:29.854+09:00 DEBUG 18536 --- [    Test worker] o.s.b.f.s.DefaultListableBeanFactory     : Creating shared instance of singleton bean 'persistenceExceptionTranslationPostProcessor'
2023-11-20T11:27:29.857+09:00 DEBUG 18536 --- [    Test worker] o.s.b.f.s.DefaultListableBeanFactory     : Autowiring by type from bean name 'persistenceExceptionTranslationPostProcessor' via factory method to bean named 'environment'
2023-11-20T11:27:29.863+09:00 DEBUG 18536 --- [    Test worker] o.s.b.f.s.DefaultListableBeanFactory     : Creating shared instance of singleton bean 'webServerFactoryCustomizerBeanPostProcessor'
2023-11-20T11:27:29.864+09:00 DEBUG 18536 --- [    Test worker] o.s.b.f.s.DefaultListableBeanFactory     : Creating shared instance of singleton bean 'errorPageRegistrarBeanPostProcessor'
2023-11-20T11:27:29.865+09:00 DEBUG 18536 --- [    Test worker] o.s.b.f.s.DefaultListableBeanFactory     : Creating shared instance of singleton bean 'projectingArgumentResolverBeanPostProcessor'
2023-11-20T11:27:29.866+09:00 DEBUG 18536 --- [    Test worker] o.s.b.f.s.DefaultListableBeanFactory     : Creating shared instance of singleton bean 'org.springframework.transaction.config.internalTransactionAdvisor'
2023-11-20T11:27:29.866+09:00 DEBUG 18536 --- [    Test worker] o.s.b.f.s.DefaultListableBeanFactory     : Creating shared instance of singleton bean 'org.springframework.transaction.annotation.ProxyTransactionManagementConfiguration'
2023-11-20T11:27:29.877+09:00 DEBUG 18536 --- [    Test worker] o.s.b.f.s.DefaultListableBeanFactory     : Creating shared instance of singleton bean 'transactionAttributeSource'
2023-11-20T11:27:29.880+09:00 DEBUG 18536 --- [    Test worker] o.s.b.f.s.DefaultListableBeanFactory     : Creating shared instance of singleton bean 'transactionInterceptor'
2023-11-20T11:27:29.880+09:00 DEBUG 18536 --- [    Test worker] o.s.b.f.s.DefaultListableBeanFactory     : Autowiring by type from bean name 'transactionInterceptor' via factory method to bean named 'transactionAttributeSource'
2023-11-20T11:27:29.888+09:00 DEBUG 18536 --- [    Test worker] o.s.b.f.s.DefaultListableBeanFactory     : Autowiring by type from bean name 'org.springframework.transaction.config.internalTransactionAdvisor' via factory method to bean named 'transactionAttributeSource'
2023-11-20T11:27:29.888+09:00 DEBUG 18536 --- [    Test worker] o.s.b.f.s.DefaultListableBeanFactory     : Autowiring by type from bean name 'org.springframework.transaction.config.internalTransactionAdvisor' via factory method to bean named 'transactionInterceptor'
2023-11-20T11:27:29.921+09:00 DEBUG 18536 --- [    Test worker] o.s.u.c.s.UiApplicationContextUtils      : Unable to locate ThemeSource with name 'themeSource': using default [org.springframework.ui.context.support.ResourceBundleThemeSource@72b43104]
2023-11-20T11:27:29.923+09:00 DEBUG 18536 --- [    Test worker] o.s.b.f.s.DefaultListableBeanFactory     : Creating shared instance of singleton bean 'dataSourceScriptDatabaseInitializer'
2023-11-20T11:27:29.923+09:00 DEBUG 18536 --- [    Test worker] o.s.b.f.s.DefaultListableBeanFactory     : Creating shared instance of singleton bean 'org.springframework.boot.autoconfigure.sql.init.DataSourceInitializationConfiguration'
2023-11-20T11:27:29.926+09:00 DEBUG 18536 --- [    Test worker] o.s.b.f.s.DefaultListableBeanFactory     : Creating shared instance of singleton bean 'dataSource'
2023-11-20T11:27:29.927+09:00 DEBUG 18536 --- [    Test worker] o.s.b.f.s.DefaultListableBeanFactory     : Creating shared instance of singleton bean 'org.springframework.boot.autoconfigure.jdbc.DataSourceConfiguration$Hikari'
2023-11-20T11:27:29.928+09:00 DEBUG 18536 --- [    Test worker] o.s.b.f.s.DefaultListableBeanFactory     : Creating shared instance of singleton bean 'spring.datasource-org.springframework.boot.autoconfigure.jdbc.DataSourceProperties'
2023-11-20T11:27:29.931+09:00 DEBUG 18536 --- [    Test worker] o.s.b.f.s.DefaultListableBeanFactory     : Creating shared instance of singleton bean 'org.springframework.boot.context.properties.BoundConfigurationProperties'
2023-11-20T11:27:29.969+09:00 DEBUG 18536 --- [    Test worker] o.s.b.f.s.DefaultListableBeanFactory     : Creating shared instance of singleton bean 'jdbcConnectionDetails'
2023-11-20T11:27:29.970+09:00 DEBUG 18536 --- [    Test worker] o.s.b.f.s.DefaultListableBeanFactory     : Creating shared instance of singleton bean 'org.springframework.boot.autoconfigure.jdbc.DataSourceAutoConfiguration$PooledDataSourceConfiguration'
2023-11-20T11:27:29.971+09:00 DEBUG 18536 --- [    Test worker] o.s.b.f.s.DefaultListableBeanFactory     : Autowiring by type from bean name 'jdbcConnectionDetails' via factory method to bean named 'spring.datasource-org.springframework.boot.autoconfigure.jdbc.DataSourceProperties'
2023-11-20T11:27:29.973+09:00 DEBUG 18536 --- [    Test worker] o.s.b.f.s.DefaultListableBeanFactory     : Autowiring by type from bean name 'dataSource' via factory method to bean named 'spring.datasource-org.springframework.boot.autoconfigure.jdbc.DataSourceProperties'
2023-11-20T11:27:29.973+09:00 DEBUG 18536 --- [    Test worker] o.s.b.f.s.DefaultListableBeanFactory     : Autowiring by type from bean name 'dataSource' via factory method to bean named 'jdbcConnectionDetails'
2023-11-20T11:27:30.020+09:00 DEBUG 18536 --- [    Test worker] o.s.b.f.s.DefaultListableBeanFactory     : Creating shared instance of singleton bean 'spring.sql.init-org.springframework.boot.autoconfigure.sql.init.SqlInitializationProperties'
2023-11-20T11:27:30.023+09:00 DEBUG 18536 --- [    Test worker] o.s.b.f.s.DefaultListableBeanFactory     : Autowiring by type from bean name 'dataSourceScriptDatabaseInitializer' via factory method to bean named 'dataSource'
2023-11-20T11:27:30.023+09:00 DEBUG 18536 --- [    Test worker] o.s.b.f.s.DefaultListableBeanFactory     : Autowiring by type from bean name 'dataSourceScriptDatabaseInitializer' via factory method to bean named 'spring.sql.init-org.springframework.boot.autoconfigure.sql.init.SqlInitializationProperties'
2023-11-20T11:27:30.037+09:00 DEBUG 18536 --- [    Test worker] o.s.b.f.s.DefaultListableBeanFactory     : Creating shared instance of singleton bean 'entityManagerFactory'
2023-11-20T11:27:30.038+09:00 DEBUG 18536 --- [    Test worker] o.s.b.f.s.DefaultListableBeanFactory     : Creating shared instance of singleton bean 'org.springframework.boot.autoconfigure.orm.jpa.HibernateJpaConfiguration'
2023-11-20T11:27:30.041+09:00 DEBUG 18536 --- [    Test worker] o.s.b.f.s.DefaultListableBeanFactory     : Creating shared instance of singleton bean 'spring.jpa-org.springframework.boot.autoconfigure.orm.jpa.JpaProperties'
2023-11-20T11:27:30.050+09:00 DEBUG 18536 --- [    Test worker] o.s.b.f.s.DefaultListableBeanFactory     : Creating shared instance of singleton bean 'spring.jpa.hibernate-org.springframework.boot.autoconfigure.orm.jpa.HibernateProperties'
2023-11-20T11:27:30.054+09:00 DEBUG 18536 --- [    Test worker] o.s.b.f.s.DefaultListableBeanFactory     : Autowiring by type from bean name 'org.springframework.boot.autoconfigure.orm.jpa.HibernateJpaConfiguration' via constructor to bean named 'dataSource'
2023-11-20T11:27:30.054+09:00 DEBUG 18536 --- [    Test worker] o.s.b.f.s.DefaultListableBeanFactory     : Autowiring by type from bean name 'org.springframework.boot.autoconfigure.orm.jpa.HibernateJpaConfiguration' via constructor to bean named 'spring.jpa-org.springframework.boot.autoconfigure.orm.jpa.JpaProperties'
2023-11-20T11:27:30.054+09:00 DEBUG 18536 --- [    Test worker] o.s.b.f.s.DefaultListableBeanFactory     : Autowiring by type from bean name 'org.springframework.boot.autoconfigure.orm.jpa.HibernateJpaConfiguration' via constructor to bean named 'org.springframework.beans.factory.support.DefaultListableBeanFactory@19569ebd'
2023-11-20T11:27:30.054+09:00 DEBUG 18536 --- [    Test worker] o.s.b.f.s.DefaultListableBeanFactory     : Autowiring by type from bean name 'org.springframework.boot.autoconfigure.orm.jpa.HibernateJpaConfiguration' via constructor to bean named 'spring.jpa.hibernate-org.springframework.boot.autoconfigure.orm.jpa.HibernateProperties'
2023-11-20T11:27:30.059+09:00 DEBUG 18536 --- [    Test worker] o.s.b.f.s.DefaultListableBeanFactory     : Creating shared instance of singleton bean 'hikariPoolDataSourceMetadataProvider'
2023-11-20T11:27:30.060+09:00 DEBUG 18536 --- [    Test worker] o.s.b.f.s.DefaultListableBeanFactory     : Creating shared instance of singleton bean 'org.springframework.boot.autoconfigure.jdbc.metadata.DataSourcePoolMetadataProvidersConfiguration$HikariPoolDataSourceMetadataProviderConfiguration'
2023-11-20T11:27:30.071+09:00 DEBUG 18536 --- [    Test worker] o.s.b.f.s.DefaultListableBeanFactory     : Creating shared instance of singleton bean 'entityManagerFactoryBuilder'
2023-11-20T11:27:30.073+09:00 DEBUG 18536 --- [    Test worker] o.s.b.f.s.DefaultListableBeanFactory     : Creating shared instance of singleton bean 'jpaVendorAdapter'
2023-11-20T11:27:30.109+09:00 DEBUG 18536 --- [    Test worker] o.s.b.f.s.DefaultListableBeanFactory     : Autowiring by type from bean name 'entityManagerFactoryBuilder' via factory method to bean named 'jpaVendorAdapter'
2023-11-20T11:27:30.114+09:00 DEBUG 18536 --- [    Test worker] o.s.b.f.s.DefaultListableBeanFactory     : Creating shared instance of singleton bean 'persistenceManagedTypes'
2023-11-20T11:27:30.116+09:00 DEBUG 18536 --- [    Test worker] o.s.b.f.s.DefaultListableBeanFactory     : Autowiring by type from bean name 'persistenceManagedTypes' via factory method to bean named 'org.springframework.beans.factory.support.DefaultListableBeanFactory@19569ebd'
2023-11-20T11:27:30.119+09:00 DEBUG 18536 --- [    Test worker] o.s.b.f.s.DefaultListableBeanFactory     : Autowiring by type from bean name 'persistenceManagedTypes' via factory method to bean named 'org.springframework.web.context.support.GenericWebApplicationContext@2bc12da'
2023-11-20T11:27:30.130+09:00 DEBUG 18536 --- [    Test worker] o.s.b.f.s.DefaultListableBeanFactory     : Autowiring by type from bean name 'entityManagerFactory' via factory method to bean named 'entityManagerFactoryBuilder'
2023-11-20T11:27:30.130+09:00 DEBUG 18536 --- [    Test worker] o.s.b.f.s.DefaultListableBeanFactory     : Autowiring by type from bean name 'entityManagerFactory' via factory method to bean named 'persistenceManagedTypes'
2023-11-20T11:27:30.148+09:00 DEBUG 18536 --- [    Test worker] o.s.jdbc.datasource.DataSourceUtils      : Fetching JDBC Connection from DataSource
2023-11-20T11:27:30.149+09:00  INFO 18536 --- [    Test worker] com.zaxxer.hikari.HikariDataSource       : HikariPool-1 - Starting...
2023-11-20T11:27:30.421+09:00  INFO 18536 --- [    Test worker] com.zaxxer.hikari.pool.HikariPool        : HikariPool-1 - Added connection com.mysql.cj.jdbc.ConnectionImpl@5bcec67e
2023-11-20T11:27:30.426+09:00  INFO 18536 --- [    Test worker] com.zaxxer.hikari.HikariDataSource       : HikariPool-1 - Start completed.
2023-11-20T11:27:30.469+09:00 DEBUG 18536 --- [    Test worker] j.LocalContainerEntityManagerFactoryBean : Building JPA container EntityManagerFactory for persistence unit 'default'
2023-11-20T11:27:30.489+09:00 DEBUG 18536 --- [    Test worker] o.hibernate.jpa.internal.util.LogHelper  : PersistenceUnitInfo [
	name: default
	persistence provider classname: null
	classloader: jdk.internal.loader.ClassLoaders$AppClassLoader@70dea4e
	excludeUnlistedClasses: true
	JTA datasource: null
	Non JTA datasource: HikariDataSource (HikariPool-1)
	Transaction type: RESOURCE_LOCAL
	PU root URL: file:/D:/spring_code/FourFlowerServer/FourFlowerServer/build/classes/java/test/
	Shared Cache Mode: UNSPECIFIED
	Validation Mode: AUTO
	Jar files URLs []
	Managed classes names []
	Mapping files names []
	Properties []
2023-11-20T11:27:30.507+09:00 DEBUG 18536 --- [    Test worker] o.h.i.internal.IntegratorServiceImpl     : Adding Integrator [org.hibernate.boot.beanvalidation.BeanValidationIntegrator].
2023-11-20T11:27:30.508+09:00 DEBUG 18536 --- [    Test worker] o.h.i.internal.IntegratorServiceImpl     : Adding Integrator [org.hibernate.cache.internal.CollectionCacheInvalidator].
2023-11-20T11:27:30.591+09:00  INFO 18536 --- [    Test worker] org.hibernate.Version                    : HHH000412: Hibernate ORM core version 6.2.13.Final
2023-11-20T11:27:30.593+09:00 DEBUG 18536 --- [    Test worker] org.hibernate.cfg.Environment            : HHH000206: 'hibernate.properties' not found
2023-11-20T11:27:30.597+09:00  INFO 18536 --- [    Test worker] org.hibernate.cfg.Environment            : HHH000406: Using bytecode reflection optimizer
2023-11-20T11:27:30.660+09:00 DEBUG 18536 --- [    Test worker] org.hibernate.orm.idgen.factory          : Registering IdentifierGenerator strategy [uuid2] -> [org.hibernate.id.UUIDGenerator]
2023-11-20T11:27:30.661+09:00 DEBUG 18536 --- [    Test worker] org.hibernate.orm.idgen.factory          : Registering IdentifierGenerator strategy [guid] -> [org.hibernate.id.GUIDGenerator]
2023-11-20T11:27:30.663+09:00 DEBUG 18536 --- [    Test worker] org.hibernate.orm.idgen.factory          : Registering IdentifierGenerator strategy [uuid] -> [org.hibernate.id.UUIDHexGenerator]
2023-11-20T11:27:30.663+09:00 DEBUG 18536 --- [    Test worker] org.hibernate.orm.idgen.factory          : Registering IdentifierGenerator strategy [uuid.hex] -> [org.hibernate.id.UUIDHexGenerator]
2023-11-20T11:27:30.664+09:00 DEBUG 18536 --- [    Test worker] org.hibernate.orm.idgen.factory          : Registering IdentifierGenerator strategy [assigned] -> [org.hibernate.id.Assigned]
2023-11-20T11:27:30.668+09:00 DEBUG 18536 --- [    Test worker] org.hibernate.orm.idgen.factory          : Registering IdentifierGenerator strategy [identity] -> [org.hibernate.id.IdentityGenerator]
2023-11-20T11:27:30.668+09:00 DEBUG 18536 --- [    Test worker] org.hibernate.orm.idgen.factory          : Registering IdentifierGenerator strategy [select] -> [org.hibernate.id.SelectGenerator]
2023-11-20T11:27:30.672+09:00 DEBUG 18536 --- [    Test worker] org.hibernate.orm.idgen.factory          : Registering IdentifierGenerator strategy [sequence] -> [org.hibernate.id.enhanced.SequenceStyleGenerator]
2023-11-20T11:27:30.674+09:00 DEBUG 18536 --- [    Test worker] org.hibernate.orm.idgen.factory          : Registering IdentifierGenerator strategy [increment] -> [org.hibernate.id.IncrementGenerator]
2023-11-20T11:27:30.681+09:00 DEBUG 18536 --- [    Test worker] org.hibernate.orm.idgen.factory          : Registering IdentifierGenerator strategy [foreign] -> [org.hibernate.id.ForeignGenerator]
2023-11-20T11:27:30.682+09:00 DEBUG 18536 --- [    Test worker] org.hibernate.orm.idgen.factory          : Registering IdentifierGenerator strategy [enhanced-sequence] -> [org.hibernate.id.enhanced.SequenceStyleGenerator]
2023-11-20T11:27:30.684+09:00 DEBUG 18536 --- [    Test worker] org.hibernate.orm.idgen.factory          : Registering IdentifierGenerator strategy [enhanced-table] -> [org.hibernate.id.enhanced.TableGenerator]
2023-11-20T11:27:30.702+09:00 DEBUG 18536 --- [    Test worker] o.h.c.internal.RegionFactoryInitiator    : Cannot default RegionFactory based on registered strategies as `[]` RegionFactory strategies were registered
2023-11-20T11:27:30.705+09:00 DEBUG 18536 --- [    Test worker] o.h.c.internal.RegionFactoryInitiator    : Cache region factory : org.hibernate.cache.internal.NoCachingRegionFactory
2023-11-20T11:27:30.847+09:00 DEBUG 18536 --- [    Test worker] org.hibernate.type.BasicTypeRegistry     : Adding type registration boolean -> org.hibernate.type.BasicTypeReference@2484dbb7
2023-11-20T11:27:30.848+09:00 DEBUG 18536 --- [    Test worker] org.hibernate.type.BasicTypeRegistry     : Adding type registration boolean -> org.hibernate.type.BasicTypeReference@2484dbb7
2023-11-20T11:27:30.848+09:00 DEBUG 18536 --- [    Test worker] org.hibernate.type.BasicTypeRegistry     : Adding type registration java.lang.Boolean -> org.hibernate.type.BasicTypeReference@2484dbb7
2023-11-20T11:27:30.848+09:00 DEBUG 18536 --- [    Test worker] org.hibernate.type.BasicTypeRegistry     : Adding type registration numeric_boolean -> org.hibernate.type.BasicTypeReference@111cba40
2023-11-20T11:27:30.848+09:00 DEBUG 18536 --- [    Test worker] org.hibernate.type.BasicTypeRegistry     : Adding type registration org.hibernate.type.NumericBooleanConverter -> org.hibernate.type.BasicTypeReference@111cba40
2023-11-20T11:27:30.848+09:00 DEBUG 18536 --- [    Test worker] org.hibernate.type.BasicTypeRegistry     : Adding type registration true_false -> org.hibernate.type.BasicTypeReference@48e41b5d
2023-11-20T11:27:30.848+09:00 DEBUG 18536 --- [    Test worker] org.hibernate.type.BasicTypeRegistry     : Adding type registration org.hibernate.type.TrueFalseConverter -> org.hibernate.type.BasicTypeReference@48e41b5d
2023-11-20T11:27:30.848+09:00 DEBUG 18536 --- [    Test worker] org.hibernate.type.BasicTypeRegistry     : Adding type registration yes_no -> org.hibernate.type.BasicTypeReference@51e8d066
2023-11-20T11:27:30.848+09:00 DEBUG 18536 --- [    Test worker] org.hibernate.type.BasicTypeRegistry     : Adding type registration org.hibernate.type.YesNoConverter -> org.hibernate.type.BasicTypeReference@51e8d066
2023-11-20T11:27:30.848+09:00 DEBUG 18536 --- [    Test worker] org.hibernate.type.BasicTypeRegistry     : Adding type registration byte -> org.hibernate.type.BasicTypeReference@5333f08f
2023-11-20T11:27:30.850+09:00 DEBUG 18536 --- [    Test worker] org.hibernate.type.BasicTypeRegistry     : Adding type registration byte -> org.hibernate.type.BasicTypeReference@5333f08f
2023-11-20T11:27:30.850+09:00 DEBUG 18536 --- [    Test worker] org.hibernate.type.BasicTypeRegistry     : Adding type registration java.lang.Byte -> org.hibernate.type.BasicTypeReference@5333f08f
2023-11-20T11:27:30.850+09:00 DEBUG 18536 --- [    Test worker] org.hibernate.type.BasicTypeRegistry     : Adding type registration binary -> org.hibernate.type.BasicTypeReference@27898e13
2023-11-20T11:27:30.850+09:00 DEBUG 18536 --- [    Test worker] org.hibernate.type.BasicTypeRegistry     : Adding type registration byte[] -> org.hibernate.type.BasicTypeReference@27898e13
2023-11-20T11:27:30.850+09:00 DEBUG 18536 --- [    Test worker] org.hibernate.type.BasicTypeRegistry     : Adding type registration [B -> org.hibernate.type.BasicTypeReference@27898e13
2023-11-20T11:27:30.850+09:00 DEBUG 18536 --- [    Test worker] org.hibernate.type.BasicTypeRegistry     : Adding type registration binary_wrapper -> org.hibernate.type.BasicTypeReference@4f5f474c
2023-11-20T11:27:30.850+09:00 DEBUG 18536 --- [    Test worker] org.hibernate.type.BasicTypeRegistry     : Adding type registration wrapper-binary -> org.hibernate.type.BasicTypeReference@4f5f474c
2023-11-20T11:27:30.851+09:00 DEBUG 18536 --- [    Test worker] org.hibernate.type.BasicTypeRegistry     : Adding type registration image -> org.hibernate.type.BasicTypeReference@58a3d521
2023-11-20T11:27:30.851+09:00 DEBUG 18536 --- [    Test worker] org.hibernate.type.BasicTypeRegistry     : Adding type registration blob -> org.hibernate.type.BasicTypeReference@14d8e132
2023-11-20T11:27:30.851+09:00 DEBUG 18536 --- [    Test worker] org.hibernate.type.BasicTypeRegistry     : Adding type registration java.sql.Blob -> org.hibernate.type.BasicTypeReference@14d8e132
2023-11-20T11:27:30.851+09:00 DEBUG 18536 --- [    Test worker] org.hibernate.type.BasicTypeRegistry     : Adding type registration materialized_blob -> org.hibernate.type.BasicTypeReference@7f4a1cac
2023-11-20T11:27:30.851+09:00 DEBUG 18536 --- [    Test worker] org.hibernate.type.BasicTypeRegistry     : Adding type registration materialized_blob_wrapper -> org.hibernate.type.BasicTypeReference@4a1a412e
2023-11-20T11:27:30.851+09:00 DEBUG 18536 --- [    Test worker] org.hibernate.type.BasicTypeRegistry     : Adding type registration short -> org.hibernate.type.BasicTypeReference@c568f91
2023-11-20T11:27:30.852+09:00 DEBUG 18536 --- [    Test worker] org.hibernate.type.BasicTypeRegistry     : Adding type registration short -> org.hibernate.type.BasicTypeReference@c568f91
2023-11-20T11:27:30.852+09:00 DEBUG 18536 --- [    Test worker] org.hibernate.type.BasicTypeRegistry     : Adding type registration java.lang.Short -> org.hibernate.type.BasicTypeReference@c568f91
2023-11-20T11:27:30.852+09:00 DEBUG 18536 --- [    Test worker] org.hibernate.type.BasicTypeRegistry     : Adding type registration integer -> org.hibernate.type.BasicTypeReference@5fd43e58
2023-11-20T11:27:30.852+09:00 DEBUG 18536 --- [    Test worker] org.hibernate.type.BasicTypeRegistry     : Adding type registration int -> org.hibernate.type.BasicTypeReference@5fd43e58
2023-11-20T11:27:30.852+09:00 DEBUG 18536 --- [    Test worker] org.hibernate.type.BasicTypeRegistry     : Adding type registration java.lang.Integer -> org.hibernate.type.BasicTypeReference@5fd43e58
2023-11-20T11:27:30.853+09:00 DEBUG 18536 --- [    Test worker] org.hibernate.type.BasicTypeRegistry     : Adding type registration long -> org.hibernate.type.BasicTypeReference@70d4f672
2023-11-20T11:27:30.853+09:00 DEBUG 18536 --- [    Test worker] org.hibernate.type.BasicTypeRegistry     : Adding type registration long -> org.hibernate.type.BasicTypeReference@70d4f672
2023-11-20T11:27:30.853+09:00 DEBUG 18536 --- [    Test worker] org.hibernate.type.BasicTypeRegistry     : Adding type registration java.lang.Long -> org.hibernate.type.BasicTypeReference@70d4f672
2023-11-20T11:27:30.853+09:00 DEBUG 18536 --- [    Test worker] org.hibernate.type.BasicTypeRegistry     : Adding type registration float -> org.hibernate.type.BasicTypeReference@68dfda77
2023-11-20T11:27:30.854+09:00 DEBUG 18536 --- [    Test worker] org.hibernate.type.BasicTypeRegistry     : Adding type registration float -> org.hibernate.type.BasicTypeReference@68dfda77
2023-11-20T11:27:30.854+09:00 DEBUG 18536 --- [    Test worker] org.hibernate.type.BasicTypeRegistry     : Adding type registration java.lang.Float -> org.hibernate.type.BasicTypeReference@68dfda77
2023-11-20T11:27:30.854+09:00 DEBUG 18536 --- [    Test worker] org.hibernate.type.BasicTypeRegistry     : Adding type registration double -> org.hibernate.type.BasicTypeReference@50cdfafa
2023-11-20T11:27:30.854+09:00 DEBUG 18536 --- [    Test worker] org.hibernate.type.BasicTypeRegistry     : Adding type registration double -> org.hibernate.type.BasicTypeReference@50cdfafa
2023-11-20T11:27:30.855+09:00 DEBUG 18536 --- [    Test worker] org.hibernate.type.BasicTypeRegistry     : Adding type registration java.lang.Double -> org.hibernate.type.BasicTypeReference@50cdfafa
2023-11-20T11:27:30.855+09:00 DEBUG 18536 --- [    Test worker] org.hibernate.type.BasicTypeRegistry     : Adding type registration big_integer -> org.hibernate.type.BasicTypeReference@2e952845
2023-11-20T11:27:30.855+09:00 DEBUG 18536 --- [    Test worker] org.hibernate.type.BasicTypeRegistry     : Adding type registration java.math.BigInteger -> org.hibernate.type.BasicTypeReference@2e952845
2023-11-20T11:27:30.855+09:00 DEBUG 18536 --- [    Test worker] org.hibernate.type.BasicTypeRegistry     : Adding type registration big_decimal -> org.hibernate.type.BasicTypeReference@79252c83
2023-11-20T11:27:30.855+09:00 DEBUG 18536 --- [    Test worker] org.hibernate.type.BasicTypeRegistry     : Adding type registration java.math.BigDecimal -> org.hibernate.type.BasicTypeReference@79252c83
2023-11-20T11:27:30.856+09:00 DEBUG 18536 --- [    Test worker] org.hibernate.type.BasicTypeRegistry     : Adding type registration character -> org.hibernate.type.BasicTypeReference@6fbf5db2
2023-11-20T11:27:30.856+09:00 DEBUG 18536 --- [    Test worker] org.hibernate.type.BasicTypeRegistry     : Adding type registration char -> org.hibernate.type.BasicTypeReference@6fbf5db2
2023-11-20T11:27:30.856+09:00 DEBUG 18536 --- [    Test worker] org.hibernate.type.BasicTypeRegistry     : Adding type registration java.lang.Character -> org.hibernate.type.BasicTypeReference@6fbf5db2
2023-11-20T11:27:30.856+09:00 DEBUG 18536 --- [    Test worker] org.hibernate.type.BasicTypeRegistry     : Adding type registration character_nchar -> org.hibernate.type.BasicTypeReference@509a6095
2023-11-20T11:27:30.856+09:00 DEBUG 18536 --- [    Test worker] org.hibernate.type.BasicTypeRegistry     : Adding type registration string -> org.hibernate.type.BasicTypeReference@57cabdc3
2023-11-20T11:27:30.857+09:00 DEBUG 18536 --- [    Test worker] org.hibernate.type.BasicTypeRegistry     : Adding type registration java.lang.String -> org.hibernate.type.BasicTypeReference@57cabdc3
2023-11-20T11:27:30.857+09:00 DEBUG 18536 --- [    Test worker] org.hibernate.type.BasicTypeRegistry     : Adding type registration nstring -> org.hibernate.type.BasicTypeReference@75bd28d
2023-11-20T11:27:30.857+09:00 DEBUG 18536 --- [    Test worker] org.hibernate.type.BasicTypeRegistry     : Adding type registration characters -> org.hibernate.type.BasicTypeReference@129c4d19
2023-11-20T11:27:30.857+09:00 DEBUG 18536 --- [    Test worker] org.hibernate.type.BasicTypeRegistry     : Adding type registration char[] -> org.hibernate.type.BasicTypeReference@129c4d19
2023-11-20T11:27:30.857+09:00 DEBUG 18536 --- [    Test worker] org.hibernate.type.BasicTypeRegistry     : Adding type registration [C -> org.hibernate.type.BasicTypeReference@129c4d19
2023-11-20T11:27:30.858+09:00 DEBUG 18536 --- [    Test worker] org.hibernate.type.BasicTypeRegistry     : Adding type registration wrapper-characters -> org.hibernate.type.BasicTypeReference@11810917
2023-11-20T11:27:30.858+09:00 DEBUG 18536 --- [    Test worker] org.hibernate.type.BasicTypeRegistry     : Adding type registration text -> org.hibernate.type.BasicTypeReference@13278a41
2023-11-20T11:27:30.858+09:00 DEBUG 18536 --- [    Test worker] org.hibernate.type.BasicTypeRegistry     : Adding type registration ntext -> org.hibernate.type.BasicTypeReference@4a31ed12
2023-11-20T11:27:30.858+09:00 DEBUG 18536 --- [    Test worker] org.hibernate.type.BasicTypeRegistry     : Adding type registration clob -> org.hibernate.type.BasicTypeReference@3ab595c8
2023-11-20T11:27:30.858+09:00 DEBUG 18536 --- [    Test worker] org.hibernate.type.BasicTypeRegistry     : Adding type registration java.sql.Clob -> org.hibernate.type.BasicTypeReference@3ab595c8
2023-11-20T11:27:30.859+09:00 DEBUG 18536 --- [    Test worker] org.hibernate.type.BasicTypeRegistry     : Adding type registration nclob -> org.hibernate.type.BasicTypeReference@2365ea38
2023-11-20T11:27:30.859+09:00 DEBUG 18536 --- [    Test worker] org.hibernate.type.BasicTypeRegistry     : Adding type registration java.sql.NClob -> org.hibernate.type.BasicTypeReference@2365ea38
2023-11-20T11:27:30.859+09:00 DEBUG 18536 --- [    Test worker] org.hibernate.type.BasicTypeRegistry     : Adding type registration materialized_clob -> org.hibernate.type.BasicTypeReference@cbf1997
2023-11-20T11:27:30.859+09:00 DEBUG 18536 --- [    Test worker] org.hibernate.type.BasicTypeRegistry     : Adding type registration materialized_clob_char_array -> org.hibernate.type.BasicTypeReference@49232c6f
2023-11-20T11:27:30.859+09:00 DEBUG 18536 --- [    Test worker] org.hibernate.type.BasicTypeRegistry     : Adding type registration materialized_clob_character_array -> org.hibernate.type.BasicTypeReference@5faeeb56
2023-11-20T11:27:30.859+09:00 DEBUG 18536 --- [    Test worker] org.hibernate.type.BasicTypeRegistry     : Adding type registration materialized_nclob -> org.hibernate.type.BasicTypeReference@5396eeb1
2023-11-20T11:27:30.859+09:00 DEBUG 18536 --- [    Test worker] org.hibernate.type.BasicTypeRegistry     : Adding type registration materialized_nclob_character_array -> org.hibernate.type.BasicTypeReference@279126f5
2023-11-20T11:27:30.859+09:00 DEBUG 18536 --- [    Test worker] org.hibernate.type.BasicTypeRegistry     : Adding type registration materialized_nclob_char_array -> org.hibernate.type.BasicTypeReference@7781263c
2023-11-20T11:27:30.860+09:00 DEBUG 18536 --- [    Test worker] org.hibernate.type.BasicTypeRegistry     : Adding type registration Duration -> org.hibernate.type.BasicTypeReference@5fdd97c1
2023-11-20T11:27:30.860+09:00 DEBUG 18536 --- [    Test worker] org.hibernate.type.BasicTypeRegistry     : Adding type registration java.time.Duration -> org.hibernate.type.BasicTypeReference@5fdd97c1
2023-11-20T11:27:30.860+09:00 DEBUG 18536 --- [    Test worker] org.hibernate.type.BasicTypeRegistry     : Adding type registration LocalDateTime -> org.hibernate.type.BasicTypeReference@3b5a19ed
2023-11-20T11:27:30.860+09:00 DEBUG 18536 --- [    Test worker] org.hibernate.type.BasicTypeRegistry     : Adding type registration java.time.LocalDateTime -> org.hibernate.type.BasicTypeReference@3b5a19ed
2023-11-20T11:27:30.861+09:00 DEBUG 18536 --- [    Test worker] org.hibernate.type.BasicTypeRegistry     : Adding type registration LocalDate -> org.hibernate.type.BasicTypeReference@15d236fd
2023-11-20T11:27:30.861+09:00 DEBUG 18536 --- [    Test worker] org.hibernate.type.BasicTypeRegistry     : Adding type registration java.time.LocalDate -> org.hibernate.type.BasicTypeReference@15d236fd
2023-11-20T11:27:30.861+09:00 DEBUG 18536 --- [    Test worker] org.hibernate.type.BasicTypeRegistry     : Adding type registration LocalTime -> org.hibernate.type.BasicTypeReference@6b9c42bd
2023-11-20T11:27:30.861+09:00 DEBUG 18536 --- [    Test worker] org.hibernate.type.BasicTypeRegistry     : Adding type registration java.time.LocalTime -> org.hibernate.type.BasicTypeReference@6b9c42bd
2023-11-20T11:27:30.861+09:00 DEBUG 18536 --- [    Test worker] org.hibernate.type.BasicTypeRegistry     : Adding type registration OffsetDateTime -> org.hibernate.type.BasicTypeReference@584ca390
2023-11-20T11:27:30.862+09:00 DEBUG 18536 --- [    Test worker] org.hibernate.type.BasicTypeRegistry     : Adding type registration java.time.OffsetDateTime -> org.hibernate.type.BasicTypeReference@584ca390
2023-11-20T11:27:30.862+09:00 DEBUG 18536 --- [    Test worker] org.hibernate.type.BasicTypeRegistry     : Adding type registration OffsetDateTimeWithTimezone -> org.hibernate.type.BasicTypeReference@33324c05
2023-11-20T11:27:30.862+09:00 DEBUG 18536 --- [    Test worker] org.hibernate.type.BasicTypeRegistry     : Adding type registration OffsetDateTimeWithoutTimezone -> org.hibernate.type.BasicTypeReference@37d3e140
2023-11-20T11:27:30.862+09:00 DEBUG 18536 --- [    Test worker] org.hibernate.type.BasicTypeRegistry     : Adding type registration OffsetTime -> org.hibernate.type.BasicTypeReference@3e53c4ad
2023-11-20T11:27:30.862+09:00 DEBUG 18536 --- [    Test worker] org.hibernate.type.BasicTypeRegistry     : Adding type registration java.time.OffsetTime -> org.hibernate.type.BasicTypeReference@3e53c4ad
2023-11-20T11:27:30.862+09:00 DEBUG 18536 --- [    Test worker] org.hibernate.type.BasicTypeRegistry     : Adding type registration OffsetTimeUtc -> org.hibernate.type.BasicTypeReference@33eb0d4
2023-11-20T11:27:30.862+09:00 DEBUG 18536 --- [    Test worker] org.hibernate.type.BasicTypeRegistry     : Adding type registration OffsetTimeWithTimezone -> org.hibernate.type.BasicTypeReference@224d86d2
2023-11-20T11:27:30.864+09:00 DEBUG 18536 --- [    Test worker] org.hibernate.type.BasicTypeRegistry     : Adding type registration OffsetTimeWithoutTimezone -> org.hibernate.type.BasicTypeReference@a3cba3a
2023-11-20T11:27:30.864+09:00 DEBUG 18536 --- [    Test worker] org.hibernate.type.BasicTypeRegistry     : Adding type registration ZonedDateTime -> org.hibernate.type.BasicTypeReference@2aea717c
2023-11-20T11:27:30.864+09:00 DEBUG 18536 --- [    Test worker] org.hibernate.type.BasicTypeRegistry     : Adding type registration java.time.ZonedDateTime -> org.hibernate.type.BasicTypeReference@2aea717c
2023-11-20T11:27:30.864+09:00 DEBUG 18536 --- [    Test worker] org.hibernate.type.BasicTypeRegistry     : Adding type registration ZonedDateTimeWithTimezone -> org.hibernate.type.BasicTypeReference@5ca4dce5
2023-11-20T11:27:30.864+09:00 DEBUG 18536 --- [    Test worker] org.hibernate.type.BasicTypeRegistry     : Adding type registration ZonedDateTimeWithoutTimezone -> org.hibernate.type.BasicTypeReference@1291aab5
2023-11-20T11:27:30.864+09:00 DEBUG 18536 --- [    Test worker] org.hibernate.type.BasicTypeRegistry     : Adding type registration date -> org.hibernate.type.BasicTypeReference@7d133fb7
2023-11-20T11:27:30.865+09:00 DEBUG 18536 --- [    Test worker] org.hibernate.type.BasicTypeRegistry     : Adding type registration java.sql.Date -> org.hibernate.type.BasicTypeReference@7d133fb7
2023-11-20T11:27:30.865+09:00 DEBUG 18536 --- [    Test worker] org.hibernate.type.BasicTypeRegistry     : Adding type registration time -> org.hibernate.type.BasicTypeReference@40bd0f8
2023-11-20T11:27:30.865+09:00 DEBUG 18536 --- [    Test worker] org.hibernate.type.BasicTypeRegistry     : Adding type registration java.sql.Time -> org.hibernate.type.BasicTypeReference@40bd0f8
2023-11-20T11:27:30.865+09:00 DEBUG 18536 --- [    Test worker] org.hibernate.type.BasicTypeRegistry     : Adding type registration timestamp -> org.hibernate.type.BasicTypeReference@7eb27768
2023-11-20T11:27:30.865+09:00 DEBUG 18536 --- [    Test worker] org.hibernate.type.BasicTypeRegistry     : Adding type registration java.sql.Timestamp -> org.hibernate.type.BasicTypeReference@7eb27768
2023-11-20T11:27:30.865+09:00 DEBUG 18536 --- [    Test worker] org.hibernate.type.BasicTypeRegistry     : Adding type registration java.util.Date -> org.hibernate.type.BasicTypeReference@7eb27768
2023-11-20T11:27:30.866+09:00 DEBUG 18536 --- [    Test worker] org.hibernate.type.BasicTypeRegistry     : Adding type registration calendar -> org.hibernate.type.BasicTypeReference@6169be09
2023-11-20T11:27:30.866+09:00 DEBUG 18536 --- [    Test worker] org.hibernate.type.BasicTypeRegistry     : Adding type registration java.util.Calendar -> org.hibernate.type.BasicTypeReference@6169be09
2023-11-20T11:27:30.866+09:00 DEBUG 18536 --- [    Test worker] org.hibernate.type.BasicTypeRegistry     : Adding type registration java.util.GregorianCalendar -> org.hibernate.type.BasicTypeReference@6169be09
2023-11-20T11:27:30.866+09:00 DEBUG 18536 --- [    Test worker] org.hibernate.type.BasicTypeRegistry     : Adding type registration calendar_date -> org.hibernate.type.BasicTypeReference@5e3db14
2023-11-20T11:27:30.866+09:00 DEBUG 18536 --- [    Test worker] org.hibernate.type.BasicTypeRegistry     : Adding type registration calendar_time -> org.hibernate.type.BasicTypeReference@5fb54740
2023-11-20T11:27:30.866+09:00 DEBUG 18536 --- [    Test worker] org.hibernate.type.BasicTypeRegistry     : Adding type registration instant -> org.hibernate.type.BasicTypeReference@325162e9
2023-11-20T11:27:30.866+09:00 DEBUG 18536 --- [    Test worker] org.hibernate.type.BasicTypeRegistry     : Adding type registration java.time.Instant -> org.hibernate.type.BasicTypeReference@325162e9
2023-11-20T11:27:30.867+09:00 DEBUG 18536 --- [    Test worker] org.hibernate.type.BasicTypeRegistry     : Adding type registration uuid -> org.hibernate.type.BasicTypeReference@1ee40b5c
2023-11-20T11:27:30.867+09:00 DEBUG 18536 --- [    Test worker] org.hibernate.type.BasicTypeRegistry     : Adding type registration java.util.UUID -> org.hibernate.type.BasicTypeReference@1ee40b5c
2023-11-20T11:27:30.867+09:00 DEBUG 18536 --- [    Test worker] org.hibernate.type.BasicTypeRegistry     : Adding type registration pg-uuid -> org.hibernate.type.BasicTypeReference@1ee40b5c
2023-11-20T11:27:30.867+09:00 DEBUG 18536 --- [    Test worker] org.hibernate.type.BasicTypeRegistry     : Adding type registration uuid-binary -> org.hibernate.type.BasicTypeReference@5c448ef
2023-11-20T11:27:30.867+09:00 DEBUG 18536 --- [    Test worker] org.hibernate.type.BasicTypeRegistry     : Adding type registration uuid-char -> org.hibernate.type.BasicTypeReference@703e8050
2023-11-20T11:27:30.867+09:00 DEBUG 18536 --- [    Test worker] org.hibernate.type.BasicTypeRegistry     : Adding type registration class -> org.hibernate.type.BasicTypeReference@49c1e294
2023-11-20T11:27:30.867+09:00 DEBUG 18536 --- [    Test worker] org.hibernate.type.BasicTypeRegistry     : Adding type registration java.lang.Class -> org.hibernate.type.BasicTypeReference@49c1e294
2023-11-20T11:27:30.868+09:00 DEBUG 18536 --- [    Test worker] org.hibernate.type.BasicTypeRegistry     : Adding type registration currency -> org.hibernate.type.BasicTypeReference@7741ae1b
2023-11-20T11:27:30.868+09:00 DEBUG 18536 --- [    Test worker] org.hibernate.type.BasicTypeRegistry     : Adding type registration Currency -> org.hibernate.type.BasicTypeReference@7741ae1b
2023-11-20T11:27:30.868+09:00 DEBUG 18536 --- [    Test worker] org.hibernate.type.BasicTypeRegistry     : Adding type registration java.util.Currency -> org.hibernate.type.BasicTypeReference@7741ae1b
2023-11-20T11:27:30.868+09:00 DEBUG 18536 --- [    Test worker] org.hibernate.type.BasicTypeRegistry     : Adding type registration locale -> org.hibernate.type.BasicTypeReference@50e5032c
2023-11-20T11:27:30.868+09:00 DEBUG 18536 --- [    Test worker] org.hibernate.type.BasicTypeRegistry     : Adding type registration java.util.Locale -> org.hibernate.type.BasicTypeReference@50e5032c
2023-11-20T11:27:30.869+09:00 DEBUG 18536 --- [    Test worker] org.hibernate.type.BasicTypeRegistry     : Adding type registration serializable -> org.hibernate.type.BasicTypeReference@545d2560
2023-11-20T11:27:30.869+09:00 DEBUG 18536 --- [    Test worker] org.hibernate.type.BasicTypeRegistry     : Adding type registration java.io.Serializable -> org.hibernate.type.BasicTypeReference@545d2560
2023-11-20T11:27:30.869+09:00 DEBUG 18536 --- [    Test worker] org.hibernate.type.BasicTypeRegistry     : Adding type registration timezone -> org.hibernate.type.BasicTypeReference@124eb83d
2023-11-20T11:27:30.869+09:00 DEBUG 18536 --- [    Test worker] org.hibernate.type.BasicTypeRegistry     : Adding type registration java.util.TimeZone -> org.hibernate.type.BasicTypeReference@124eb83d
2023-11-20T11:27:30.869+09:00 DEBUG 18536 --- [    Test worker] org.hibernate.type.BasicTypeRegistry     : Adding type registration ZoneOffset -> org.hibernate.type.BasicTypeReference@6885ed19
2023-11-20T11:27:30.869+09:00 DEBUG 18536 --- [    Test worker] org.hibernate.type.BasicTypeRegistry     : Adding type registration java.time.ZoneOffset -> org.hibernate.type.BasicTypeReference@6885ed19
2023-11-20T11:27:30.869+09:00 DEBUG 18536 --- [    Test worker] org.hibernate.type.BasicTypeRegistry     : Adding type registration url -> org.hibernate.type.BasicTypeReference@10817f46
2023-11-20T11:27:30.869+09:00 DEBUG 18536 --- [    Test worker] org.hibernate.type.BasicTypeRegistry     : Adding type registration java.net.URL -> org.hibernate.type.BasicTypeReference@10817f46
2023-11-20T11:27:30.870+09:00 DEBUG 18536 --- [    Test worker] org.hibernate.type.BasicTypeRegistry     : Adding type registration row_version -> org.hibernate.type.BasicTypeReference@2d4a3e13
2023-11-20T11:27:30.881+09:00 DEBUG 18536 --- [    Test worker] org.hibernate.type.BasicTypeRegistry     : Adding type registration object -> org.hibernate.type.JavaObjectType@54f6b629
2023-11-20T11:27:30.882+09:00 DEBUG 18536 --- [    Test worker] org.hibernate.type.BasicTypeRegistry     : Adding type registration java.lang.Object -> org.hibernate.type.JavaObjectType@54f6b629
2023-11-20T11:27:30.883+09:00 DEBUG 18536 --- [    Test worker] org.hibernate.type.BasicTypeRegistry     : Adding type registration null -> org.hibernate.type.NullType@340afaf8
2023-11-20T11:27:30.884+09:00 DEBUG 18536 --- [    Test worker] org.hibernate.type.BasicTypeRegistry     : Adding type registration imm_date -> org.hibernate.type.BasicTypeReference@6238d5e0
2023-11-20T11:27:30.884+09:00 DEBUG 18536 --- [    Test worker] org.hibernate.type.BasicTypeRegistry     : Adding type registration imm_time -> org.hibernate.type.BasicTypeReference@336f49a1
2023-11-20T11:27:30.884+09:00 DEBUG 18536 --- [    Test worker] org.hibernate.type.BasicTypeRegistry     : Adding type registration imm_timestamp -> org.hibernate.type.BasicTypeReference@2c8b8de0
2023-11-20T11:27:30.884+09:00 DEBUG 18536 --- [    Test worker] org.hibernate.type.BasicTypeRegistry     : Adding type registration imm_calendar -> org.hibernate.type.BasicTypeReference@4fb57fb3
2023-11-20T11:27:30.884+09:00 DEBUG 18536 --- [    Test worker] org.hibernate.type.BasicTypeRegistry     : Adding type registration imm_calendar_date -> org.hibernate.type.BasicTypeReference@6b063470
2023-11-20T11:27:30.884+09:00 DEBUG 18536 --- [    Test worker] org.hibernate.type.BasicTypeRegistry     : Adding type registration imm_calendar_time -> org.hibernate.type.BasicTypeReference@226d5af0
2023-11-20T11:27:30.884+09:00 DEBUG 18536 --- [    Test worker] org.hibernate.type.BasicTypeRegistry     : Adding type registration imm_binary -> org.hibernate.type.BasicTypeReference@527937d0
2023-11-20T11:27:30.885+09:00 DEBUG 18536 --- [    Test worker] org.hibernate.type.BasicTypeRegistry     : Adding type registration imm_serializable -> org.hibernate.type.BasicTypeReference@36d582cb
2023-11-20T11:27:30.891+09:00 DEBUG 18536 --- [    Test worker] o.h.boot.internal.BootstrapContextImpl   : Injecting JPA temp ClassLoader [org.springframework.instrument.classloading.SimpleThrowawayClassLoader@4b4969ea] into BootstrapContext; was [null]
2023-11-20T11:27:30.892+09:00 DEBUG 18536 --- [    Test worker] o.h.boot.internal.ClassLoaderAccessImpl  : ClassLoaderAccessImpl#injectTempClassLoader(org.springframework.instrument.classloading.SimpleThrowawayClassLoader@4b4969ea) [was null]
2023-11-20T11:27:30.894+09:00 DEBUG 18536 --- [    Test worker] o.h.boot.internal.BootstrapContextImpl   : Injecting ScanEnvironment [org.hibernate.jpa.boot.internal.StandardJpaScanEnvironmentImpl@34c62fdf] into BootstrapContext; was [null]
2023-11-20T11:27:30.894+09:00 DEBUG 18536 --- [    Test worker] o.h.boot.internal.BootstrapContextImpl   : Injecting ScanOptions [org.hibernate.boot.archive.scan.internal.StandardScanOptions@3de79067] into BootstrapContext; was [org.hibernate.boot.archive.scan.internal.StandardScanOptions@1eb85a47]
2023-11-20T11:27:30.918+09:00 DEBUG 18536 --- [    Test worker] o.h.b.i.BytecodeProviderInitiator        : HHH000021: Bytecode provider name : bytebuddy
2023-11-20T11:27:31.099+09:00  INFO 18536 --- [    Test worker] o.s.o.j.p.SpringPersistenceUnitInfo      : No LoadTimeWeaver setup: ignoring JPA class transformer
2023-11-20T11:27:31.099+09:00 DEBUG 18536 --- [    Test worker] o.h.boot.internal.BootstrapContextImpl   : Injecting JPA temp ClassLoader [null] into BootstrapContext; was [org.springframework.instrument.classloading.SimpleThrowawayClassLoader@4b4969ea]
2023-11-20T11:27:31.099+09:00 DEBUG 18536 --- [    Test worker] o.h.boot.internal.ClassLoaderAccessImpl  : ClassLoaderAccessImpl#injectTempClassLoader(null) [was org.springframework.instrument.classloading.SimpleThrowawayClassLoader@4b4969ea]
2023-11-20T11:27:31.133+09:00 DEBUG 18536 --- [    Test worker] o.h.e.j.e.i.JdbcEnvironmentInitiator     : Database ->
       name : MySQL
    version : 8.0.32
      major : 8
      minor : 0
2023-11-20T11:27:31.133+09:00 DEBUG 18536 --- [    Test worker] o.h.e.j.e.i.JdbcEnvironmentInitiator     : Driver ->
       name : MySQL Connector/J
    version : mysql-connector-j-8.0.33 (Revision: 7d6b0800528b6b25c68b52dc10d6c1c8429c100c)
      major : 8
      minor : 0
2023-11-20T11:27:31.133+09:00 DEBUG 18536 --- [    Test worker] o.h.e.j.e.i.JdbcEnvironmentInitiator     : JDBC version : 4.2
2023-11-20T11:27:31.207+09:00  WARN 18536 --- [    Test worker] org.hibernate.orm.deprecation            : HHH90000025: MySQLDialect does not need to be specified explicitly using 'hibernate.dialect' (remove the property setting and it will be selected by default)
2023-11-20T11:27:31.208+09:00 DEBUG 18536 --- [    Test worker] org.hibernate.orm.dialect                : HHH035001: Using dialect: org.hibernate.dialect.MySQLDialect, version: 8.0.32
2023-11-20T11:27:31.216+09:00 DEBUG 18536 --- [    Test worker] o.h.e.j.env.spi.IdentifierHelperBuilder  : JDBC driver metadata reported database stores quoted identifiers in more than one case
2023-11-20T11:27:31.216+09:00 DEBUG 18536 --- [    Test worker] o.h.e.j.env.spi.IdentifierHelperBuilder  : IdentifierCaseStrategy for both quoted and unquoted identifiers was set to the same strategy [LOWER]; that will likely lead to problems in schema update and validation if using quoted identifiers
2023-11-20T11:27:31.233+09:00 DEBUG 18536 --- [    Test worker] o.h.t.d.sql.spi.DdlTypeRegistry          : addDescriptor(12, org.hibernate.type.descriptor.sql.internal.CapacityDependentDdlType@7fd751de) replaced previous registration(org.hibernate.type.descriptor.sql.internal.CapacityDependentDdlType@e162a35)
2023-11-20T11:27:31.234+09:00 DEBUG 18536 --- [    Test worker] o.h.t.d.sql.spi.DdlTypeRegistry          : addDescriptor(-9, org.hibernate.type.descriptor.sql.internal.CapacityDependentDdlType@1124910c) replaced previous registration(org.hibernate.type.descriptor.sql.internal.CapacityDependentDdlType@f849027)
2023-11-20T11:27:31.234+09:00 DEBUG 18536 --- [    Test worker] o.h.t.d.sql.spi.DdlTypeRegistry          : addDescriptor(-3, org.hibernate.type.descriptor.sql.internal.CapacityDependentDdlType@4a9869a8) replaced previous registration(org.hibernate.type.descriptor.sql.internal.CapacityDependentDdlType@75e0a54c)
2023-11-20T11:27:31.234+09:00 DEBUG 18536 --- [    Test worker] o.h.t.d.sql.spi.DdlTypeRegistry          : addDescriptor(4003, org.hibernate.type.descriptor.sql.internal.DdlTypeImpl@40f9f60d) replaced previous registration(org.hibernate.type.descriptor.sql.internal.DdlTypeImpl@6bd7439d)
2023-11-20T11:27:31.236+09:00 DEBUG 18536 --- [    Test worker] o.h.t.d.sql.spi.DdlTypeRegistry          : addDescriptor(4001, org.hibernate.type.descriptor.sql.internal.DdlTypeImpl@628ba266) replaced previous registration(org.hibernate.type.descriptor.sql.internal.DdlTypeImpl@1231a1be)
2023-11-20T11:27:31.236+09:00 DEBUG 18536 --- [    Test worker] o.h.t.d.sql.spi.DdlTypeRegistry          : addDescriptor(4002, org.hibernate.type.descriptor.sql.internal.DdlTypeImpl@1d77746b) replaced previous registration(org.hibernate.type.descriptor.sql.internal.DdlTypeImpl@4ced17f3)
2023-11-20T11:27:31.236+09:00 DEBUG 18536 --- [    Test worker] o.h.t.d.sql.spi.DdlTypeRegistry          : addDescriptor(2004, org.hibernate.type.descriptor.sql.internal.CapacityDependentDdlType@734a149a) replaced previous registration(org.hibernate.type.descriptor.sql.internal.DdlTypeImpl@6ce9771c)
2023-11-20T11:27:31.236+09:00 DEBUG 18536 --- [    Test worker] o.h.t.d.sql.spi.DdlTypeRegistry          : addDescriptor(2005, org.hibernate.type.descriptor.sql.internal.CapacityDependentDdlType@4a9b92c6) replaced previous registration(org.hibernate.type.descriptor.sql.internal.DdlTypeImpl@6eed46e9)
2023-11-20T11:27:31.236+09:00 DEBUG 18536 --- [    Test worker] o.h.t.d.sql.spi.DdlTypeRegistry          : addDescriptor(2011, org.hibernate.type.descriptor.sql.internal.CapacityDependentDdlType@4d20616a) replaced previous registration(org.hibernate.type.descriptor.sql.internal.DdlTypeImpl@6ad6ae45)
2023-11-20T11:27:31.238+09:00 DEBUG 18536 --- [    Test worker] o.h.t.d.jdbc.spi.JdbcTypeRegistry        : addDescriptor(NCharTypeDescriptor) replaced previous registration(CharTypeDescriptor)
2023-11-20T11:27:31.239+09:00 DEBUG 18536 --- [    Test worker] o.h.t.d.jdbc.spi.JdbcTypeRegistry        : addDescriptor(NVarcharTypeDescriptor) replaced previous registration(VarcharTypeDescriptor)
2023-11-20T11:27:31.239+09:00 DEBUG 18536 --- [    Test worker] o.h.t.d.jdbc.spi.JdbcTypeRegistry        : addDescriptor(LongNVarcharTypeDescriptor) replaced previous registration(LongVarcharTypeDescriptor)
2023-11-20T11:27:31.242+09:00 DEBUG 18536 --- [    Test worker] o.h.t.d.jdbc.spi.JdbcTypeRegistry        : addDescriptor(NClobTypeDescriptor(DEFAULT)) replaced previous registration(ClobTypeDescriptor(DEFAULT))
2023-11-20T11:27:31.243+09:00 DEBUG 18536 --- [    Test worker] o.h.t.d.jdbc.spi.JdbcTypeRegistry        : addDescriptor(2005, ClobTypeDescriptor(STREAM_BINDING)) replaced previous registration(ClobTypeDescriptor(DEFAULT))
2023-11-20T11:27:31.247+09:00 DEBUG 18536 --- [    Test worker] org.hibernate.type.BasicTypeRegistry     : Adding type registration null -> org.hibernate.type.NullType@d49e8c6
2023-11-20T11:27:31.247+09:00 DEBUG 18536 --- [    Test worker] org.hibernate.type.BasicTypeRegistry     : Type registration key [null] overrode previous entry : `org.hibernate.type.NullType@340afaf8`
2023-11-20T11:27:31.252+09:00 DEBUG 18536 --- [    Test worker] org.hibernate.type.BasicTypeRegistry     : Adding type registration Duration -> basicType@1(java.time.Duration,2)
2023-11-20T11:27:31.253+09:00 DEBUG 18536 --- [    Test worker] org.hibernate.type.BasicTypeRegistry     : Adding type registration java.time.Duration -> basicType@1(java.time.Duration,2)
2023-11-20T11:27:31.257+09:00 DEBUG 18536 --- [    Test worker] org.hibernate.type.BasicTypeRegistry     : Adding type registration org.hibernate.type.OffsetDateTimeType -> basicType@2(java.time.OffsetDateTime,3003)
2023-11-20T11:27:31.257+09:00 DEBUG 18536 --- [    Test worker] org.hibernate.type.BasicTypeRegistry     : Adding type registration OffsetDateTime -> basicType@2(java.time.OffsetDateTime,3003)
2023-11-20T11:27:31.258+09:00 DEBUG 18536 --- [    Test worker] org.hibernate.type.BasicTypeRegistry     : Adding type registration java.time.OffsetDateTime -> basicType@2(java.time.OffsetDateTime,3003)
2023-11-20T11:27:31.258+09:00 DEBUG 18536 --- [    Test worker] org.hibernate.type.BasicTypeRegistry     : Adding type registration org.hibernate.type.ZonedDateTimeType -> basicType@3(java.time.ZonedDateTime,3003)
2023-11-20T11:27:31.258+09:00 DEBUG 18536 --- [    Test worker] org.hibernate.type.BasicTypeRegistry     : Adding type registration ZonedDateTime -> basicType@3(java.time.ZonedDateTime,3003)
2023-11-20T11:27:31.258+09:00 DEBUG 18536 --- [    Test worker] org.hibernate.type.BasicTypeRegistry     : Adding type registration java.time.ZonedDateTime -> basicType@3(java.time.ZonedDateTime,3003)
2023-11-20T11:27:31.260+09:00 DEBUG 18536 --- [    Test worker] org.hibernate.type.BasicTypeRegistry     : Adding type registration org.hibernate.type.OffsetTimeType -> basicType@4(java.time.OffsetTime,3007)
2023-11-20T11:27:31.260+09:00 DEBUG 18536 --- [    Test worker] org.hibernate.type.BasicTypeRegistry     : Adding type registration OffsetTime -> basicType@4(java.time.OffsetTime,3007)
2023-11-20T11:27:31.260+09:00 DEBUG 18536 --- [    Test worker] org.hibernate.type.BasicTypeRegistry     : Adding type registration java.time.OffsetTime -> basicType@4(java.time.OffsetTime,3007)
2023-11-20T11:27:31.261+09:00 DEBUG 18536 --- [    Test worker] o.h.type.spi.TypeConfiguration$Scope     : Scoping TypeConfiguration [org.hibernate.type.spi.TypeConfiguration@cd5ff55] to MetadataBuildingContext [org.hibernate.boot.internal.MetadataBuildingContextRootImpl@6003220a]
2023-11-20T11:27:31.295+09:00 DEBUG 18536 --- [    Test worker] o.h.boot.model.relational.Namespace      : Created database namespace [logicalName=Name{catalog=null, schema=null}, physicalName=Name{catalog=null, schema=null}]
2023-11-20T11:27:31.331+09:00 DEBUG 18536 --- [    Test worker] o.h.b.i.BytecodeProviderInitiator        : HHH000021: Bytecode provider name : bytebuddy
2023-11-20T11:27:31.353+09:00 DEBUG 18536 --- [    Test worker] o.hibernate.internal.SessionFactoryImpl  : Building session factory
2023-11-20T11:27:31.414+09:00 DEBUG 18536 --- [    Test worker] .h.s.i.SessionFactoryServiceRegistryImpl : EventListenerRegistry access via ServiceRegistry is deprecated.  Use `sessionFactory.getEventEngine().getListenerRegistry()` instead
2023-11-20T11:27:31.415+09:00 DEBUG 18536 --- [    Test worker] o.hibernate.internal.SessionFactoryImpl  : Instantiating SessionFactory with settings: {java.specification.version=17, sun.cpu.isalist=amd64, hibernate.resource.beans.container=org.springframework.orm.hibernate5.SpringBeanContainer@10d98940, hibernate.connection.handling_mode=DELAYED_ACQUISITION_AND_HOLD, sun.jnu.encoding=MS949, hibernate.dialect=org.hibernate.dialect.MySQLDialect, org.gradle.test.worker=4, hibernate.implicit_naming_strategy=org.springframework.boot.orm.jpa.hibernate.SpringImplicitNamingStrategy, java.class.path=C:\\Users\\bbuny\\.gradle\\caches\\8.4\\workerMain\\gradle-worker.jar;D:\\spring_code\\FourFlowerServer\\FourFlowerServer\\build\\classes\\java\\test;D:\\spring_code\\FourFlowerServer\\FourFlowerServer\\build\\classes\\java\\main;D:\\spring_code\\FourFlowerServer\\FourFlowerServer\\build\\resources\\main;C:\\Users\\bbuny\\.gradle\\caches\\modules-2\\files-2.1\\org.springframework.boot\\spring-boot-starter-web\\3.1.5\\3674e5603cc25bc4dccf73b97d50234332fc3d72\\spring-boot-starter-web-3.1.5.jar;C:\\Users\\bbuny\\.gradle\\caches\\modules-2\\files-2.1\\org.springframework.boot\\spring-boot-starter-data-jpa\\3.1.5\\5fdcfab1fe9d6dddf4352d71f5ed879eb1aa92c2\\spring-boot-starter-data-jpa-3.1.5.jar;C:\\Users\\bbuny\\.gradle\\caches\\modules-2\\files-2.1\\com.h2database\\h2\\2.1.214\\d5c2005c9e3279201e12d4776c948578b16bf8b2\\h2-2.1.214.jar;C:\\Users\\bbuny\\.gradle\\caches\\modules-2\\files-2.1\\org.springframework.boot\\spring-boot-starter-test\\3.1.5\\a57c3ffc88edb99fcef4e9f43f3e67de4da8d13c\\spring-boot-starter-test-3.1.5.jar;C:\\Users\\bbuny\\.gradle\\caches\\modules-2\\files-2.1\\org.junit.jupiter\\junit-jupiter\\5.9.3\\72e840501e1550e9799c9a5cc9483d7d6b29e0ba\\junit-jupiter-5.9.3.jar;C:\\Users\\bbuny\\.gradle\\caches\\modules-2\\files-2.1\\org.junit.jupiter\\junit-jupiter-engine\\5.5.0\\e689e3c86c7c65c984d4dfd778717af778f739ce\\junit-jupiter-engine-5.5.0.jar;C:\\Users\\bbuny\\.gradle\\caches\\modules-2\\files-2.1\\org.junit.platform\\junit-platform-engine\\1.9.3\\8616734a190f8d307376aeb7353dba0a2c037a09\\junit-platform-engine-1.9.3.jar;C:\\Users\\bbuny\\.gradle\\caches\\modules-2\\files-2.1\\org.mockito\\mockito-junit-jupiter\\5.3.1\\d6ac0f6d54addf02def4ba1213f73a15ae6c2308\\mockito-junit-jupiter-5.3.1.jar;C:\\Users\\bbuny\\.gradle\\caches\\modules-2\\files-2.1\\org.junit.jupiter\\junit-jupiter-params\\5.9.3\\9e2a4bf6016a1975f408a73523392875cff7c26f\\junit-jupiter-params-5.9.3.jar;C:\\Users\\bbuny\\.gradle\\caches\\modules-2\\files-2.1\\org.junit.jupiter\\junit-jupiter-api\\5.5.0\\49cb319db20265a033394c397b55fc654c40c1df\\junit-jupiter-api-5.5.0.jar;C:\\Users\\bbuny\\.gradle\\caches\\modules-2\\files-2.1\\org.junit.platform\\junit-platform-commons\\1.9.3\\36b2e26a90c41603be7f0094bee80e3f8a2cd4d4\\junit-platform-commons-1.9.3.jar;C:\\Users\\bbuny\\.gradle\\caches\\modules-2\\files-2.1\\org.junit.platform\\junit-platform-launcher\\1.5.0\\4ad4941b2b85fa05a41c33ab8d41e97c40121a16\\junit-platform-launcher-1.5.0.jar;C:\\Users\\bbuny\\.gradle\\caches\\modules-2\\files-2.1\\org.springframework.boot\\spring-boot-starter-json\\3.1.5\\36ce79c1a5c63ffd72b092eb312cb35ac6edb128\\spring-boot-starter-json-3.1.5.jar;C:\\Users\\bbuny\\.gradle\\caches\\modules-2\\files-2.1\\org.springframework.boot\\spring-boot-starter-aop\\3.1.5\\2ac1f8bf4c2bce13b46d04abafc69a4f1523a08\\spring-boot-starter-aop-3.1.5.jar;C:\\Users\\bbuny\\.gradle\\caches\\modules-2\\files-2.1\\org.springframework.boot\\spring-boot-starter-jdbc\\3.1.5\\138c0e0ab493d8a51bb51dfc3b7144d702ff4c26\\spring-boot-starter-jdbc-3.1.5.jar;C:\\Users\\bbuny\\.gradle\\caches\\modules-2\\files-2.1\\org.springframework.boot\\spring-boot-starter\\3.1.5\\a14cd17b86261933929566775d80c65b9f7440fc\\spring-boot-starter-3.1.5.jar;C:\\Users\\bbuny\\.gradle\\caches\\modules-2\\files-2.1\\org.springframework.boot\\spring-boot-starter-tomcat\\3.1.5\\4b362b923ec1ca080556c4e55fe4ae73cf5a84d7\\spring-boot-starter-tomcat-3.1.5.jar;C:\\Users\\bbuny\\.gradle\\caches\\modules-2\\files-2.1\\org.springframework\\spring-webmvc\\6.0.13\\df1230a7dde55b9ce9d72670b42d621dc2e481df\\spring-webmvc-6.0.13.jar;C:\\Users\\bbuny\\.gradle\\caches\\modules-2\\files-2.1\\org.springframework\\spring-web\\6.0.13\\c374fcaf34d82d735a1dcf2c496f064488aa2b20\\spring-web-6.0.13.jar;C:\\Users\\bbuny\\.gradle\\caches\\modules-2\\files-2.1\\org.hibernate.orm\\hibernate-core\\6.2.13.Final\\de458672b40154ab9ecfe7466987ad1772167af8\\hibernate-core-6.2.13.Final.jar;C:\\Users\\bbuny\\.gradle\\caches\\modules-2\\files-2.1\\org.springframework.data\\spring-data-jpa\\3.1.5\\6de79da064f0b97c6448e0bfa5d63da9fb6e1582\\spring-data-jpa-3.1.5.jar;C:\\Users\\bbuny\\.gradle\\caches\\modules-2\\files-2.1\\org.springframework\\spring-aspects\\6.0.13\\59b1d3f507f5ed2e4ef357541c464925831bea9b\\spring-aspects-6.0.13.jar;C:\\Users\\bbuny\\.gradle\\caches\\modules-2\\files-2.1\\com.mysql\\mysql-connector-j\\8.0.33\\9e64d997873abc4318620264703d3fdb6b02dd5a\\mysql-connector-j-8.0.33.jar;C:\\Users\\bbuny\\.gradle\\caches\\modules-2\\files-2.1\\org.springframework.boot\\spring-boot-test-autoconfigure\\3.1.5\\9e0b68b6510c3067535e60a61568cb569efb4997\\spring-boot-test-autoconfigure-3.1.5.jar;C:\\Users\\bbuny\\.gradle\\caches\\modules-2\\files-2.1\\org.springframework.boot\\spring-boot-test\\3.1.5\\31a70b2aa98605b09a0b12229f1b12c8ca02bb2d\\spring-boot-test-3.1.5.jar;C:\\Users\\bbuny\\.gradle\\caches\\modules-2\\files-2.1\\com.jayway.jsonpath\\json-path\\2.8.0\\b4ab3b7a9e425655a0ca65487bbbd6d7ddb75160\\json-path-2.8.0.jar;C:\\Users\\bbuny\\.gradle\\caches\\modules-2\\files-2.1\\org.glassfish.jaxb\\jaxb-runtime\\4.0.3\\93af25be25b2c92c83e0ce61cb8b3ed23568f316\\jaxb-runtime-4.0.3.jar;C:\\Users\\bbuny\\.gradle\\caches\\modules-2\\files-2.1\\org.glassfish.jaxb\\jaxb-core\\4.0.3\\e9093b4a82069a1d78ee9a3233ca387bca88861f\\jaxb-core-4.0.3.jar;C:\\Users\\bbuny\\.gradle\\caches\\modules-2\\files-2.1\\jakarta.xml.bind\\jakarta.xml.bind-api\\4.0.1\\ca2330866cbc624c7e5ce982e121db1125d23e15\\jakarta.xml.bind-api-4.0.1.jar;C:\\Users\\bbuny\\.gradle\\caches\\modules-2\\files-2.1\\net.minidev\\json-smart\\2.4.11\\cc5888f14a5768f254b97bafe8b9fd29b31e872e\\json-smart-2.4.11.jar;C:\\Users\\bbuny\\.gradle\\caches\\modules-2\\files-2.1\\org.assertj\\assertj-core\\3.24.2\\ebbf338e33f893139459ce5df023115971c2786f\\assertj-core-3.24.2.jar;C:\\Users\\bbuny\\.gradle\\caches\\modules-2\\files-2.1\\org.hamcrest\\hamcrest\\2.2\\1820c0968dba3a11a1b30669bb1f01978a91dedc\\hamcrest-2.2.jar;C:\\Users\\bbuny\\.gradle\\caches\\modules-2\\files-2.1\\org.mockito\\mockito-core\\5.3.1\\7cac313592a29ae5e29c52c22b15c3ae5ab561b2\\mockito-core-5.3.1.jar;C:\\Users\\bbuny\\.gradle\\caches\\modules-2\\files-2.1\\org.skyscreamer\\jsonassert\\1.5.1\\6d842d0faf4cf6725c509a5e5347d319ee0431c3\\jsonassert-1.5.1.jar;C:\\Users\\bbuny\\.gradle\\caches\\modules-2\\files-2.1\\org.springframework\\spring-test\\6.0.13\\144feb2ac323b51845cebcce92bc78ff396bbdbe\\spring-test-6.0.13.jar;C:\\Users\\bbuny\\.gradle\\caches\\modules-2\\files-2.1\\org.springframework.boot\\spring-boot-autoconfigure\\3.1.5\\42a5b2ee98f700fba8d8c88d4af7b23266f1de0f\\spring-boot-autoconfigure-3.1.5.jar;C:\\Users\\bbuny\\.gradle\\caches\\modules-2\\files-2.1\\org.springframework.boot\\spring-boot\\3.1.5\\c188015a5a79f5df65e876dcfdef16148c45fe2c\\spring-boot-3.1.5.jar;C:\\Users\\bbuny\\.gradle\\caches\\modules-2\\files-2.1\\org.springframework\\spring-context\\6.0.13\\4c49af6dde7fce9602049f952b45ca29f30e2a37\\spring-context-6.0.13.jar;C:\\Users\\bbuny\\.gradle\\caches\\modules-2\\files-2.1\\org.springframework\\spring-aop\\6.0.13\\aae1a18033787c9d324322f4470b12264e773e83\\spring-aop-6.0.13.jar;C:\\Users\\bbuny\\.gradle\\caches\\modules-2\\files-2.1\\org.springframework\\spring-orm\\6.0.13\\604257dc4f28bf178c348a9e12068600838d61d2\\spring-orm-6.0.13.jar;C:\\Users\\bbuny\\.gradle\\caches\\modules-2\\files-2.1\\org.springframework\\spring-jdbc\\6.0.13\\67227f30eef525551983ad02071770ea685f2626\\spring-jdbc-6.0.13.jar;C:\\Users\\bbuny\\.gradle\\caches\\modules-2\\files-2.1\\org.springframework.data\\spring-data-commons\\3.1.5\\227d0b2dd185458c58e89b2a4696d1b752536a72\\spring-data-commons-3.1.5.jar;C:\\Users\\bbuny\\.gradle\\caches\\modules-2\\files-2.1\\org.springframework\\spring-tx\\6.0.13\\182219d97469f459e0c44033d5dc5260d042cfb\\spring-tx-6.0.13.jar;C:\\Users\\bbuny\\.gradle\\caches\\modules-2\\files-2.1\\org.springframework\\spring-beans\\6.0.13\\5b205c9f2fb07c1367db144ce7ab305f94300604\\spring-beans-6.0.13.jar;C:\\Users\\bbuny\\.gradle\\caches\\modules-2\\files-2.1\\org.springframework\\spring-expression\\6.0.13\\2bedffa4a3850bbbb652a31c47671824b17fbe01\\spring-expression-6.0.13.jar;C:\\Users\\bbuny\\.gradle\\caches\\modules-2\\files-2.1\\org.springframework\\spring-core\\6.0.13\\cd565c2408e37d2026822b871cd43e69da8ec40e\\spring-core-6.0.13.jar;C:\\Users\\bbuny\\.gradle\\caches\\modules-2\\files-2.1\\org.xmlunit\\xmlunit-core\\2.9.1\\e5833662d9a1279a37da3ef6f62a1da29fcd68c4\\xmlunit-core-2.9.1.jar;C:\\Users\\bbuny\\.gradle\\caches\\modules-2\\files-2.1\\org.apiguardian\\apiguardian-api\\1.1.0\\fc9dff4bb36d627bdc553de77e1f17efd790876c\\apiguardian-api-1.1.0.jar;C:\\Users\\bbuny\\.gradle\\caches\\modules-2\\files-2.1\\org.opentest4j\\opentest4j\\1.2.0\\28c11eb91f9b6d8e200631d46e20a7f407f2a046\\opentest4j-1.2.0.jar;C:\\Users\\bbuny\\.gradle\\caches\\modules-2\\files-2.1\\org.springframework.boot\\spring-boot-starter-logging\\3.1.5\\8d8a91061baa4347d97a8fe15f3337d943badab\\spring-boot-starter-logging-3.1.5.jar;C:\\Users\\bbuny\\.gradle\\caches\\modules-2\\files-2.1\\jakarta.annotation\\jakarta.annotation-api\\2.1.1\\48b9bda22b091b1f48b13af03fe36db3be6e1ae3\\jakarta.annotation-api-2.1.1.jar;C:\\Users\\bbuny\\.gradle\\caches\\modules-2\\files-2.1\\org.yaml\\snakeyaml\\1.33\\2cd0a87ff7df953f810c344bdf2fe3340b954c69\\snakeyaml-1.33.jar;C:\\Users\\bbuny\\.gradle\\caches\\modules-2\\files-2.1\\com.fasterxml.jackson.datatype\\jackson-datatype-jsr310\\2.15.3\\4a20a0e104931bfa72f24ef358c2eb63f1ef2aaf\\jackson-datatype-jsr310-2.15.3.jar;C:\\Users\\bbuny\\.gradle\\caches\\modules-2\\files-2.1\\com.fasterxml.jackson.module\\jackson-module-parameter-names\\2.15.3\\8d251b90c5358677e7d8161e0c2488e6f84f49da\\jackson-module-parameter-names-2.15.3.jar;C:\\Users\\bbuny\\.gradle\\caches\\modules-2\\files-2.1\\com.fasterxml.jackson.core\\jackson-annotations\\2.15.3\\79baf4e605eb3bbb60b1c475d44a7aecceea1d60\\jackson-annotations-2.15.3.jar;C:\\Users\\bbuny\\.gradle\\caches\\modules-2\\files-2.1\\com.fasterxml.jackson.core\\jackson-core\\2.15.3\\60d600567c1862840397bf9ff5a92398edc5797b\\jackson-core-2.15.3.jar;C:\\Users\\bbuny\\.gradle\\caches\\modules-2\\files-2.1\\com.fasterxml.jackson.datatype\\jackson-datatype-jdk8\\2.15.3\\80158cb020c7bd4e4ba94d8d752a65729dc943b2\\jackson-datatype-jdk8-2.15.3.jar;C:\\Users\\bbuny\\.gradle\\caches\\modules-2\\files-2.1\\com.fasterxml.jackson.core\\jackson-databind\\2.15.3\\a734bc2c47a9453c4efa772461a3aeb273c010d9\\jackson-databind-2.15.3.jar;C:\\Users\\bbuny\\.gradle\\caches\\modules-2\\files-2.1\\org.apache.tomcat.embed\\tomcat-embed-websocket\\10.1.15\\14cc0999d4a5128dc9bb8862487aa8ed4cd7fcd8\\tomcat-embed-websocket-10.1.15.jar;C:\\Users\\bbuny\\.gradle\\caches\\modules-2\\files-2.1\\org.apache.tomcat.embed\\tomcat-embed-core\\10.1.15\\e3a725405f494abc0fd4f30263c2e6ad87052de1\\tomcat-embed-core-10.1.15.jar;C:\\Users\\bbuny\\.gradle\\caches\\modules-2\\files-2.1\\org.apache.tomcat.embed\\tomcat-embed-el\\10.1.15\\49e784ef48d5fc7bc48d7e2a7ceb57e88b4d58b7\\tomcat-embed-el-10.1.15.jar;C:\\Users\\bbuny\\.gradle\\caches\\modules-2\\files-2.1\\io.micrometer\\micrometer-observation\\1.11.5\\803f341121416365d1c438fe2a7290b146fadc92\\micrometer-observation-1.11.5.jar;C:\\Users\\bbuny\\.gradle\\caches\\modules-2\\files-2.1\\org.aspectj\\aspectjweaver\\1.9.20\\da562407e43f74c0f8f5f5df4065d85ec1736d01\\aspectjweaver-1.9.20.jar;C:\\Users\\bbuny\\.gradle\\caches\\modules-2\\files-2.1\\com.zaxxer\\HikariCP\\5.0.1\\a74c7f0a37046846e88d54f7cb6ea6d565c65f9c\\HikariCP-5.0.1.jar;C:\\Users\\bbuny\\.gradle\\caches\\modules-2\\files-2.1\\jakarta.persistence\\jakarta.persistence-api\\3.1.0\\66901fa1c373c6aff65c13791cc11da72060a8d6\\jakarta.persistence-api-3.1.0.jar;C:\\Users\\bbuny\\.gradle\\caches\\modules-2\\files-2.1\\jakarta.transaction\\jakarta.transaction-api\\2.0.1\\51a520e3fae406abb84e2e1148e6746ce3f80a1a\\jakarta.transaction-api-2.0.1.jar;C:\\Users\\bbuny\\.gradle\\caches\\modules-2\\files-2.1\\org.jboss.logging\\jboss-logging\\3.5.3.Final\\c88fc1d8a96d4c3491f55d4317458ccad53ca663\\jboss-logging-3.5.3.Final.jar;C:\\Users\\bbuny\\.gradle\\caches\\modules-2\\files-2.1\\org.hibernate.common\\hibernate-commons-annotations\\6.0.6.Final\\77a5f94b56d49508e0ee334751db5b78e5ccd50c\\hibernate-commons-annotations-6.0.6.Final.jar;C:\\Users\\bbuny\\.gradle\\caches\\modules-2\\files-2.1\\io.smallrye\\jandex\\3.0.5\\c548a4871b552292dbdd65409d3fda145c8925c1\\jandex-3.0.5.jar;C:\\Users\\bbuny\\.gradle\\caches\\modules-2\\files-2.1\\com.fasterxml\\classmate\\1.5.1\\3fe0bed568c62df5e89f4f174c101eab25345b6c\\classmate-1.5.1.jar;C:\\Users\\bbuny\\.gradle\\caches\\modules-2\\files-2.1\\net.bytebuddy\\byte-buddy\\1.14.9\\b69e7fff6c473d3ed2b489cdfd673a091fd94226\\byte-buddy-1.14.9.jar;C:\\Users\\bbuny\\.gradle\\caches\\modules-2\\files-2.1\\jakarta.inject\\jakarta.inject-api\\2.0.1\\4c28afe1991a941d7702fe1362c365f0a8641d1e\\jakarta.inject-api-2.0.1.jar;C:\\Users\\bbuny\\.gradle\\caches\\modules-2\\files-2.1\\org.antlr\\antlr4-runtime\\4.10.1\\10839f875928f59c622d675091d51a43ea0dc5f7\\antlr4-runtime-4.10.1.jar;C:\\Users\\bbuny\\.gradle\\caches\\modules-2\\files-2.1\\ch.qos.logback\\logback-classic\\1.4.11\\54450c0c783e896a1a6d88c043bd2f1daba1c382\\logback-classic-1.4.11.jar;C:\\Users\\bbuny\\.gradle\\caches\\modules-2\\files-2.1\\org.apache.logging.log4j\\log4j-to-slf4j\\2.20.0\\d37f81f8978e2672bc32c82712ab4b3f66624adc\\log4j-to-slf4j-2.20.0.jar;C:\\Users\\bbuny\\.gradle\\caches\\modules-2\\files-2.1\\org.slf4j\\jul-to-slf4j\\2.0.9\\9ef7c70b248185845f013f49a33ff9ca65b7975\\jul-to-slf4j-2.0.9.jar;C:\\Users\\bbuny\\.gradle\\caches\\modules-2\\files-2.1\\org.slf4j\\slf4j-api\\2.0.9\\7cf2726fdcfbc8610f9a71fb3ed639871f315340\\slf4j-api-2.0.9.jar;C:\\Users\\bbuny\\.gradle\\caches\\modules-2\\files-2.1\\org.eclipse.angus\\angus-activation\\2.0.1\\eaafaf4eb71b400e4136fc3a286f50e34a68ecb7\\angus-activation-2.0.1.jar;C:\\Users\\bbuny\\.gradle\\caches\\modules-2\\files-2.1\\jakarta.activation\\jakarta.activation-api\\2.1.2\\640c0d5aff45dbff1e1a1bc09673ff3a02b1ba12\\jakarta.activation-api-2.1.2.jar;C:\\Users\\bbuny\\.gradle\\caches\\modules-2\\files-2.1\\net.minidev\\accessors-smart\\2.4.11\\245ceca7bdf3190fbb977045c852d5f3c8efece1\\accessors-smart-2.4.11.jar;C:\\Users\\bbuny\\.gradle\\caches\\modules-2\\files-2.1\\net.bytebuddy\\byte-buddy-agent\\1.14.9\\dfb8707031008535048bad2b69735f46d0b6c5e5\\byte-buddy-agent-1.14.9.jar;C:\\Users\\bbuny\\.gradle\\caches\\modules-2\\files-2.1\\org.objenesis\\objenesis\\3.3\\1049c09f1de4331e8193e579448d0916d75b7631\\objenesis-3.3.jar;C:\\Users\\bbuny\\.gradle\\caches\\modules-2\\files-2.1\\com.vaadin.external.google\\android-json\\0.0.20131108.vaadin1\\fa26d351fe62a6a17f5cda1287c1c6110dec413f\\android-json-0.0.20131108.vaadin1.jar;C:\\Users\\bbuny\\.gradle\\caches\\modules-2\\files-2.1\\org.springframework\\spring-jcl\\6.0.13\\91ea90f2de4c71dac3cff04882156b00cdca3e0d\\spring-jcl-6.0.13.jar;C:\\Users\\bbuny\\.gradle\\caches\\modules-2\\files-2.1\\io.micrometer\\micrometer-commons\\1.11.5\\3e708f737ba2674823201a836b5858482b183902\\micrometer-commons-1.11.5.jar;C:\\Users\\bbuny\\.gradle\\caches\\modules-2\\files-2.1\\org.ow2.asm\\asm\\9.3\\8e6300ef51c1d801a7ed62d07cd221aca3a90640\\asm-9.3.jar;C:\\Users\\bbuny\\.gradle\\caches\\modules-2\\files-2.1\\ch.qos.logback\\logback-core\\1.4.11\\2f9f280219a9922a74200eaf7138c4c17fb87c0f\\logback-core-1.4.11.jar;C:\\Users\\bbuny\\.gradle\\caches\\modules-2\\files-2.1\\org.apache.logging.log4j\\log4j-api\\2.20.0\\1fe6082e660daf07c689a89c94dc0f49c26b44bb\\log4j-api-2.20.0.jar;C:\\Users\\bbuny\\.gradle\\caches\\modules-2\\files-2.1\\org.glassfish.jaxb\\txw2\\4.0.3\\47b8fe31c6d1a3382203af919400527389e01e9c\\txw2-4.0.3.jar;C:\\Users\\bbuny\\.gradle\\caches\\modules-2\\files-2.1\\com.sun.istack\\istack-commons-runtime\\4.1.2\\18ec117c85f3ba0ac65409136afa8e42bc74e739\\istack-commons-runtime-4.1.2.jar, java.vm.vendor=Oracle Corporation, sun.arch.data.model=64, user.variant=, java.vendor.url=https://java.oracle.com/, user.timezone=Asia/Seoul, jakarta.persistence.sharedCache.mode=UNSPECIFIED, org.jboss.logging.provider=slf4j, java.vm.specification.version=17, os.name=Windows 11, jakarta.persistence.nonJtaDataSource=HikariDataSource (HikariPool-1), user.country=KR, sun.java.launcher=SUN_STANDARD, sun.boot.library.path=D:\Dev\java17\jdk-17\bin, sun.java.command=worker.org.gradle.process.internal.worker.GradleWorkerMain 'Gradle Test Executor 4', javax.persistence.nonJtaDataSource=HikariDataSource (HikariPool-1), hibernate.transaction.jta.platform=org.hibernate.engine.transaction.jta.platform.internal.NoJtaPlatform@58b8f9e3, jdk.debug=release, sun.cpu.endian=little, hibernate.cdi.extensions=true, user.home=C:\Users\bbuny, user.language=ko, java.specification.vendor=Oracle Corporation, org.gradle.native=false, java.version.date=2023-07-18, java.home=D:\Dev\java17\jdk-17, file.separator=\, java.vm.compressedOopsMode=32-bit, line.separator=
, hibernate.persistenceUnitName=default, java.vm.specification.vendor=Oracle Corporation, java.specification.name=Java Platform API Specification, FILE_LOG_CHARSET=x-windows-949, hibernate.transaction.coordinator_class=class org.hibernate.resource.transaction.backend.jdbc.internal.JdbcResourceLocalTransactionCoordinatorBuilderImpl, java.awt.headless=true, jakarta.persistence.validation.mode=AUTO, user.script=, sun.management.compiler=HotSpot 64-Bit Tiered Compilers, java.runtime.version=17.0.8+9-LTS-211, user.name=bbuny, path.separator=;, os.version=10.0, java.runtime.name=Java(TM) SE Runtime Environment, file.encoding=x-windows-949, java.vm.name=Java HotSpot(TM) 64-Bit Server VM, hibernate.show_sql=true, java.vendor.url.bug=https://bugreport.java.com/bugreport/, java.io.tmpdir=C:\Users\bbuny\AppData\Local\Temp\, com.zaxxer.hikari.pool_number=1, java.version=17.0.8, hibernate.physical_naming_strategy=org.hibernate.boot.model.naming.CamelCaseToUnderscoresNamingStrategy, user.dir=D:\spring_code\FourFlowerServer\FourFlowerServer, os.arch=amd64, java.vm.specification.name=Java Virtual Machine Specification, PID=18536, org.gradle.internal.worker.tmpdir=D:\spring_code\FourFlowerServer\FourFlowerServer\build\tmp\test\work, sun.os.patch.level=, CONSOLE_LOG_CHARSET=x-windows-949, hibernate.boot.CfgXmlAccessService.key=org.hibernate.boot.registry.StandardServiceRegistryBuilder$1@32a033b6, native.encoding=MS949, java.library.path=D:\Dev\java17\jdk-17\bin;C:\WINDOWS\Sun\Java\bin;C:\WINDOWS\system32;C:\WINDOWS;C:\Program Files\Common Files\Oracle\Java\javapath;C:\Python311\Scripts\;C:\Python311\;C:\Program Files (x86)\Intel\Intel(R) Management Engine Components\iCLS\;C:\Program Files\Intel\Intel(R) Management Engine Components\iCLS\;C:\WINDOWS\system32;C:\WINDOWS;C:\WINDOWS\System32\Wbem;C:\WINDOWS\System32\WindowsPowerShell\v1.0\;C:\WINDOWS\System32\OpenSSH\;C:\Program Files (x86)\Intel\Intel(R) Management Engine Components\DAL;C:\Program Files\Intel\Intel(R) Management Engine Components\DAL;D:\Dev\Git\cmd;D:\Dev\flutter\bin;C:\ProgramData\chocolatey\bin;C:\Program Files\nodejs\;D:\Dev\java17\jdk-17bin;C:\Users\bbuny\AppData\Local\Programs\Python\Python312\Scripts\;C:\Users\bbuny\AppData\Local\Programs\Python\Python312\;C:\Program Files\MySQL\MySQL Shell 8.0\bin\;C:\Users\bbuny\AppData\Local\Microsoft\WindowsApps;;D:\Dev\Microsoft VS Code\bin;C:\Users\bbuny\AppData\Roaming\npm;D:\Dev\IntelliJ IDEA Community Edition 2023.1\bin;;., java.vendor=Oracle Corporation, java.vm.info=mixed mode, sharing, java.vm.version=17.0.8+9-LTS-211, hibernate.bytecode.use_reflection_optimizer=true, sun.io.unicode.encoding=UnicodeLittle, hibernate.archive.scanner=org.hibernate.boot.archive.scan.internal.DisabledScanner, hibernate.connection.datasource=HikariDataSource (HikariPool-1), java.class.version=61.0}
2023-11-20T11:27:31.430+09:00 DEBUG 18536 --- [    Test worker] o.hibernate.internal.SessionFactoryImpl  : Session factory constructed with filter configurations : {}
2023-11-20T11:27:31.486+09:00 DEBUG 18536 --- [    Test worker] o.h.q.sqm.function.SqmFunctionRegistry   : Registered SqmFunctionTemplate [NamedSqmFunctionTemplate(max)] under max; prior registration was null
2023-11-20T11:27:31.487+09:00 DEBUG 18536 --- [    Test worker] o.h.q.sqm.function.SqmFunctionRegistry   : Registered SqmFunctionTemplate [NamedSqmFunctionTemplate(min)] under min; prior registration was null
2023-11-20T11:27:31.488+09:00 DEBUG 18536 --- [    Test worker] o.h.q.sqm.function.SqmFunctionRegistry   : Registered SqmFunctionTemplate [NamedSqmFunctionTemplate(sum)] under sum; prior registration was null
2023-11-20T11:27:31.489+09:00 DEBUG 18536 --- [    Test worker] o.h.q.sqm.function.SqmFunctionRegistry   : Registered SqmFunctionTemplate [NamedSqmFunctionTemplate(avg)] under avg; prior registration was null
2023-11-20T11:27:31.490+09:00 DEBUG 18536 --- [    Test worker] o.h.q.sqm.function.SqmFunctionRegistry   : Registered SqmFunctionTemplate [org.hibernate.dialect.function.CountFunction@38fb151a] under count; prior registration was null
2023-11-20T11:27:31.491+09:00 DEBUG 18536 --- [    Test worker] o.h.q.sqm.function.SqmFunctionRegistry   : Registered SqmFunctionTemplate [org.hibernate.dialect.function.EveryAnyEmulation@7fe87c0e] under every; prior registration was null
2023-11-20T11:27:31.492+09:00 DEBUG 18536 --- [    Test worker] o.h.q.sqm.function.SqmFunctionRegistry   : Registered SqmFunctionTemplate [org.hibernate.dialect.function.EveryAnyEmulation@8f4b803] under any; prior registration was null
2023-11-20T11:27:31.492+09:00 DEBUG 18536 --- [    Test worker] o.h.q.sqm.function.SqmFunctionRegistry   : Registered SqmFunctionTemplate [NamedSqmFunctionTemplate(floor)] under floor; prior registration was null
2023-11-20T11:27:31.492+09:00 DEBUG 18536 --- [    Test worker] o.h.q.sqm.function.SqmFunctionRegistry   : Registered SqmFunctionTemplate [NamedSqmFunctionTemplate(ceiling)] under ceiling; prior registration was null
2023-11-20T11:27:31.492+09:00 DEBUG 18536 --- [    Test worker] o.h.q.sqm.function.SqmFunctionRegistry   : Registered SqmFunctionTemplate [NamedSqmFunctionTemplate(mod)] under mod; prior registration was null
2023-11-20T11:27:31.492+09:00 DEBUG 18536 --- [    Test worker] o.h.q.sqm.function.SqmFunctionRegistry   : Registered SqmFunctionTemplate [NamedSqmFunctionTemplate(abs)] under abs; prior registration was null
2023-11-20T11:27:31.492+09:00 DEBUG 18536 --- [    Test worker] o.h.q.sqm.function.SqmFunctionRegistry   : Registered SqmFunctionTemplate [NamedSqmFunctionTemplate(sign)] under sign; prior registration was null
2023-11-20T11:27:31.494+09:00 DEBUG 18536 --- [    Test worker] o.h.q.sqm.function.SqmFunctionRegistry   : Registered SqmFunctionTemplate [NamedSqmFunctionTemplate(sqrt)] under sqrt; prior registration was null
2023-11-20T11:27:31.494+09:00 DEBUG 18536 --- [    Test worker] o.h.q.sqm.function.SqmFunctionRegistry   : Registered SqmFunctionTemplate [NamedSqmFunctionTemplate(ln)] under ln; prior registration was null
2023-11-20T11:27:31.494+09:00 DEBUG 18536 --- [    Test worker] o.h.q.sqm.function.SqmFunctionRegistry   : Registered SqmFunctionTemplate [NamedSqmFunctionTemplate(exp)] under exp; prior registration was null
2023-11-20T11:27:31.494+09:00 DEBUG 18536 --- [    Test worker] o.h.q.sqm.function.SqmFunctionRegistry   : Registered SqmFunctionTemplate [NamedSqmFunctionTemplate(power)] under power; prior registration was null
2023-11-20T11:27:31.495+09:00 DEBUG 18536 --- [    Test worker] o.h.q.sqm.function.SqmFunctionRegistry   : Registered SqmFunctionTemplate [NamedSqmFunctionTemplate(round)] under round; prior registration was null
2023-11-20T11:27:31.495+09:00 DEBUG 18536 --- [    Test worker] o.h.q.sqm.function.SqmFunctionRegistry   : Registered SqmFunctionTemplate [NamedSqmFunctionTemplate(sin)] under sin; prior registration was null
2023-11-20T11:27:31.495+09:00 DEBUG 18536 --- [    Test worker] o.h.q.sqm.function.SqmFunctionRegistry   : Registered SqmFunctionTemplate [NamedSqmFunctionTemplate(cos)] under cos; prior registration was null
2023-11-20T11:27:31.495+09:00 DEBUG 18536 --- [    Test worker] o.h.q.sqm.function.SqmFunctionRegistry   : Registered SqmFunctionTemplate [NamedSqmFunctionTemplate(tan)] under tan; prior registration was null
2023-11-20T11:27:31.495+09:00 DEBUG 18536 --- [    Test worker] o.h.q.sqm.function.SqmFunctionRegistry   : Registered SqmFunctionTemplate [NamedSqmFunctionTemplate(asin)] under asin; prior registration was null
2023-11-20T11:27:31.495+09:00 DEBUG 18536 --- [    Test worker] o.h.q.sqm.function.SqmFunctionRegistry   : Registered SqmFunctionTemplate [NamedSqmFunctionTemplate(acos)] under acos; prior registration was null
2023-11-20T11:27:31.495+09:00 DEBUG 18536 --- [    Test worker] o.h.q.sqm.function.SqmFunctionRegistry   : Registered SqmFunctionTemplate [NamedSqmFunctionTemplate(atan)] under atan; prior registration was null
2023-11-20T11:27:31.496+09:00 DEBUG 18536 --- [    Test worker] o.h.q.sqm.function.SqmFunctionRegistry   : Registered SqmFunctionTemplate [NamedSqmFunctionTemplate(atan2)] under atan2; prior registration was null
2023-11-20T11:27:31.497+09:00 DEBUG 18536 --- [    Test worker] o.h.q.sqm.function.SqmFunctionRegistry   : Registered SqmFunctionTemplate [org.hibernate.query.sqm.function.PatternBasedSqmFunctionDescriptor@4404a6b] under sinh; prior registration was null
2023-11-20T11:27:31.497+09:00 DEBUG 18536 --- [    Test worker] o.h.q.sqm.function.SqmFunctionRegistry   : Registered SqmFunctionTemplate [org.hibernate.query.sqm.function.PatternBasedSqmFunctionDescriptor@671da0f9] under cosh; prior registration was null
2023-11-20T11:27:31.497+09:00 DEBUG 18536 --- [    Test worker] o.h.q.sqm.function.SqmFunctionRegistry   : Registered SqmFunctionTemplate [org.hibernate.query.sqm.function.PatternBasedSqmFunctionDescriptor@4d2f9e3c] under tanh; prior registration was null
2023-11-20T11:27:31.497+09:00 DEBUG 18536 --- [    Test worker] o.h.q.sqm.function.SqmFunctionRegistry   : Registered SqmFunctionTemplate [org.hibernate.query.sqm.function.PatternBasedSqmFunctionDescriptor@686b1e2d] under pi; prior registration was null
2023-11-20T11:27:31.497+09:00 DEBUG 18536 --- [    Test worker] o.h.q.sqm.function.SqmFunctionRegistry   : Registered SqmFunctionTemplate [org.hibernate.query.sqm.function.PatternBasedSqmFunctionDescriptor@6e7e0259] under log; prior registration was null
2023-11-20T11:27:31.498+09:00 DEBUG 18536 --- [    Test worker] o.h.q.sqm.function.SqmFunctionRegistry   : Registered SqmFunctionTemplate [NamedSqmFunctionTemplate(coalesce)] under coalesce; prior registration was null
2023-11-20T11:27:31.498+09:00 DEBUG 18536 --- [    Test worker] o.h.q.sqm.function.SqmFunctionRegistry   : Registered SqmFunctionTemplate [NamedSqmFunctionTemplate(nullif)] under nullif; prior registration was null
2023-11-20T11:27:31.498+09:00 DEBUG 18536 --- [    Test worker] o.h.q.sqm.function.SqmFunctionRegistry   : Registered SqmFunctionTemplate [NamedSqmFunctionTemplate(left)] under left; prior registration was null
2023-11-20T11:27:31.498+09:00 DEBUG 18536 --- [    Test worker] o.h.q.sqm.function.SqmFunctionRegistry   : Registered SqmFunctionTemplate [NamedSqmFunctionTemplate(right)] under right; prior registration was null
2023-11-20T11:27:31.498+09:00 DEBUG 18536 --- [    Test worker] o.h.q.sqm.function.SqmFunctionRegistry   : Registered SqmFunctionTemplate [NamedSqmFunctionTemplate(replace)] under replace; prior registration was null
2023-11-20T11:27:31.500+09:00 DEBUG 18536 --- [    Test worker] o.h.q.sqm.function.SqmFunctionRegistry   : Registered SqmFunctionTemplate [NamedSqmFunctionTemplate(concat)] under concat; prior registration was null
2023-11-20T11:27:31.500+09:00 DEBUG 18536 --- [    Test worker] o.h.q.sqm.function.SqmFunctionRegistry   : Registered SqmFunctionTemplate [NamedSqmFunctionTemplate(lower)] under lower; prior registration was null
2023-11-20T11:27:31.500+09:00 DEBUG 18536 --- [    Test worker] o.h.q.sqm.function.SqmFunctionRegistry   : Registered SqmFunctionTemplate [NamedSqmFunctionTemplate(upper)] under upper; prior registration was null
2023-11-20T11:27:31.500+09:00 DEBUG 18536 --- [    Test worker] o.h.q.sqm.function.SqmFunctionRegistry   : Registered SqmFunctionTemplate [NamedSqmFunctionTemplate(substring)] under substring; prior registration was null
2023-11-20T11:27:31.500+09:00 DEBUG 18536 --- [    Test worker] o.h.q.sqm.function.SqmFunctionRegistry   : Registered SqmFunctionTemplate [NamedSqmFunctionTemplate(locate)] under locate; prior registration was null
2023-11-20T11:27:31.500+09:00 DEBUG 18536 --- [    Test worker] o.h.q.sqm.function.SqmFunctionRegistry   : Registered SqmFunctionTemplate [NamedSqmFunctionTemplate(character_length)] under character_length; prior registration was null
2023-11-20T11:27:31.500+09:00 DEBUG 18536 --- [    Test worker] o.h.q.sqm.function.SqmFunctionRegistry   : Registering alternate key : length -> character_length
2023-11-20T11:27:31.501+09:00 DEBUG 18536 --- [    Test worker] o.h.q.sqm.function.SqmFunctionRegistry   : Registered SqmFunctionTemplate [org.hibernate.dialect.function.LocatePositionEmulation@478530cb] under position; prior registration was null
2023-11-20T11:27:31.503+09:00 DEBUG 18536 --- [    Test worker] o.h.q.sqm.function.SqmFunctionRegistry   : Registered SqmFunctionTemplate [org.hibernate.dialect.function.InsertSubstringOverlayEmulation@5560b64d] under overlay; prior registration was null
2023-11-20T11:27:31.504+09:00 DEBUG 18536 --- [    Test worker] o.h.q.sqm.function.SqmFunctionRegistry   : Registered SqmFunctionTemplate [org.hibernate.dialect.function.TrimFunction@312f3050] under trim; prior registration was null
2023-11-20T11:27:31.505+09:00 DEBUG 18536 --- [    Test worker] o.h.q.sqm.function.SqmFunctionRegistry   : Registered SqmFunctionTemplate [org.hibernate.dialect.function.CastFunction@33f349ae] under cast; prior registration was null
2023-11-20T11:27:31.506+09:00 DEBUG 18536 --- [    Test worker] o.h.q.sqm.function.SqmFunctionRegistry   : Registered SqmFunctionTemplate [org.hibernate.query.sqm.function.PatternBasedSqmFunctionDescriptor@377e573a] under collate; prior registration was null
2023-11-20T11:27:31.507+09:00 DEBUG 18536 --- [    Test worker] o.h.q.sqm.function.SqmFunctionRegistry   : Registered SqmFunctionTemplate [org.hibernate.dialect.function.ExtractFunction@38cf3ae1] under extract; prior registration was null
2023-11-20T11:27:31.507+09:00 DEBUG 18536 --- [    Test worker] o.h.q.sqm.function.SqmFunctionRegistry   : Registered SqmFunctionTemplate [NamedSqmFunctionTemplate(least)] under least; prior registration was null
2023-11-20T11:27:31.507+09:00 DEBUG 18536 --- [    Test worker] o.h.q.sqm.function.SqmFunctionRegistry   : Registered SqmFunctionTemplate [NamedSqmFunctionTemplate(greatest)] under greatest; prior registration was null
2023-11-20T11:27:31.508+09:00 DEBUG 18536 --- [    Test worker] o.h.q.sqm.function.SqmFunctionRegistry   : Registered SqmFunctionTemplate [org.hibernate.dialect.function.CoalesceIfnullEmulation@460f1cdb] under ifnull; prior registration was null
2023-11-20T11:27:31.508+09:00 DEBUG 18536 --- [    Test worker] o.h.q.sqm.function.SqmFunctionRegistry   : Registered SqmFunctionTemplate [NamedSqmFunctionTemplate(lpad)] under lpad; prior registration was null
2023-11-20T11:27:31.508+09:00 DEBUG 18536 --- [    Test worker] o.h.q.sqm.function.SqmFunctionRegistry   : Registered SqmFunctionTemplate [NamedSqmFunctionTemplate(rpad)] under rpad; prior registration was null
2023-11-20T11:27:31.508+09:00 DEBUG 18536 --- [    Test worker] o.h.q.sqm.function.SqmFunctionRegistry   : Registered SqmFunctionTemplate [org.hibernate.dialect.function.LpadRpadPadEmulation@3c9f4376] under pad; prior registration was null
2023-11-20T11:27:31.510+09:00 DEBUG 18536 --- [    Test worker] o.h.q.sqm.function.SqmFunctionRegistry   : Registered SqmFunctionTemplate [org.hibernate.dialect.function.CastStrEmulation@7a1ddbf1] under str; prior registration was null
2023-11-20T11:27:31.512+09:00 DEBUG 18536 --- [    Test worker] o.h.q.sqm.function.SqmFunctionRegistry   : Registered SqmFunctionTemplate [org.hibernate.dialect.function.FormatFunction@c67395] under format; prior registration was null
2023-11-20T11:27:31.512+09:00 DEBUG 18536 --- [    Test worker] o.h.q.sqm.function.SqmFunctionRegistry   : Registered SqmFunctionTemplate [org.hibernate.dialect.function.TimestampaddFunction@43ab9ae9] under timestampadd; prior registration was null
2023-11-20T11:27:31.513+09:00 DEBUG 18536 --- [    Test worker] o.h.q.sqm.function.SqmFunctionRegistry   : Registered SqmFunctionTemplate [org.hibernate.dialect.function.TimestampdiffFunction@61993d18] under timestampdiff; prior registration was null
2023-11-20T11:27:31.514+09:00 DEBUG 18536 --- [    Test worker] o.h.q.sqm.function.SqmFunctionRegistry   : Registering alternate key : dateadd -> timestampadd
2023-11-20T11:27:31.514+09:00 DEBUG 18536 --- [    Test worker] o.h.q.sqm.function.SqmFunctionRegistry   : Registering alternate key : datediff -> timestampdiff
2023-11-20T11:27:31.515+09:00 DEBUG 18536 --- [    Test worker] o.h.q.sqm.function.SqmFunctionRegistry   : Registered SqmFunctionTemplate [org.hibernate.dialect.function.CurrentFunction@16e07bae] under current_date; prior registration was null
2023-11-20T11:27:31.515+09:00 DEBUG 18536 --- [    Test worker] o.h.q.sqm.function.SqmFunctionRegistry   : Registered SqmFunctionTemplate [org.hibernate.dialect.function.CurrentFunction@598778cc] under current_time; prior registration was null
2023-11-20T11:27:31.515+09:00 DEBUG 18536 --- [    Test worker] o.h.q.sqm.function.SqmFunctionRegistry   : Registered SqmFunctionTemplate [org.hibernate.dialect.function.CurrentFunction@3386ed8] under current_timestamp; prior registration was null
2023-11-20T11:27:31.515+09:00 DEBUG 18536 --- [    Test worker] o.h.q.sqm.function.SqmFunctionRegistry   : Registering alternate key : current date -> current_date
2023-11-20T11:27:31.515+09:00 DEBUG 18536 --- [    Test worker] o.h.q.sqm.function.SqmFunctionRegistry   : Registering alternate key : current time -> current_time
2023-11-20T11:27:31.515+09:00 DEBUG 18536 --- [    Test worker] o.h.q.sqm.function.SqmFunctionRegistry   : Registering alternate key : current timestamp -> current_timestamp
2023-11-20T11:27:31.515+09:00 DEBUG 18536 --- [    Test worker] o.h.q.sqm.function.SqmFunctionRegistry   : Registered SqmFunctionTemplate [org.hibernate.dialect.function.CurrentFunction@727453a3] under local_date; prior registration was null
2023-11-20T11:27:31.515+09:00 DEBUG 18536 --- [    Test worker] o.h.q.sqm.function.SqmFunctionRegistry   : Registered SqmFunctionTemplate [org.hibernate.dialect.function.CurrentFunction@67dc6b48] under local_time; prior registration was null
2023-11-20T11:27:31.515+09:00 DEBUG 18536 --- [    Test worker] o.h.q.sqm.function.SqmFunctionRegistry   : Registered SqmFunctionTemplate [org.hibernate.dialect.function.CurrentFunction@57f2e67] under local_datetime; prior registration was null
2023-11-20T11:27:31.515+09:00 DEBUG 18536 --- [    Test worker] o.h.q.sqm.function.SqmFunctionRegistry   : Registered SqmFunctionTemplate [org.hibernate.dialect.function.CurrentFunction@4571cebe] under offset_datetime; prior registration was null
2023-11-20T11:27:31.515+09:00 DEBUG 18536 --- [    Test worker] o.h.q.sqm.function.SqmFunctionRegistry   : Registering alternate key : local date -> local_date
2023-11-20T11:27:31.516+09:00 DEBUG 18536 --- [    Test worker] o.h.q.sqm.function.SqmFunctionRegistry   : Registering alternate key : local time -> local_time
2023-11-20T11:27:31.516+09:00 DEBUG 18536 --- [    Test worker] o.h.q.sqm.function.SqmFunctionRegistry   : Registering alternate key : local datetime -> local_datetime
2023-11-20T11:27:31.516+09:00 DEBUG 18536 --- [    Test worker] o.h.q.sqm.function.SqmFunctionRegistry   : Registering alternate key : offset datetime -> offset_datetime
2023-11-20T11:27:31.516+09:00 DEBUG 18536 --- [    Test worker] o.h.q.sqm.function.SqmFunctionRegistry   : Registered SqmFunctionTemplate [org.hibernate.dialect.function.CurrentFunction@154864f8] under instant; prior registration was null
2023-11-20T11:27:31.516+09:00 DEBUG 18536 --- [    Test worker] o.h.q.sqm.function.SqmFunctionRegistry   : Registering alternate key : current_instant -> instant
2023-11-20T11:27:31.517+09:00 DEBUG 18536 --- [    Test worker] o.h.q.sqm.function.SqmFunctionRegistry   : Registered SqmFunctionTemplate [org.hibernate.dialect.function.SqlFunction@704c3bdf] under sql; prior registration was null
2023-11-20T11:27:31.518+09:00 DEBUG 18536 --- [    Test worker] o.h.q.sqm.function.SqmFunctionRegistry   : Registered SqmFunctionTemplate [NamedSqmFunctionTemplate(soundex)] under soundex; prior registration was null
2023-11-20T11:27:31.518+09:00 DEBUG 18536 --- [    Test worker] o.h.q.sqm.function.SqmFunctionRegistry   : Registered SqmFunctionTemplate [NamedSqmFunctionTemplate(radians)] under radians; prior registration was null
2023-11-20T11:27:31.518+09:00 DEBUG 18536 --- [    Test worker] o.h.q.sqm.function.SqmFunctionRegistry   : Registered SqmFunctionTemplate [NamedSqmFunctionTemplate(degrees)] under degrees; prior registration was null
2023-11-20T11:27:31.518+09:00 DEBUG 18536 --- [    Test worker] o.h.q.sqm.function.SqmFunctionRegistry   : Registered SqmFunctionTemplate [NamedSqmFunctionTemplate(cot)] under cot; prior registration was null
2023-11-20T11:27:31.518+09:00 DEBUG 18536 --- [    Test worker] o.h.q.sqm.function.SqmFunctionRegistry   : Registered SqmFunctionTemplate [NamedSqmFunctionTemplate(log)] under log; prior registration was org.hibernate.query.sqm.function.PatternBasedSqmFunctionDescriptor@6e7e0259
2023-11-20T11:27:31.518+09:00 DEBUG 18536 --- [    Test worker] o.h.q.sqm.function.SqmFunctionRegistry   : Registered SqmFunctionTemplate [NamedSqmFunctionTemplate(log2)] under log2; prior registration was null
2023-11-20T11:27:31.518+09:00 DEBUG 18536 --- [    Test worker] o.h.q.sqm.function.SqmFunctionRegistry   : Registered SqmFunctionTemplate [NamedSqmFunctionTemplate(log10)] under log10; prior registration was null
2023-11-20T11:27:31.518+09:00 DEBUG 18536 --- [    Test worker] o.h.q.sqm.function.SqmFunctionRegistry   : Registered SqmFunctionTemplate [NamedSqmFunctionTemplate(ltrim)] under ltrim; prior registration was null
2023-11-20T11:27:31.518+09:00 DEBUG 18536 --- [    Test worker] o.h.q.sqm.function.SqmFunctionRegistry   : Registered SqmFunctionTemplate [NamedSqmFunctionTemplate(rtrim)] under rtrim; prior registration was null
2023-11-20T11:27:31.519+09:00 DEBUG 18536 --- [    Test worker] o.h.q.sqm.function.SqmFunctionRegistry   : Registered SqmFunctionTemplate [NamedSqmFunctionTemplate(octet_length)] under octet_length; prior registration was null
2023-11-20T11:27:31.519+09:00 DEBUG 18536 --- [    Test worker] o.h.q.sqm.function.SqmFunctionRegistry   : Registered SqmFunctionTemplate [NamedSqmFunctionTemplate(reverse)] under reverse; prior registration was null
2023-11-20T11:27:31.519+09:00 DEBUG 18536 --- [    Test worker] o.h.q.sqm.function.SqmFunctionRegistry   : Registered SqmFunctionTemplate [NamedSqmFunctionTemplate(space)] under space; prior registration was null
2023-11-20T11:27:31.519+09:00 DEBUG 18536 --- [    Test worker] o.h.q.sqm.function.SqmFunctionRegistry   : Registered SqmFunctionTemplate [NamedSqmFunctionTemplate(repeat)] under repeat; prior registration was null
2023-11-20T11:27:31.521+09:00 DEBUG 18536 --- [    Test worker] o.h.q.sqm.function.SqmFunctionRegistry   : Registered SqmFunctionTemplate [org.hibernate.query.sqm.function.MultipatternSqmFunctionDescriptor@14df5253] under lpad; prior registration was NamedSqmFunctionTemplate(lpad)
2023-11-20T11:27:31.521+09:00 DEBUG 18536 --- [    Test worker] o.h.q.sqm.function.SqmFunctionRegistry   : Registered SqmFunctionTemplate [org.hibernate.query.sqm.function.MultipatternSqmFunctionDescriptor@605eb072] under rpad; prior registration was NamedSqmFunctionTemplate(rpad)
2023-11-20T11:27:31.521+09:00 DEBUG 18536 --- [    Test worker] o.h.q.sqm.function.SqmFunctionRegistry   : Registered SqmFunctionTemplate [NamedSqmFunctionTemplate(md5)] under md5; prior registration was null
2023-11-20T11:27:31.522+09:00 DEBUG 18536 --- [    Test worker] o.h.q.sqm.function.SqmFunctionRegistry   : Registered SqmFunctionTemplate [NamedSqmFunctionTemplate(day)] under day; prior registration was null
2023-11-20T11:27:31.522+09:00 DEBUG 18536 --- [    Test worker] o.h.q.sqm.function.SqmFunctionRegistry   : Registered SqmFunctionTemplate [NamedSqmFunctionTemplate(month)] under month; prior registration was null
2023-11-20T11:27:31.522+09:00 DEBUG 18536 --- [    Test worker] o.h.q.sqm.function.SqmFunctionRegistry   : Registered SqmFunctionTemplate [NamedSqmFunctionTemplate(year)] under year; prior registration was null
2023-11-20T11:27:31.522+09:00 DEBUG 18536 --- [    Test worker] o.h.q.sqm.function.SqmFunctionRegistry   : Registered SqmFunctionTemplate [NamedSqmFunctionTemplate(hour)] under hour; prior registration was null
2023-11-20T11:27:31.522+09:00 DEBUG 18536 --- [    Test worker] o.h.q.sqm.function.SqmFunctionRegistry   : Registered SqmFunctionTemplate [NamedSqmFunctionTemplate(minute)] under minute; prior registration was null
2023-11-20T11:27:31.522+09:00 DEBUG 18536 --- [    Test worker] o.h.q.sqm.function.SqmFunctionRegistry   : Registered SqmFunctionTemplate [NamedSqmFunctionTemplate(second)] under second; prior registration was null
2023-11-20T11:27:31.522+09:00 DEBUG 18536 --- [    Test worker] o.h.q.sqm.function.SqmFunctionRegistry   : Registered SqmFunctionTemplate [NamedSqmFunctionTemplate(microsecond)] under microsecond; prior registration was null
2023-11-20T11:27:31.522+09:00 DEBUG 18536 --- [    Test worker] o.h.q.sqm.function.SqmFunctionRegistry   : Registered SqmFunctionTemplate [NamedSqmFunctionTemplate(dayofweek)] under dayofweek; prior registration was null
2023-11-20T11:27:31.522+09:00 DEBUG 18536 --- [    Test worker] o.h.q.sqm.function.SqmFunctionRegistry   : Registered SqmFunctionTemplate [NamedSqmFunctionTemplate(dayofmonth)] under dayofmonth; prior registration was null
2023-11-20T11:27:31.522+09:00 DEBUG 18536 --- [    Test worker] o.h.q.sqm.function.SqmFunctionRegistry   : Registering alternate key : day -> dayofmonth
2023-11-20T11:27:31.522+09:00 DEBUG 18536 --- [    Test worker] o.h.q.sqm.function.SqmFunctionRegistry   : Registered SqmFunctionTemplate [NamedSqmFunctionTemplate(dayofyear)] under dayofyear; prior registration was null
2023-11-20T11:27:31.523+09:00 DEBUG 18536 --- [    Test worker] o.h.q.sqm.function.SqmFunctionRegistry   : Registered SqmFunctionTemplate [NamedSqmFunctionTemplate(week)] under week; prior registration was null
2023-11-20T11:27:31.523+09:00 DEBUG 18536 --- [    Test worker] o.h.q.sqm.function.SqmFunctionRegistry   : Registered SqmFunctionTemplate [NamedSqmFunctionTemplate(quarter)] under quarter; prior registration was null
2023-11-20T11:27:31.523+09:00 DEBUG 18536 --- [    Test worker] o.h.q.sqm.function.SqmFunctionRegistry   : Registered SqmFunctionTemplate [NamedSqmFunctionTemplate(monthname)] under monthname; prior registration was null
2023-11-20T11:27:31.523+09:00 DEBUG 18536 --- [    Test worker] o.h.q.sqm.function.SqmFunctionRegistry   : Registered SqmFunctionTemplate [NamedSqmFunctionTemplate(dayname)] under dayname; prior registration was null
2023-11-20T11:27:31.523+09:00 DEBUG 18536 --- [    Test worker] o.h.q.sqm.function.SqmFunctionRegistry   : Registered SqmFunctionTemplate [NamedSqmFunctionTemplate(last_day)] under last_day; prior registration was null
2023-11-20T11:27:31.523+09:00 DEBUG 18536 --- [    Test worker] o.h.q.sqm.function.SqmFunctionRegistry   : Registered SqmFunctionTemplate [NamedSqmFunctionTemplate(date)] under date; prior registration was null
2023-11-20T11:27:31.523+09:00 DEBUG 18536 --- [    Test worker] o.h.q.sqm.function.SqmFunctionRegistry   : Registered SqmFunctionTemplate [NamedSqmFunctionTemplate(timestamp)] under timestamp; prior registration was null
2023-11-20T11:27:31.523+09:00 DEBUG 18536 --- [    Test worker] o.h.q.sqm.function.SqmFunctionRegistry   : Registered SqmFunctionTemplate [NamedSqmFunctionTemplate(time)] under time; prior registration was null
2023-11-20T11:27:31.524+09:00 DEBUG 18536 --- [    Test worker] o.h.q.sqm.function.SqmFunctionRegistry   : Registered SqmFunctionTemplate [NamedSqmFunctionTemplate(utc_date)] under utc_date; prior registration was null
2023-11-20T11:27:31.524+09:00 DEBUG 18536 --- [    Test worker] o.h.q.sqm.function.SqmFunctionRegistry   : Registered SqmFunctionTemplate [NamedSqmFunctionTemplate(utc_time)] under utc_time; prior registration was null
2023-11-20T11:27:31.524+09:00 DEBUG 18536 --- [    Test worker] o.h.q.sqm.function.SqmFunctionRegistry   : Registered SqmFunctionTemplate [NamedSqmFunctionTemplate(utc_timestamp)] under utc_timestamp; prior registration was null
2023-11-20T11:27:31.524+09:00 DEBUG 18536 --- [    Test worker] o.h.q.sqm.function.SqmFunctionRegistry   : Registered SqmFunctionTemplate [NamedSqmFunctionTemplate(rand)] under rand; prior registration was null
2023-11-20T11:27:31.524+09:00 DEBUG 18536 --- [    Test worker] o.h.q.sqm.function.SqmFunctionRegistry   : Registered SqmFunctionTemplate [NamedSqmFunctionTemplate(crc32)] under crc32; prior registration was null
2023-11-20T11:27:31.524+09:00 DEBUG 18536 --- [    Test worker] o.h.q.sqm.function.SqmFunctionRegistry   : Registered SqmFunctionTemplate [NamedSqmFunctionTemplate(sha1)] under sha1; prior registration was null
2023-11-20T11:27:31.524+09:00 DEBUG 18536 --- [    Test worker] o.h.q.sqm.function.SqmFunctionRegistry   : Registered SqmFunctionTemplate [NamedSqmFunctionTemplate(sha2)] under sha2; prior registration was null
2023-11-20T11:27:31.524+09:00 DEBUG 18536 --- [    Test worker] o.h.q.sqm.function.SqmFunctionRegistry   : Registered SqmFunctionTemplate [NamedSqmFunctionTemplate(sha)] under sha; prior registration was null
2023-11-20T11:27:31.524+09:00 DEBUG 18536 --- [    Test worker] o.h.q.sqm.function.SqmFunctionRegistry   : Registered SqmFunctionTemplate [NamedSqmFunctionTemplate(bit_length)] under bit_length; prior registration was null
2023-11-20T11:27:31.524+09:00 DEBUG 18536 --- [    Test worker] o.h.q.sqm.function.SqmFunctionRegistry   : Registered SqmFunctionTemplate [NamedSqmFunctionTemplate(octet_length)] under octet_length; prior registration was NamedSqmFunctionTemplate(octet_length)
2023-11-20T11:27:31.524+09:00 DEBUG 18536 --- [    Test worker] o.h.q.sqm.function.SqmFunctionRegistry   : Registered SqmFunctionTemplate [NamedSqmFunctionTemplate(ascii)] under ascii; prior registration was null
2023-11-20T11:27:31.525+09:00 DEBUG 18536 --- [    Test worker] o.h.q.sqm.function.SqmFunctionRegistry   : Registered SqmFunctionTemplate [NamedSqmFunctionTemplate(instr)] under instr; prior registration was null
2023-11-20T11:27:31.525+09:00 DEBUG 18536 --- [    Test worker] o.h.q.sqm.function.SqmFunctionRegistry   : Registered SqmFunctionTemplate [NamedSqmFunctionTemplate(substr)] under substr; prior registration was null
2023-11-20T11:27:31.525+09:00 DEBUG 18536 --- [    Test worker] o.h.q.sqm.function.SqmFunctionRegistry   : Registered SqmFunctionTemplate [org.hibernate.query.sqm.function.PatternBasedSqmFunctionDescriptor@7a0f06ad] under position; prior registration was org.hibernate.dialect.function.LocatePositionEmulation@478530cb
2023-11-20T11:27:31.525+09:00 DEBUG 18536 --- [    Test worker] o.h.q.sqm.function.SqmFunctionRegistry   : Registered SqmFunctionTemplate [NamedSqmFunctionTemplate(curtime)] under curtime; prior registration was null
2023-11-20T11:27:31.525+09:00 DEBUG 18536 --- [    Test worker] o.h.q.sqm.function.SqmFunctionRegistry   : Registered SqmFunctionTemplate [NamedSqmFunctionTemplate(curdate)] under curdate; prior registration was null
2023-11-20T11:27:31.525+09:00 DEBUG 18536 --- [    Test worker] o.h.q.sqm.function.SqmFunctionRegistry   : Registered SqmFunctionTemplate [NamedSqmFunctionTemplate(now)] under now; prior registration was null
2023-11-20T11:27:31.532+09:00 DEBUG 18536 --- [    Test worker] o.h.q.sqm.function.SqmFunctionRegistry   : Registered SqmFunctionTemplate [org.hibernate.dialect.function.TruncFunction@144e36ae] under trunc; prior registration was null
2023-11-20T11:27:31.532+09:00 DEBUG 18536 --- [    Test worker] o.h.q.sqm.function.SqmFunctionRegistry   : Registering alternate key : truncate -> trunc
2023-11-20T11:27:31.532+09:00 DEBUG 18536 --- [    Test worker] o.h.q.sqm.function.SqmFunctionRegistry   : Registered SqmFunctionTemplate [NamedSqmFunctionTemplate(insert)] under insert; prior registration was null
2023-11-20T11:27:31.532+09:00 DEBUG 18536 --- [    Test worker] o.h.q.sqm.function.SqmFunctionRegistry   : Registered SqmFunctionTemplate [org.hibernate.query.sqm.function.PatternBasedSqmFunctionDescriptor@24615687] under bitand; prior registration was null
2023-11-20T11:27:31.532+09:00 DEBUG 18536 --- [    Test worker] o.h.q.sqm.function.SqmFunctionRegistry   : Registered SqmFunctionTemplate [org.hibernate.query.sqm.function.PatternBasedSqmFunctionDescriptor@58636b50] under bitor; prior registration was null
2023-11-20T11:27:31.533+09:00 DEBUG 18536 --- [    Test worker] o.h.q.sqm.function.SqmFunctionRegistry   : Registered SqmFunctionTemplate [org.hibernate.query.sqm.function.PatternBasedSqmFunctionDescriptor@7f4f1536] under bitxor; prior registration was null
2023-11-20T11:27:31.533+09:00 DEBUG 18536 --- [    Test worker] o.h.q.sqm.function.SqmFunctionRegistry   : Registered SqmFunctionTemplate [org.hibernate.query.sqm.function.PatternBasedSqmFunctionDescriptor@1ad1b737] under bitnot; prior registration was null
2023-11-20T11:27:31.533+09:00 DEBUG 18536 --- [    Test worker] o.h.q.sqm.function.SqmFunctionRegistry   : Registered SqmFunctionTemplate [NamedSqmFunctionTemplate(bit_and)] under bit_and; prior registration was null
2023-11-20T11:27:31.533+09:00 DEBUG 18536 --- [    Test worker] o.h.q.sqm.function.SqmFunctionRegistry   : Registered SqmFunctionTemplate [NamedSqmFunctionTemplate(bit_or)] under bit_or; prior registration was null
2023-11-20T11:27:31.533+09:00 DEBUG 18536 --- [    Test worker] o.h.q.sqm.function.SqmFunctionRegistry   : Registered SqmFunctionTemplate [NamedSqmFunctionTemplate(stddev)] under stddev; prior registration was null
2023-11-20T11:27:31.534+09:00 DEBUG 18536 --- [    Test worker] o.h.q.sqm.function.SqmFunctionRegistry   : Registered SqmFunctionTemplate [NamedSqmFunctionTemplate(stddev_pop)] under stddev_pop; prior registration was null
2023-11-20T11:27:31.534+09:00 DEBUG 18536 --- [    Test worker] o.h.q.sqm.function.SqmFunctionRegistry   : Registered SqmFunctionTemplate [NamedSqmFunctionTemplate(stddev_samp)] under stddev_samp; prior registration was null
2023-11-20T11:27:31.534+09:00 DEBUG 18536 --- [    Test worker] o.h.q.sqm.function.SqmFunctionRegistry   : Registered SqmFunctionTemplate [NamedSqmFunctionTemplate(variance)] under variance; prior registration was null
2023-11-20T11:27:31.534+09:00 DEBUG 18536 --- [    Test worker] o.h.q.sqm.function.SqmFunctionRegistry   : Registered SqmFunctionTemplate [NamedSqmFunctionTemplate(var_pop)] under var_pop; prior registration was null
2023-11-20T11:27:31.534+09:00 DEBUG 18536 --- [    Test worker] o.h.q.sqm.function.SqmFunctionRegistry   : Registered SqmFunctionTemplate [NamedSqmFunctionTemplate(var_samp)] under var_samp; prior registration was null
2023-11-20T11:27:31.536+09:00 DEBUG 18536 --- [    Test worker] o.h.q.sqm.function.SqmFunctionRegistry   : Registered SqmFunctionTemplate [NamedSqmFunctionTemplate(datediff)] under datediff; prior registration was null
2023-11-20T11:27:31.536+09:00 DEBUG 18536 --- [    Test worker] o.h.q.sqm.function.SqmFunctionRegistry   : Registered SqmFunctionTemplate [NamedSqmFunctionTemplate(adddate)] under adddate; prior registration was null
2023-11-20T11:27:31.536+09:00 DEBUG 18536 --- [    Test worker] o.h.q.sqm.function.SqmFunctionRegistry   : Registered SqmFunctionTemplate [NamedSqmFunctionTemplate(subdate)] under subdate; prior registration was null
2023-11-20T11:27:31.536+09:00 DEBUG 18536 --- [    Test worker] o.h.q.sqm.function.SqmFunctionRegistry   : Registered SqmFunctionTemplate [NamedSqmFunctionTemplate(addtime)] under addtime; prior registration was null
2023-11-20T11:27:31.536+09:00 DEBUG 18536 --- [    Test worker] o.h.q.sqm.function.SqmFunctionRegistry   : Registered SqmFunctionTemplate [NamedSqmFunctionTemplate(subtime)] under subtime; prior registration was null
2023-11-20T11:27:31.536+09:00 DEBUG 18536 --- [    Test worker] o.h.q.sqm.function.SqmFunctionRegistry   : Registered SqmFunctionTemplate [org.hibernate.dialect.function.FormatFunction@342a1f84] under format; prior registration was org.hibernate.dialect.function.FormatFunction@c67395
2023-11-20T11:27:31.536+09:00 DEBUG 18536 --- [    Test worker] o.h.q.sqm.function.SqmFunctionRegistry   : Registered SqmFunctionTemplate [NamedSqmFunctionTemplate(makedate)] under makedate; prior registration was null
2023-11-20T11:27:31.537+09:00 DEBUG 18536 --- [    Test worker] o.h.q.sqm.function.SqmFunctionRegistry   : Registered SqmFunctionTemplate [NamedSqmFunctionTemplate(maketime)] under maketime; prior registration was null
2023-11-20T11:27:31.537+09:00 DEBUG 18536 --- [    Test worker] o.h.q.sqm.function.SqmFunctionRegistry   : Registered SqmFunctionTemplate [NamedSqmFunctionTemplate(localtime)] under localtime; prior registration was null
2023-11-20T11:27:31.537+09:00 DEBUG 18536 --- [    Test worker] o.h.q.sqm.function.SqmFunctionRegistry   : Registered SqmFunctionTemplate [NamedSqmFunctionTemplate(localtimestamp)] under localtimestamp; prior registration was null
2023-11-20T11:27:31.537+09:00 DEBUG 18536 --- [    Test worker] o.h.q.sqm.function.SqmFunctionRegistry   : Registered SqmFunctionTemplate [NamedSqmFunctionTemplate(localtime)] under local_time; prior registration was org.hibernate.dialect.function.CurrentFunction@67dc6b48
2023-11-20T11:27:31.537+09:00 DEBUG 18536 --- [    Test worker] o.h.q.sqm.function.SqmFunctionRegistry   : Registered SqmFunctionTemplate [NamedSqmFunctionTemplate(localtimestamp)] under local_datetime; prior registration was org.hibernate.dialect.function.CurrentFunction@57f2e67
2023-11-20T11:27:31.537+09:00 DEBUG 18536 --- [    Test worker] o.h.q.sqm.function.SqmFunctionRegistry   : Registered SqmFunctionTemplate [NamedSqmFunctionTemplate(localtime)] under localtime; prior registration was NamedSqmFunctionTemplate(localtime)
2023-11-20T11:27:31.538+09:00 DEBUG 18536 --- [    Test worker] o.h.q.sqm.function.SqmFunctionRegistry   : Registered SqmFunctionTemplate [org.hibernate.query.sqm.function.PatternBasedSqmFunctionDescriptor@77d0dbba] under pi; prior registration was org.hibernate.query.sqm.function.PatternBasedSqmFunctionDescriptor@686b1e2d
2023-11-20T11:27:31.538+09:00 DEBUG 18536 --- [    Test worker] o.h.q.sqm.function.SqmFunctionRegistry   : Registered SqmFunctionTemplate [org.hibernate.query.sqm.function.PatternBasedSqmFunctionDescriptor@70b196d3] under chr; prior registration was null
2023-11-20T11:27:31.538+09:00 DEBUG 18536 --- [    Test worker] o.h.q.sqm.function.SqmFunctionRegistry   : Registering alternate key : char -> chr
2023-11-20T11:27:31.538+09:00 DEBUG 18536 --- [    Test worker] o.h.q.sqm.function.SqmFunctionRegistry   : Registered SqmFunctionTemplate [org.hibernate.query.sqm.function.PatternBasedSqmFunctionDescriptor@67ceeffd] under sysdate; prior registration was null
2023-11-20T11:27:31.538+09:00 DEBUG 18536 --- [    Test worker] o.h.q.sqm.function.SqmFunctionRegistry   : Registered SqmFunctionTemplate [NamedSqmFunctionTemplate(row_number)] under row_number; prior registration was null
2023-11-20T11:27:31.539+09:00 DEBUG 18536 --- [    Test worker] o.h.q.sqm.function.SqmFunctionRegistry   : Registered SqmFunctionTemplate [NamedSqmFunctionTemplate(lag)] under lag; prior registration was null
2023-11-20T11:27:31.539+09:00 DEBUG 18536 --- [    Test worker] o.h.q.sqm.function.SqmFunctionRegistry   : Registered SqmFunctionTemplate [NamedSqmFunctionTemplate(lead)] under lead; prior registration was null
2023-11-20T11:27:31.539+09:00 DEBUG 18536 --- [    Test worker] o.h.q.sqm.function.SqmFunctionRegistry   : Registered SqmFunctionTemplate [NamedSqmFunctionTemplate(first_value)] under first_value; prior registration was null
2023-11-20T11:27:31.539+09:00 DEBUG 18536 --- [    Test worker] o.h.q.sqm.function.SqmFunctionRegistry   : Registered SqmFunctionTemplate [NamedSqmFunctionTemplate(last_value)] under last_value; prior registration was null
2023-11-20T11:27:31.540+09:00 DEBUG 18536 --- [    Test worker] o.h.q.sqm.function.SqmFunctionRegistry   : Registered SqmFunctionTemplate [NamedSqmFunctionTemplate(nth_value)] under nth_value; prior registration was null
2023-11-20T11:27:31.541+09:00 DEBUG 18536 --- [    Test worker] o.h.q.sqm.function.SqmFunctionRegistry   : Registered SqmFunctionTemplate [org.hibernate.dialect.function.HypotheticalSetWindowEmulation@1a34a51e] under rank; prior registration was null
2023-11-20T11:27:31.541+09:00 DEBUG 18536 --- [    Test worker] o.h.q.sqm.function.SqmFunctionRegistry   : Registered SqmFunctionTemplate [org.hibernate.dialect.function.HypotheticalSetWindowEmulation@333a44f2] under dense_rank; prior registration was null
2023-11-20T11:27:31.541+09:00 DEBUG 18536 --- [    Test worker] o.h.q.sqm.function.SqmFunctionRegistry   : Registered SqmFunctionTemplate [org.hibernate.dialect.function.HypotheticalSetWindowEmulation@2c668c2a] under percent_rank; prior registration was null
2023-11-20T11:27:31.543+09:00 DEBUG 18536 --- [    Test worker] o.h.q.sqm.function.SqmFunctionRegistry   : Registered SqmFunctionTemplate [org.hibernate.dialect.function.HypotheticalSetWindowEmulation@6efd0a6e] under cume_dist; prior registration was null
2023-11-20T11:27:31.543+09:00 DEBUG 18536 --- [    Test worker] o.h.q.sqm.function.SqmFunctionRegistry   : Registered SqmFunctionTemplate [org.hibernate.dialect.function.ListaggGroupConcatEmulation@2e159116] under listagg; prior registration was null
2023-11-20T11:27:31.544+09:00 DEBUG 18536 --- [    Test worker] org.hibernate.HQL_FUNCTIONS              : abs(NUMERIC arg)
2023-11-20T11:27:31.544+09:00 DEBUG 18536 --- [    Test worker] org.hibernate.HQL_FUNCTIONS              : Double acos(NUMERIC arg)
2023-11-20T11:27:31.545+09:00 DEBUG 18536 --- [    Test worker] org.hibernate.HQL_FUNCTIONS              : adddate(DATE datetime, INTEGER days)
2023-11-20T11:27:31.545+09:00 DEBUG 18536 --- [    Test worker] org.hibernate.HQL_FUNCTIONS              : addtime(TIME datetime, TIME time)
2023-11-20T11:27:31.545+09:00 DEBUG 18536 --- [    Test worker] org.hibernate.HQL_FUNCTIONS              : Boolean any(BOOLEAN arg)
2023-11-20T11:27:31.545+09:00 DEBUG 18536 --- [    Test worker] org.hibernate.HQL_FUNCTIONS              : Integer ascii(STRING arg)
2023-11-20T11:27:31.545+09:00 DEBUG 18536 --- [    Test worker] org.hibernate.HQL_FUNCTIONS              : Double asin(NUMERIC arg)
2023-11-20T11:27:31.545+09:00 DEBUG 18536 --- [    Test worker] org.hibernate.HQL_FUNCTIONS              : Double atan(NUMERIC arg)
2023-11-20T11:27:31.546+09:00 DEBUG 18536 --- [    Test worker] org.hibernate.HQL_FUNCTIONS              : Double atan2(NUMERIC arg0, NUMERIC arg1)
2023-11-20T11:27:31.546+09:00 DEBUG 18536 --- [    Test worker] org.hibernate.HQL_FUNCTIONS              : Double avg(NUMERIC arg)
2023-11-20T11:27:31.546+09:00 DEBUG 18536 --- [    Test worker] org.hibernate.HQL_FUNCTIONS              : bit_and(arg)
2023-11-20T11:27:31.546+09:00 DEBUG 18536 --- [    Test worker] org.hibernate.HQL_FUNCTIONS              : Integer bit_length(STRING_OR_CLOB arg)
2023-11-20T11:27:31.546+09:00 DEBUG 18536 --- [    Test worker] org.hibernate.HQL_FUNCTIONS              : bit_or(arg)
2023-11-20T11:27:31.546+09:00 DEBUG 18536 --- [    Test worker] org.hibernate.HQL_FUNCTIONS              : bitand(arg0, arg1)
2023-11-20T11:27:31.546+09:00 DEBUG 18536 --- [    Test worker] org.hibernate.HQL_FUNCTIONS              : bitnot(arg)
2023-11-20T11:27:31.546+09:00 DEBUG 18536 --- [    Test worker] org.hibernate.HQL_FUNCTIONS              : bitor(arg0, arg1)
2023-11-20T11:27:31.546+09:00 DEBUG 18536 --- [    Test worker] org.hibernate.HQL_FUNCTIONS              : bitxor(arg0, arg1)
2023-11-20T11:27:31.546+09:00 DEBUG 18536 --- [    Test worker] org.hibernate.HQL_FUNCTIONS              : cast(arg as Type)
2023-11-20T11:27:31.546+09:00 DEBUG 18536 --- [    Test worker] org.hibernate.HQL_FUNCTIONS              : ceiling(NUMERIC arg)
2023-11-20T11:27:31.546+09:00 DEBUG 18536 --- [    Test worker] org.hibernate.HQL_FUNCTIONS              : Character char(INTEGER arg)
2023-11-20T11:27:31.546+09:00 DEBUG 18536 --- [    Test worker] org.hibernate.HQL_FUNCTIONS              : Integer character_length(STRING_OR_CLOB arg)
2023-11-20T11:27:31.546+09:00 DEBUG 18536 --- [    Test worker] org.hibernate.HQL_FUNCTIONS              : Character chr(INTEGER arg)
2023-11-20T11:27:31.546+09:00 DEBUG 18536 --- [    Test worker] org.hibernate.HQL_FUNCTIONS              : coalesce(arg0[, arg1[, ...]])
2023-11-20T11:27:31.546+09:00 DEBUG 18536 --- [    Test worker] org.hibernate.HQL_FUNCTIONS              : String collate(STRING string as COLLATION collation)
2023-11-20T11:27:31.546+09:00 DEBUG 18536 --- [    Test worker] org.hibernate.HQL_FUNCTIONS              : String concat(STRING string0[, STRING string1[, ...]])
2023-11-20T11:27:31.546+09:00 DEBUG 18536 --- [    Test worker] org.hibernate.HQL_FUNCTIONS              : Double cos(NUMERIC arg)
2023-11-20T11:27:31.548+09:00 DEBUG 18536 --- [    Test worker] org.hibernate.HQL_FUNCTIONS              : Double cosh(NUMERIC arg)
2023-11-20T11:27:31.548+09:00 DEBUG 18536 --- [    Test worker] org.hibernate.HQL_FUNCTIONS              : Double cot(NUMERIC arg)
2023-11-20T11:27:31.548+09:00 DEBUG 18536 --- [    Test worker] org.hibernate.HQL_FUNCTIONS              : Long count([distinct ]{arg|*})
2023-11-20T11:27:31.548+09:00 DEBUG 18536 --- [    Test worker] org.hibernate.HQL_FUNCTIONS              : Integer crc32(arg)
2023-11-20T11:27:31.548+09:00 DEBUG 18536 --- [    Test worker] org.hibernate.HQL_FUNCTIONS              : Double cume_dist([arg0[, ...]])
2023-11-20T11:27:31.548+09:00 DEBUG 18536 --- [    Test worker] org.hibernate.HQL_FUNCTIONS              : Date curdate()
2023-11-20T11:27:31.548+09:00 DEBUG 18536 --- [    Test worker] org.hibernate.HQL_FUNCTIONS              : Date current date
2023-11-20T11:27:31.548+09:00 DEBUG 18536 --- [    Test worker] org.hibernate.HQL_FUNCTIONS              : Time current time
2023-11-20T11:27:31.548+09:00 DEBUG 18536 --- [    Test worker] org.hibernate.HQL_FUNCTIONS              : Timestamp current timestamp
2023-11-20T11:27:31.548+09:00 DEBUG 18536 --- [    Test worker] org.hibernate.HQL_FUNCTIONS              : Date current_date
2023-11-20T11:27:31.548+09:00 DEBUG 18536 --- [    Test worker] org.hibernate.HQL_FUNCTIONS              : Instant current_instant
2023-11-20T11:27:31.548+09:00 DEBUG 18536 --- [    Test worker] org.hibernate.HQL_FUNCTIONS              : Time current_time
2023-11-20T11:27:31.548+09:00 DEBUG 18536 --- [    Test worker] org.hibernate.HQL_FUNCTIONS              : Timestamp current_timestamp
2023-11-20T11:27:31.548+09:00 DEBUG 18536 --- [    Test worker] org.hibernate.HQL_FUNCTIONS              : Time curtime()
2023-11-20T11:27:31.548+09:00 DEBUG 18536 --- [    Test worker] org.hibernate.HQL_FUNCTIONS              : Date date(arg)
2023-11-20T11:27:31.548+09:00 DEBUG 18536 --- [    Test worker] org.hibernate.HQL_FUNCTIONS              : dateadd(TEMPORAL_UNIT field, INTEGER magnitude, TEMPORAL datetime)
2023-11-20T11:27:31.549+09:00 DEBUG 18536 --- [    Test worker] org.hibernate.HQL_FUNCTIONS              : Integer datediff(DATE end, DATE start)
2023-11-20T11:27:31.549+09:00 DEBUG 18536 --- [    Test worker] org.hibernate.HQL_FUNCTIONS              : Integer day(DATE arg)
2023-11-20T11:27:31.549+09:00 DEBUG 18536 --- [    Test worker] org.hibernate.HQL_FUNCTIONS              : String dayname(DATE arg)
2023-11-20T11:27:31.549+09:00 DEBUG 18536 --- [    Test worker] org.hibernate.HQL_FUNCTIONS              : Integer dayofmonth(DATE arg)
2023-11-20T11:27:31.549+09:00 DEBUG 18536 --- [    Test worker] org.hibernate.HQL_FUNCTIONS              : Integer dayofweek(DATE arg)
2023-11-20T11:27:31.549+09:00 DEBUG 18536 --- [    Test worker] org.hibernate.HQL_FUNCTIONS              : Integer dayofyear(DATE arg)
2023-11-20T11:27:31.549+09:00 DEBUG 18536 --- [    Test worker] org.hibernate.HQL_FUNCTIONS              : Double degrees(NUMERIC arg)
2023-11-20T11:27:31.549+09:00 DEBUG 18536 --- [    Test worker] org.hibernate.HQL_FUNCTIONS              : Long dense_rank([arg0[, ...]])
2023-11-20T11:27:31.549+09:00 DEBUG 18536 --- [    Test worker] org.hibernate.HQL_FUNCTIONS              : Boolean every(BOOLEAN arg)
2023-11-20T11:27:31.549+09:00 DEBUG 18536 --- [    Test worker] org.hibernate.HQL_FUNCTIONS              : Double exp(NUMERIC arg)
2023-11-20T11:27:31.549+09:00 DEBUG 18536 --- [    Test worker] org.hibernate.HQL_FUNCTIONS              : extract(TEMPORAL_UNIT field from TEMPORAL arg)
2023-11-20T11:27:31.549+09:00 DEBUG 18536 --- [    Test worker] org.hibernate.HQL_FUNCTIONS              : first_valueANY value
2023-11-20T11:27:31.550+09:00 DEBUG 18536 --- [    Test worker] org.hibernate.HQL_FUNCTIONS              : floor(NUMERIC arg)
2023-11-20T11:27:31.550+09:00 DEBUG 18536 --- [    Test worker] org.hibernate.HQL_FUNCTIONS              : String format(TEMPORAL datetime as STRING pattern)
2023-11-20T11:27:31.550+09:00 DEBUG 18536 --- [    Test worker] org.hibernate.HQL_FUNCTIONS              : greatest(COMPARABLE arg0, COMPARABLE arg1[, arg2[, ...]])
2023-11-20T11:27:31.550+09:00 DEBUG 18536 --- [    Test worker] org.hibernate.HQL_FUNCTIONS              : Integer hour(TIME arg)
2023-11-20T11:27:31.550+09:00 DEBUG 18536 --- [    Test worker] org.hibernate.HQL_FUNCTIONS              : ifnull(arg0, arg1)
2023-11-20T11:27:31.550+09:00 DEBUG 18536 --- [    Test worker] org.hibernate.HQL_FUNCTIONS              : String insert(STRING string, INTEGER start, INTEGER length, STRING replacement)
2023-11-20T11:27:31.550+09:00 DEBUG 18536 --- [    Test worker] org.hibernate.HQL_FUNCTIONS              : Instant instant
2023-11-20T11:27:31.550+09:00 DEBUG 18536 --- [    Test worker] org.hibernate.HQL_FUNCTIONS              : Integer instr(STRING string, STRING pattern[, INTEGER start[, INTEGER occurrence]])
2023-11-20T11:27:31.550+09:00 DEBUG 18536 --- [    Test worker] org.hibernate.HQL_FUNCTIONS              : lagANY value[, INTEGER offset[, ANY default]]
2023-11-20T11:27:31.550+09:00 DEBUG 18536 --- [    Test worker] org.hibernate.HQL_FUNCTIONS              : Date last_day(DATE arg)
2023-11-20T11:27:31.550+09:00 DEBUG 18536 --- [    Test worker] org.hibernate.HQL_FUNCTIONS              : last_valueANY value
2023-11-20T11:27:31.550+09:00 DEBUG 18536 --- [    Test worker] org.hibernate.HQL_FUNCTIONS              : leadANY value[, INTEGER offset[, ANY default]]
2023-11-20T11:27:31.550+09:00 DEBUG 18536 --- [    Test worker] org.hibernate.HQL_FUNCTIONS              : least(COMPARABLE arg0, COMPARABLE arg1[, arg2[, ...]])
2023-11-20T11:27:31.551+09:00 DEBUG 18536 --- [    Test worker] org.hibernate.HQL_FUNCTIONS              : String left(STRING string, INTEGER length)
2023-11-20T11:27:31.551+09:00 DEBUG 18536 --- [    Test worker] org.hibernate.HQL_FUNCTIONS              : Integer length(STRING_OR_CLOB arg)
2023-11-20T11:27:31.551+09:00 DEBUG 18536 --- [    Test worker] org.hibernate.HQL_FUNCTIONS              : String listagg(STRING arg0, STRING arg1)
2023-11-20T11:27:31.551+09:00 DEBUG 18536 --- [    Test worker] org.hibernate.HQL_FUNCTIONS              : Double ln(NUMERIC arg)
2023-11-20T11:27:31.551+09:00 DEBUG 18536 --- [    Test worker] org.hibernate.HQL_FUNCTIONS              : LocalDate local date
2023-11-20T11:27:31.551+09:00 DEBUG 18536 --- [    Test worker] org.hibernate.HQL_FUNCTIONS              : LocalDateTime local datetime
2023-11-20T11:27:31.551+09:00 DEBUG 18536 --- [    Test worker] org.hibernate.HQL_FUNCTIONS              : LocalTime local time
2023-11-20T11:27:31.551+09:00 DEBUG 18536 --- [    Test worker] org.hibernate.HQL_FUNCTIONS              : LocalDate local_date
2023-11-20T11:27:31.551+09:00 DEBUG 18536 --- [    Test worker] org.hibernate.HQL_FUNCTIONS              : LocalDateTime local_datetime
2023-11-20T11:27:31.551+09:00 DEBUG 18536 --- [    Test worker] org.hibernate.HQL_FUNCTIONS              : LocalTime local_time
2023-11-20T11:27:31.551+09:00 DEBUG 18536 --- [    Test worker] org.hibernate.HQL_FUNCTIONS              : Timestamp localtime
2023-11-20T11:27:31.551+09:00 DEBUG 18536 --- [    Test worker] org.hibernate.HQL_FUNCTIONS              : Timestamp localtimestamp
2023-11-20T11:27:31.552+09:00 DEBUG 18536 --- [    Test worker] org.hibernate.HQL_FUNCTIONS              : Integer locate(STRING pattern, STRING string[, INTEGER start])
2023-11-20T11:27:31.552+09:00 DEBUG 18536 --- [    Test worker] org.hibernate.HQL_FUNCTIONS              : Double log(NUMERIC arg0[, NUMERIC arg1])
2023-11-20T11:27:31.552+09:00 DEBUG 18536 --- [    Test worker] org.hibernate.HQL_FUNCTIONS              : Double log10(NUMERIC arg)
2023-11-20T11:27:31.552+09:00 DEBUG 18536 --- [    Test worker] org.hibernate.HQL_FUNCTIONS              : Double log2(NUMERIC arg)
2023-11-20T11:27:31.552+09:00 DEBUG 18536 --- [    Test worker] org.hibernate.HQL_FUNCTIONS              : String lower(STRING string)
2023-11-20T11:27:31.552+09:00 DEBUG 18536 --- [    Test worker] org.hibernate.HQL_FUNCTIONS              : String lpad(string, length[, padding])
2023-11-20T11:27:31.552+09:00 DEBUG 18536 --- [    Test worker] org.hibernate.HQL_FUNCTIONS              : String ltrim(STRING string[, STRING characters])
2023-11-20T11:27:31.552+09:00 DEBUG 18536 --- [    Test worker] org.hibernate.HQL_FUNCTIONS              : Date makedate(INTEGER year, INTEGER dayofyear)
2023-11-20T11:27:31.552+09:00 DEBUG 18536 --- [    Test worker] org.hibernate.HQL_FUNCTIONS              : Time maketime(INTEGER hour, INTEGER min, INTEGER sec)
2023-11-20T11:27:31.552+09:00 DEBUG 18536 --- [    Test worker] org.hibernate.HQL_FUNCTIONS              : max(COMPARABLE arg)
2023-11-20T11:27:31.552+09:00 DEBUG 18536 --- [    Test worker] org.hibernate.HQL_FUNCTIONS              : String md5(arg)
2023-11-20T11:27:31.552+09:00 DEBUG 18536 --- [    Test worker] org.hibernate.HQL_FUNCTIONS              : Integer microsecond(TIME arg)
2023-11-20T11:27:31.553+09:00 DEBUG 18536 --- [    Test worker] org.hibernate.HQL_FUNCTIONS              : min(COMPARABLE arg)
2023-11-20T11:27:31.553+09:00 DEBUG 18536 --- [    Test worker] org.hibernate.HQL_FUNCTIONS              : Integer minute(TIME arg)
2023-11-20T11:27:31.553+09:00 DEBUG 18536 --- [    Test worker] org.hibernate.HQL_FUNCTIONS              : Integer mod(INTEGER arg0, INTEGER arg1)
2023-11-20T11:27:31.553+09:00 DEBUG 18536 --- [    Test worker] org.hibernate.HQL_FUNCTIONS              : Integer month(DATE arg)
2023-11-20T11:27:31.553+09:00 DEBUG 18536 --- [    Test worker] org.hibernate.HQL_FUNCTIONS              : String monthname(DATE arg)
2023-11-20T11:27:31.553+09:00 DEBUG 18536 --- [    Test worker] org.hibernate.HQL_FUNCTIONS              : Timestamp now()
2023-11-20T11:27:31.553+09:00 DEBUG 18536 --- [    Test worker] org.hibernate.HQL_FUNCTIONS              : nth_valueANY value, INTEGER nth
2023-11-20T11:27:31.553+09:00 DEBUG 18536 --- [    Test worker] org.hibernate.HQL_FUNCTIONS              : nullif(arg0, arg1)
2023-11-20T11:27:31.554+09:00 DEBUG 18536 --- [    Test worker] org.hibernate.HQL_FUNCTIONS              : Integer octet_length(STRING_OR_CLOB arg)
2023-11-20T11:27:31.554+09:00 DEBUG 18536 --- [    Test worker] org.hibernate.HQL_FUNCTIONS              : OffsetDateTime offset datetime
2023-11-20T11:27:31.554+09:00 DEBUG 18536 --- [    Test worker] org.hibernate.HQL_FUNCTIONS              : OffsetDateTime offset_datetime
2023-11-20T11:27:31.554+09:00 DEBUG 18536 --- [    Test worker] org.hibernate.HQL_FUNCTIONS              : String overlay(STRING string placing STRING replacement from INTEGER start[ for INTEGER length])
2023-11-20T11:27:31.554+09:00 DEBUG 18536 --- [    Test worker] org.hibernate.HQL_FUNCTIONS              : String pad(STRING string with INTEGER length {leading|trailing}[ STRING character])
2023-11-20T11:27:31.554+09:00 DEBUG 18536 --- [    Test worker] org.hibernate.HQL_FUNCTIONS              : Double percent_rank([arg0[, ...]])
2023-11-20T11:27:31.554+09:00 DEBUG 18536 --- [    Test worker] org.hibernate.HQL_FUNCTIONS              : Double pi
2023-11-20T11:27:31.554+09:00 DEBUG 18536 --- [    Test worker] org.hibernate.HQL_FUNCTIONS              : Integer position(STRING pattern in STRING string)
2023-11-20T11:27:31.554+09:00 DEBUG 18536 --- [    Test worker] org.hibernate.HQL_FUNCTIONS              : Double power(NUMERIC arg0, NUMERIC arg1)
2023-11-20T11:27:31.554+09:00 DEBUG 18536 --- [    Test worker] org.hibernate.HQL_FUNCTIONS              : Integer quarter(DATE arg)
2023-11-20T11:27:31.554+09:00 DEBUG 18536 --- [    Test worker] org.hibernate.HQL_FUNCTIONS              : Double radians(NUMERIC arg)
2023-11-20T11:27:31.554+09:00 DEBUG 18536 --- [    Test worker] org.hibernate.HQL_FUNCTIONS              : Double rand([INTEGER seed])
2023-11-20T11:27:31.554+09:00 DEBUG 18536 --- [    Test worker] org.hibernate.HQL_FUNCTIONS              : Long rank([arg0[, ...]])
2023-11-20T11:27:31.554+09:00 DEBUG 18536 --- [    Test worker] org.hibernate.HQL_FUNCTIONS              : String repeat(STRING string, INTEGER times)
2023-11-20T11:27:31.555+09:00 DEBUG 18536 --- [    Test worker] org.hibernate.HQL_FUNCTIONS              : String replace(STRING string, STRING pattern, STRING replacement)
2023-11-20T11:27:31.555+09:00 DEBUG 18536 --- [    Test worker] org.hibernate.HQL_FUNCTIONS              : String reverse(STRING arg)
2023-11-20T11:27:31.555+09:00 DEBUG 18536 --- [    Test worker] org.hibernate.HQL_FUNCTIONS              : String right(STRING string, INTEGER length)
2023-11-20T11:27:31.555+09:00 DEBUG 18536 --- [    Test worker] org.hibernate.HQL_FUNCTIONS              : round(NUMERIC number[, INTEGER places])
2023-11-20T11:27:31.555+09:00 DEBUG 18536 --- [    Test worker] org.hibernate.HQL_FUNCTIONS              : Long row_number()
2023-11-20T11:27:31.555+09:00 DEBUG 18536 --- [    Test worker] org.hibernate.HQL_FUNCTIONS              : String rpad(string, length[, padding])
2023-11-20T11:27:31.555+09:00 DEBUG 18536 --- [    Test worker] org.hibernate.HQL_FUNCTIONS              : String rtrim(STRING string[, STRING characters])
2023-11-20T11:27:31.555+09:00 DEBUG 18536 --- [    Test worker] org.hibernate.HQL_FUNCTIONS              : Integer second(TIME arg)
2023-11-20T11:27:31.555+09:00 DEBUG 18536 --- [    Test worker] org.hibernate.HQL_FUNCTIONS              : String sha(arg)
2023-11-20T11:27:31.555+09:00 DEBUG 18536 --- [    Test worker] org.hibernate.HQL_FUNCTIONS              : String sha1(arg)
2023-11-20T11:27:31.555+09:00 DEBUG 18536 --- [    Test worker] org.hibernate.HQL_FUNCTIONS              : String sha2(arg0, arg1)
2023-11-20T11:27:31.555+09:00 DEBUG 18536 --- [    Test worker] org.hibernate.HQL_FUNCTIONS              : Integer sign(NUMERIC arg)
2023-11-20T11:27:31.555+09:00 DEBUG 18536 --- [    Test worker] org.hibernate.HQL_FUNCTIONS              : Double sin(NUMERIC arg)
2023-11-20T11:27:31.555+09:00 DEBUG 18536 --- [    Test worker] org.hibernate.HQL_FUNCTIONS              : Double sinh(NUMERIC arg)
2023-11-20T11:27:31.556+09:00 DEBUG 18536 --- [    Test worker] org.hibernate.HQL_FUNCTIONS              : String soundex(arg)
2023-11-20T11:27:31.556+09:00 DEBUG 18536 --- [    Test worker] org.hibernate.HQL_FUNCTIONS              : String space(INTEGER arg)
2023-11-20T11:27:31.556+09:00 DEBUG 18536 --- [    Test worker] org.hibernate.HQL_FUNCTIONS              : Object sql
2023-11-20T11:27:31.556+09:00 DEBUG 18536 --- [    Test worker] org.hibernate.HQL_FUNCTIONS              : Double sqrt(NUMERIC arg)
2023-11-20T11:27:31.556+09:00 DEBUG 18536 --- [    Test worker] org.hibernate.HQL_FUNCTIONS              : Double stddev(NUMERIC arg)
2023-11-20T11:27:31.556+09:00 DEBUG 18536 --- [    Test worker] org.hibernate.HQL_FUNCTIONS              : Double stddev_pop(NUMERIC arg)
2023-11-20T11:27:31.556+09:00 DEBUG 18536 --- [    Test worker] org.hibernate.HQL_FUNCTIONS              : Double stddev_samp(NUMERIC arg)
2023-11-20T11:27:31.556+09:00 DEBUG 18536 --- [    Test worker] org.hibernate.HQL_FUNCTIONS              : String str(arg)
2023-11-20T11:27:31.556+09:00 DEBUG 18536 --- [    Test worker] org.hibernate.HQL_FUNCTIONS              : subdate(DATE datetime, INTEGER days)
2023-11-20T11:27:31.556+09:00 DEBUG 18536 --- [    Test worker] org.hibernate.HQL_FUNCTIONS              : String substr(STRING string, INTEGER start[, INTEGER length])
2023-11-20T11:27:31.556+09:00 DEBUG 18536 --- [    Test worker] org.hibernate.HQL_FUNCTIONS              : String substring(STRING string{ from|,} INTEGER start[{ for|,} INTEGER length])
2023-11-20T11:27:31.556+09:00 DEBUG 18536 --- [    Test worker] org.hibernate.HQL_FUNCTIONS              : subtime(TIME datetime, TIME time)
2023-11-20T11:27:31.556+09:00 DEBUG 18536 --- [    Test worker] org.hibernate.HQL_FUNCTIONS              : sum(arg)
2023-11-20T11:27:31.557+09:00 DEBUG 18536 --- [    Test worker] org.hibernate.HQL_FUNCTIONS              : Timestamp sysdate()
2023-11-20T11:27:31.557+09:00 DEBUG 18536 --- [    Test worker] org.hibernate.HQL_FUNCTIONS              : Double tan(NUMERIC arg)
2023-11-20T11:27:31.557+09:00 DEBUG 18536 --- [    Test worker] org.hibernate.HQL_FUNCTIONS              : Double tanh(NUMERIC arg)
2023-11-20T11:27:31.557+09:00 DEBUG 18536 --- [    Test worker] org.hibernate.HQL_FUNCTIONS              : String time(arg)
2023-11-20T11:27:31.557+09:00 DEBUG 18536 --- [    Test worker] org.hibernate.HQL_FUNCTIONS              : Timestamp timestamp(arg0[, arg1])
2023-11-20T11:27:31.557+09:00 DEBUG 18536 --- [    Test worker] org.hibernate.HQL_FUNCTIONS              : timestampadd(TEMPORAL_UNIT field, INTEGER magnitude, TEMPORAL datetime)
2023-11-20T11:27:31.557+09:00 DEBUG 18536 --- [    Test worker] org.hibernate.HQL_FUNCTIONS              : basicType@12(java.lang.Long,-5)|basicType@17(java.lang.Double,8) timestampdiff(TEMPORAL_UNIT field, TEMPORAL start, TEMPORAL end)
2023-11-20T11:27:31.558+09:00 DEBUG 18536 --- [    Test worker] org.hibernate.HQL_FUNCTIONS              : String trim([[{leading|trailing|both} ][STRING arg0 ]from] STRING arg1)
2023-11-20T11:27:31.558+09:00 DEBUG 18536 --- [    Test worker] org.hibernate.HQL_FUNCTIONS              : trunc( ... )
2023-11-20T11:27:31.558+09:00 DEBUG 18536 --- [    Test worker] org.hibernate.HQL_FUNCTIONS              : truncate( ... )
2023-11-20T11:27:31.558+09:00 DEBUG 18536 --- [    Test worker] org.hibernate.HQL_FUNCTIONS              : String upper(STRING string)
2023-11-20T11:27:31.558+09:00 DEBUG 18536 --- [    Test worker] org.hibernate.HQL_FUNCTIONS              : Date utc_date
2023-11-20T11:27:31.558+09:00 DEBUG 18536 --- [    Test worker] org.hibernate.HQL_FUNCTIONS              : Time utc_time
2023-11-20T11:27:31.558+09:00 DEBUG 18536 --- [    Test worker] org.hibernate.HQL_FUNCTIONS              : Timestamp utc_timestamp
2023-11-20T11:27:31.558+09:00 DEBUG 18536 --- [    Test worker] org.hibernate.HQL_FUNCTIONS              : Double var_pop(NUMERIC arg)
2023-11-20T11:27:31.558+09:00 DEBUG 18536 --- [    Test worker] org.hibernate.HQL_FUNCTIONS              : Double var_samp(NUMERIC arg)
2023-11-20T11:27:31.558+09:00 DEBUG 18536 --- [    Test worker] org.hibernate.HQL_FUNCTIONS              : Double variance(NUMERIC arg)
2023-11-20T11:27:31.558+09:00 DEBUG 18536 --- [    Test worker] org.hibernate.HQL_FUNCTIONS              : Integer week(DATE arg)
2023-11-20T11:27:31.558+09:00 DEBUG 18536 --- [    Test worker] org.hibernate.HQL_FUNCTIONS              : Integer year(DATE arg)
2023-11-20T11:27:31.566+09:00 DEBUG 18536 --- [    Test worker] org.hibernate.orm.query.plan.cache       : Starting QueryPlanCache(2048)
2023-11-20T11:27:31.649+09:00 DEBUG 18536 --- [    Test worker] .h.s.i.SessionFactoryServiceRegistryImpl : EventListenerRegistry access via ServiceRegistry is deprecated.  Use `sessionFactory.getEventEngine().getListenerRegistry()` instead
2023-11-20T11:27:31.650+09:00 DEBUG 18536 --- [    Test worker] h.e.i.EntityCopyObserverFactoryInitiator : Configured EntityCopyObserver strategy: disallow
2023-11-20T11:27:31.669+09:00 DEBUG 18536 --- [    Test worker] o.hibernate.orm.model.mapping.creation   : Starting post-init callbacks
2023-11-20T11:27:31.680+09:00  INFO 18536 --- [    Test worker] o.h.e.t.j.p.i.JtaPlatformInitiator       : HHH000489: No JTA platform available (set 'hibernate.transaction.jta.platform' to enable JTA platform integration)
2023-11-20T11:27:31.681+09:00 DEBUG 18536 --- [    Test worker] o.h.type.spi.TypeConfiguration$Scope     : Scoping TypeConfiguration [org.hibernate.type.spi.TypeConfiguration@cd5ff55] to SessionFactoryImplementor [org.hibernate.internal.SessionFactoryImpl@2ec0ca83]
2023-11-20T11:27:31.682+09:00 DEBUG 18536 --- [    Test worker] o.h.query.named.NamedObjectRepository    : Checking 0 named HQL queries
2023-11-20T11:27:31.682+09:00 DEBUG 18536 --- [    Test worker] o.h.query.named.NamedObjectRepository    : Checking 0 named SQL queries
2023-11-20T11:27:31.684+09:00 DEBUG 18536 --- [    Test worker] .h.t.s.s.SchemaManagementToolCoordinator : No actions found; doing nothing
2023-11-20T11:27:31.686+09:00 DEBUG 18536 --- [    Test worker] o.h.internal.SessionFactoryRegistry      : Initializing SessionFactoryRegistry : org.hibernate.internal.SessionFactoryRegistry@8debe42
2023-11-20T11:27:31.686+09:00 DEBUG 18536 --- [    Test worker] o.h.internal.SessionFactoryRegistry      : Registering SessionFactory: 1aeaa7a7-acf6-4b3c-838f-e938aea350b8 (<unnamed>)
2023-11-20T11:27:31.686+09:00 DEBUG 18536 --- [    Test worker] o.h.internal.SessionFactoryRegistry      : Not binding SessionFactory to JNDI, no JNDI name configured
2023-11-20T11:27:31.686+09:00 DEBUG 18536 --- [    Test worker] o.hibernate.internal.SessionFactoryImpl  : Instantiated SessionFactory
2023-11-20T11:27:31.686+09:00  INFO 18536 --- [    Test worker] j.LocalContainerEntityManagerFactoryBean : Initialized JPA EntityManagerFactory for persistence unit 'default'
2023-11-20T11:27:31.691+09:00 DEBUG 18536 --- [    Test worker] o.s.b.f.s.DefaultListableBeanFactory     : Creating shared instance of singleton bean 'fourFlowerServerApplication'
2023-11-20T11:27:31.693+09:00 DEBUG 18536 --- [    Test worker] o.s.b.f.s.DefaultListableBeanFactory     : Creating shared instance of singleton bean 'org.springframework.boot.autoconfigure.context.PropertyPlaceholderAutoConfiguration'
2023-11-20T11:27:31.695+09:00 DEBUG 18536 --- [    Test worker] o.s.b.f.s.DefaultListableBeanFactory     : Creating shared instance of singleton bean 'org.springframework.boot.autoconfigure.ssl.SslAutoConfiguration'
2023-11-20T11:27:31.695+09:00 DEBUG 18536 --- [    Test worker] o.s.b.f.s.DefaultListableBeanFactory     : Creating shared instance of singleton bean 'sslPropertiesSslBundleRegistrar'
2023-11-20T11:27:31.697+09:00 DEBUG 18536 --- [    Test worker] o.s.b.f.s.DefaultListableBeanFactory     : Creating shared instance of singleton bean 'spring.ssl-org.springframework.boot.autoconfigure.ssl.SslProperties'
2023-11-20T11:27:31.698+09:00 DEBUG 18536 --- [    Test worker] o.s.b.f.s.DefaultListableBeanFactory     : Autowiring by type from bean name 'sslPropertiesSslBundleRegistrar' via factory method to bean named 'spring.ssl-org.springframework.boot.autoconfigure.ssl.SslProperties'
2023-11-20T11:27:31.700+09:00 DEBUG 18536 --- [    Test worker] o.s.b.f.s.DefaultListableBeanFactory     : Creating shared instance of singleton bean 'sslBundleRegistry'
2023-11-20T11:27:31.701+09:00 DEBUG 18536 --- [    Test worker] o.s.b.f.s.DefaultListableBeanFactory     : Autowiring by type from bean name 'sslBundleRegistry' via factory method to bean named 'sslPropertiesSslBundleRegistrar'
2023-11-20T11:27:31.706+09:00 DEBUG 18536 --- [    Test worker] o.s.b.f.s.DefaultListableBeanFactory     : Creating shared instance of singleton bean 'org.springframework.boot.context.properties.EnableConfigurationPropertiesRegistrar.methodValidationExcludeFilter'
2023-11-20T11:27:31.709+09:00 DEBUG 18536 --- [    Test worker] o.s.b.f.s.DefaultListableBeanFactory     : Creating shared instance of singleton bean 'org.springframework.boot.autoconfigure.websocket.servlet.WebSocketServletAutoConfiguration$TomcatWebSocketConfiguration'
2023-11-20T11:27:31.710+09:00 DEBUG 18536 --- [    Test worker] o.s.b.f.s.DefaultListableBeanFactory     : Creating shared instance of singleton bean 'websocketServletWebServerCustomizer'
2023-11-20T11:27:31.713+09:00 DEBUG 18536 --- [    Test worker] o.s.b.f.s.DefaultListableBeanFactory     : Creating shared instance of singleton bean 'org.springframework.boot.autoconfigure.websocket.servlet.WebSocketServletAutoConfiguration'
2023-11-20T11:27:31.714+09:00 DEBUG 18536 --- [    Test worker] o.s.b.f.s.DefaultListableBeanFactory     : Creating shared instance of singleton bean 'org.springframework.boot.autoconfigure.web.servlet.ServletWebServerFactoryConfiguration$EmbeddedTomcat'
2023-11-20T11:27:31.714+09:00 DEBUG 18536 --- [    Test worker] o.s.b.f.s.DefaultListableBeanFactory     : Creating shared instance of singleton bean 'tomcatServletWebServerFactory'
2023-11-20T11:27:31.771+09:00 DEBUG 18536 --- [    Test worker] o.s.b.f.s.DefaultListableBeanFactory     : Creating shared instance of singleton bean 'servletWebServerFactoryCustomizer'
2023-11-20T11:27:31.771+09:00 DEBUG 18536 --- [    Test worker] o.s.b.f.s.DefaultListableBeanFactory     : Creating shared instance of singleton bean 'org.springframework.boot.autoconfigure.web.servlet.ServletWebServerFactoryAutoConfiguration'
2023-11-20T11:27:31.773+09:00 DEBUG 18536 --- [    Test worker] o.s.b.f.s.DefaultListableBeanFactory     : Creating shared instance of singleton bean 'server-org.springframework.boot.autoconfigure.web.ServerProperties'
2023-11-20T11:27:31.784+09:00 DEBUG 18536 --- [    Test worker] o.s.b.f.s.DefaultListableBeanFactory     : Autowiring by type from bean name 'servletWebServerFactoryCustomizer' via factory method to bean named 'server-org.springframework.boot.autoconfigure.web.ServerProperties'
2023-11-20T11:27:31.786+09:00 DEBUG 18536 --- [    Test worker] o.s.b.f.s.DefaultListableBeanFactory     : Creating shared instance of singleton bean 'tomcatServletWebServerFactoryCustomizer'
2023-11-20T11:27:31.787+09:00 DEBUG 18536 --- [    Test worker] o.s.b.f.s.DefaultListableBeanFactory     : Autowiring by type from bean name 'tomcatServletWebServerFactoryCustomizer' via factory method to bean named 'server-org.springframework.boot.autoconfigure.web.ServerProperties'
2023-11-20T11:27:31.789+09:00 DEBUG 18536 --- [    Test worker] o.s.b.f.s.DefaultListableBeanFactory     : Creating shared instance of singleton bean 'localeCharsetMappingsCustomizer'
2023-11-20T11:27:31.789+09:00 DEBUG 18536 --- [    Test worker] o.s.b.f.s.DefaultListableBeanFactory     : Creating shared instance of singleton bean 'org.springframework.boot.autoconfigure.web.servlet.HttpEncodingAutoConfiguration'
2023-11-20T11:27:31.789+09:00 DEBUG 18536 --- [    Test worker] o.s.b.f.s.DefaultListableBeanFactory     : Autowiring by type from bean name 'org.springframework.boot.autoconfigure.web.servlet.HttpEncodingAutoConfiguration' via constructor to bean named 'server-org.springframework.boot.autoconfigure.web.ServerProperties'
2023-11-20T11:27:31.806+09:00 DEBUG 18536 --- [    Test worker] o.s.b.f.s.DefaultListableBeanFactory     : Creating shared instance of singleton bean 'errorPageCustomizer'
2023-11-20T11:27:31.807+09:00 DEBUG 18536 --- [    Test worker] o.s.b.f.s.DefaultListableBeanFactory     : Creating shared instance of singleton bean 'org.springframework.boot.autoconfigure.web.servlet.error.ErrorMvcAutoConfiguration'
2023-11-20T11:27:31.807+09:00 DEBUG 18536 --- [    Test worker] o.s.b.f.s.DefaultListableBeanFactory     : Autowiring by type from bean name 'org.springframework.boot.autoconfigure.web.servlet.error.ErrorMvcAutoConfiguration' via constructor to bean named 'server-org.springframework.boot.autoconfigure.web.ServerProperties'
2023-11-20T11:27:31.808+09:00 DEBUG 18536 --- [    Test worker] o.s.b.f.s.DefaultListableBeanFactory     : Creating shared instance of singleton bean 'dispatcherServletRegistration'
2023-11-20T11:27:31.809+09:00 DEBUG 18536 --- [    Test worker] o.s.b.f.s.DefaultListableBeanFactory     : Creating shared instance of singleton bean 'org.springframework.boot.autoconfigure.web.servlet.DispatcherServletAutoConfiguration$DispatcherServletRegistrationConfiguration'
2023-11-20T11:27:31.810+09:00 DEBUG 18536 --- [    Test worker] o.s.b.f.s.DefaultListableBeanFactory     : Creating shared instance of singleton bean 'dispatcherServlet'
2023-11-20T11:27:31.810+09:00 DEBUG 18536 --- [    Test worker] o.s.b.f.s.DefaultListableBeanFactory     : Creating shared instance of singleton bean 'org.springframework.boot.autoconfigure.web.servlet.DispatcherServletAutoConfiguration$DispatcherServletConfiguration'
2023-11-20T11:27:31.812+09:00 DEBUG 18536 --- [    Test worker] o.s.b.f.s.DefaultListableBeanFactory     : Creating shared instance of singleton bean 'spring.mvc-org.springframework.boot.autoconfigure.web.servlet.WebMvcProperties'
2023-11-20T11:27:31.819+09:00 DEBUG 18536 --- [    Test worker] o.s.b.f.s.DefaultListableBeanFactory     : Autowiring by type from bean name 'dispatcherServlet' via factory method to bean named 'spring.mvc-org.springframework.boot.autoconfigure.web.servlet.WebMvcProperties'
2023-11-20T11:27:31.838+09:00 DEBUG 18536 --- [    Test worker] o.s.b.f.s.DefaultListableBeanFactory     : Autowiring by type from bean name 'dispatcherServletRegistration' via factory method to bean named 'dispatcherServlet'
2023-11-20T11:27:31.838+09:00 DEBUG 18536 --- [    Test worker] o.s.b.f.s.DefaultListableBeanFactory     : Autowiring by type from bean name 'dispatcherServletRegistration' via factory method to bean named 'spring.mvc-org.springframework.boot.autoconfigure.web.servlet.WebMvcProperties'
2023-11-20T11:27:31.840+09:00 DEBUG 18536 --- [    Test worker] o.s.b.f.s.DefaultListableBeanFactory     : Creating shared instance of singleton bean 'multipartConfigElement'
2023-11-20T11:27:31.841+09:00 DEBUG 18536 --- [    Test worker] o.s.b.f.s.DefaultListableBeanFactory     : Creating shared instance of singleton bean 'org.springframework.boot.autoconfigure.web.servlet.MultipartAutoConfiguration'
2023-11-20T11:27:31.841+09:00 DEBUG 18536 --- [    Test worker] o.s.b.f.s.DefaultListableBeanFactory     : Creating shared instance of singleton bean 'spring.servlet.multipart-org.springframework.boot.autoconfigure.web.servlet.MultipartProperties'
2023-11-20T11:27:31.847+09:00 DEBUG 18536 --- [    Test worker] o.s.b.f.s.DefaultListableBeanFactory     : Autowiring by type from bean name 'org.springframework.boot.autoconfigure.web.servlet.MultipartAutoConfiguration' via constructor to bean named 'spring.servlet.multipart-org.springframework.boot.autoconfigure.web.servlet.MultipartProperties'
2023-11-20T11:27:31.854+09:00 DEBUG 18536 --- [    Test worker] o.s.b.f.s.DefaultListableBeanFactory     : Autowiring by type from bean name 'errorPageCustomizer' via factory method to bean named 'dispatcherServletRegistration'
2023-11-20T11:27:31.857+09:00 DEBUG 18536 --- [    Test worker] o.s.b.f.s.DefaultListableBeanFactory     : Creating shared instance of singleton bean 'org.springframework.boot.autoconfigure.web.servlet.DispatcherServletAutoConfiguration'
2023-11-20T11:27:31.858+09:00 DEBUG 18536 --- [    Test worker] o.s.b.f.s.DefaultListableBeanFactory     : Creating shared instance of singleton bean 'org.springframework.boot.autoconfigure.task.TaskExecutionAutoConfiguration'
2023-11-20T11:27:31.859+09:00 DEBUG 18536 --- [    Test worker] o.s.b.f.s.DefaultListableBeanFactory     : Creating shared instance of singleton bean 'taskExecutorBuilder'
2023-11-20T11:27:31.860+09:00 DEBUG 18536 --- [    Test worker] o.s.b.f.s.DefaultListableBeanFactory     : Creating shared instance of singleton bean 'spring.task.execution-org.springframework.boot.autoconfigure.task.TaskExecutionProperties'
2023-11-20T11:27:31.862+09:00 DEBUG 18536 --- [    Test worker] o.s.b.f.s.DefaultListableBeanFactory     : Autowiring by type from bean name 'taskExecutorBuilder' via factory method to bean named 'spring.task.execution-org.springframework.boot.autoconfigure.task.TaskExecutionProperties'
2023-11-20T11:27:31.864+09:00 DEBUG 18536 --- [    Test worker] o.s.b.f.s.DefaultListableBeanFactory     : Creating shared instance of singleton bean 'org.springframework.boot.autoconfigure.web.servlet.error.ErrorMvcAutoConfiguration$WhitelabelErrorViewConfiguration'
2023-11-20T11:27:31.865+09:00 DEBUG 18536 --- [    Test worker] o.s.b.f.s.DefaultListableBeanFactory     : Creating shared instance of singleton bean 'error'
2023-11-20T11:27:31.866+09:00 DEBUG 18536 --- [    Test worker] o.s.b.f.s.DefaultListableBeanFactory     : Creating shared instance of singleton bean 'beanNameViewResolver'
2023-11-20T11:27:31.869+09:00 DEBUG 18536 --- [    Test worker] o.s.b.f.s.DefaultListableBeanFactory     : Creating shared instance of singleton bean 'org.springframework.boot.autoconfigure.web.servlet.error.ErrorMvcAutoConfiguration$DefaultErrorViewResolverConfiguration'
2023-11-20T11:27:31.870+09:00 DEBUG 18536 --- [    Test worker] o.s.b.f.s.DefaultListableBeanFactory     : Creating shared instance of singleton bean 'spring.web-org.springframework.boot.autoconfigure.web.WebProperties'
2023-11-20T11:27:31.876+09:00 DEBUG 18536 --- [    Test worker] o.s.b.f.s.DefaultListableBeanFactory     : Autowiring by type from bean name 'org.springframework.boot.autoconfigure.web.servlet.error.ErrorMvcAutoConfiguration$DefaultErrorViewResolverConfiguration' via constructor to bean named 'org.springframework.web.context.support.GenericWebApplicationContext@2bc12da'
2023-11-20T11:27:31.876+09:00 DEBUG 18536 --- [    Test worker] o.s.b.f.s.DefaultListableBeanFactory     : Autowiring by type from bean name 'org.springframework.boot.autoconfigure.web.servlet.error.ErrorMvcAutoConfiguration$DefaultErrorViewResolverConfiguration' via constructor to bean named 'spring.web-org.springframework.boot.autoconfigure.web.WebProperties'
2023-11-20T11:27:31.877+09:00 DEBUG 18536 --- [    Test worker] o.s.b.f.s.DefaultListableBeanFactory     : Creating shared instance of singleton bean 'conventionErrorViewResolver'
2023-11-20T11:27:31.881+09:00 DEBUG 18536 --- [    Test worker] o.s.b.f.s.DefaultListableBeanFactory     : Creating shared instance of singleton bean 'errorAttributes'
2023-11-20T11:27:31.883+09:00 DEBUG 18536 --- [    Test worker] o.s.b.f.s.DefaultListableBeanFactory     : Creating shared instance of singleton bean 'basicErrorController'
2023-11-20T11:27:31.884+09:00 DEBUG 18536 --- [    Test worker] o.s.b.f.s.DefaultListableBeanFactory     : Autowiring by type from bean name 'basicErrorController' via factory method to bean named 'errorAttributes'
2023-11-20T11:27:31.889+09:00 DEBUG 18536 --- [    Test worker] o.s.b.f.s.DefaultListableBeanFactory     : Creating shared instance of singleton bean 'org.springframework.boot.autoconfigure.web.servlet.WebMvcAutoConfiguration$EnableWebMvcConfiguration'
2023-11-20T11:27:31.890+09:00 DEBUG 18536 --- [    Test worker] o.s.b.f.s.DefaultListableBeanFactory     : Autowiring by type from bean name 'org.springframework.boot.autoconfigure.web.servlet.WebMvcAutoConfiguration$EnableWebMvcConfiguration' via constructor to bean named 'spring.mvc-org.springframework.boot.autoconfigure.web.servlet.WebMvcProperties'
2023-11-20T11:27:31.891+09:00 DEBUG 18536 --- [    Test worker] o.s.b.f.s.DefaultListableBeanFactory     : Autowiring by type from bean name 'org.springframework.boot.autoconfigure.web.servlet.WebMvcAutoConfiguration$EnableWebMvcConfiguration' via constructor to bean named 'spring.web-org.springframework.boot.autoconfigure.web.WebProperties'
2023-11-20T11:27:31.891+09:00 DEBUG 18536 --- [    Test worker] o.s.b.f.s.DefaultListableBeanFactory     : Autowiring by type from bean name 'org.springframework.boot.autoconfigure.web.servlet.WebMvcAutoConfiguration$EnableWebMvcConfiguration' via constructor to bean named 'org.springframework.beans.factory.support.DefaultListableBeanFactory@19569ebd'
2023-11-20T11:27:31.898+09:00 DEBUG 18536 --- [    Test worker] o.s.b.f.s.DefaultListableBeanFactory     : Creating shared instance of singleton bean 'org.springframework.boot.autoconfigure.web.servlet.WebMvcAutoConfiguration$WebMvcAutoConfigurationAdapter'
2023-11-20T11:27:31.899+09:00 DEBUG 18536 --- [    Test worker] o.s.b.f.s.DefaultListableBeanFactory     : Autowiring by type from bean name 'org.springframework.boot.autoconfigure.web.servlet.WebMvcAutoConfiguration$WebMvcAutoConfigurationAdapter' via constructor to bean named 'spring.web-org.springframework.boot.autoconfigure.web.WebProperties'
2023-11-20T11:27:31.900+09:00 DEBUG 18536 --- [    Test worker] o.s.b.f.s.DefaultListableBeanFactory     : Autowiring by type from bean name 'org.springframework.boot.autoconfigure.web.servlet.WebMvcAutoConfiguration$WebMvcAutoConfigurationAdapter' via constructor to bean named 'spring.mvc-org.springframework.boot.autoconfigure.web.servlet.WebMvcProperties'
2023-11-20T11:27:31.900+09:00 DEBUG 18536 --- [    Test worker] o.s.b.f.s.DefaultListableBeanFactory     : Autowiring by type from bean name 'org.springframework.boot.autoconfigure.web.servlet.WebMvcAutoConfiguration$WebMvcAutoConfigurationAdapter' via constructor to bean named 'org.springframework.beans.factory.support.DefaultListableBeanFactory@19569ebd'
2023-11-20T11:27:31.902+09:00 DEBUG 18536 --- [    Test worker] o.s.b.f.s.DefaultListableBeanFactory     : Creating shared instance of singleton bean 'openEntityManagerInViewInterceptorConfigurer'
2023-11-20T11:27:31.902+09:00 DEBUG 18536 --- [    Test worker] o.s.b.f.s.DefaultListableBeanFactory     : Creating shared instance of singleton bean 'org.springframework.boot.autoconfigure.orm.jpa.JpaBaseConfiguration$JpaWebConfiguration'
2023-11-20T11:27:31.903+09:00 DEBUG 18536 --- [    Test worker] o.s.b.f.s.DefaultListableBeanFactory     : Autowiring by type from bean name 'org.springframework.boot.autoconfigure.orm.jpa.JpaBaseConfiguration$JpaWebConfiguration' via constructor to bean named 'spring.jpa-org.springframework.boot.autoconfigure.orm.jpa.JpaProperties'
2023-11-20T11:27:31.904+09:00 DEBUG 18536 --- [    Test worker] o.s.b.f.s.DefaultListableBeanFactory     : Creating shared instance of singleton bean 'openEntityManagerInViewInterceptor'
2023-11-20T11:27:31.905+09:00  WARN 18536 --- [    Test worker] JpaBaseConfiguration$JpaWebConfiguration : spring.jpa.open-in-view is enabled by default. Therefore, database queries may be performed during view rendering. Explicitly configure spring.jpa.open-in-view to disable this warning
2023-11-20T11:27:31.913+09:00 DEBUG 18536 --- [    Test worker] o.s.b.f.s.DefaultListableBeanFactory     : Autowiring by type from bean name 'openEntityManagerInViewInterceptorConfigurer' via factory method to bean named 'openEntityManagerInViewInterceptor'
2023-11-20T11:27:31.914+09:00 DEBUG 18536 --- [    Test worker] o.s.b.f.s.DefaultListableBeanFactory     : Creating shared instance of singleton bean 'org.springframework.data.web.config.SpringDataWebConfiguration'
2023-11-20T11:27:31.915+09:00 DEBUG 18536 --- [    Test worker] o.s.b.f.s.DefaultListableBeanFactory     : Autowiring by type from bean name 'org.springframework.data.web.config.SpringDataWebConfiguration' via constructor to bean named 'org.springframework.web.context.support.GenericWebApplicationContext@2bc12da'
2023-11-20T11:27:31.919+09:00 DEBUG 18536 --- [    Test worker] o.s.b.f.s.DefaultListableBeanFactory     : Creating shared instance of singleton bean 'requestMappingHandlerAdapter'
2023-11-20T11:27:31.921+09:00 DEBUG 18536 --- [    Test worker] o.s.b.f.s.DefaultListableBeanFactory     : Creating shared instance of singleton bean 'mvcContentNegotiationManager'
2023-11-20T11:27:31.929+09:00 DEBUG 18536 --- [    Test worker] o.s.b.f.s.DefaultListableBeanFactory     : Creating shared instance of singleton bean 'mvcConversionService'
2023-11-20T11:27:31.939+09:00 DEBUG 18536 --- [    Test worker] o.s.b.f.s.DefaultListableBeanFactory     : Creating shared instance of singleton bean 'mvcValidator'
2023-11-20T11:27:31.942+09:00 DEBUG 18536 --- [    Test worker] o.s.b.f.s.DefaultListableBeanFactory     : Autowiring by type from bean name 'requestMappingHandlerAdapter' via factory method to bean named 'mvcContentNegotiationManager'
2023-11-20T11:27:31.943+09:00 DEBUG 18536 --- [    Test worker] o.s.b.f.s.DefaultListableBeanFactory     : Autowiring by type from bean name 'requestMappingHandlerAdapter' via factory method to bean named 'mvcConversionService'
2023-11-20T11:27:31.943+09:00 DEBUG 18536 --- [    Test worker] o.s.b.f.s.DefaultListableBeanFactory     : Autowiring by type from bean name 'requestMappingHandlerAdapter' via factory method to bean named 'mvcValidator'
2023-11-20T11:27:31.952+09:00 DEBUG 18536 --- [    Test worker] o.s.b.f.s.DefaultListableBeanFactory     : Creating shared instance of singleton bean 'messageConverters'
2023-11-20T11:27:31.952+09:00 DEBUG 18536 --- [    Test worker] o.s.b.f.s.DefaultListableBeanFactory     : Creating shared instance of singleton bean 'org.springframework.boot.autoconfigure.http.HttpMessageConvertersAutoConfiguration'
2023-11-20T11:27:31.958+09:00 DEBUG 18536 --- [    Test worker] o.s.b.f.s.DefaultListableBeanFactory     : Creating shared instance of singleton bean 'stringHttpMessageConverter'
2023-11-20T11:27:31.958+09:00 DEBUG 18536 --- [    Test worker] o.s.b.f.s.DefaultListableBeanFactory     : Creating shared instance of singleton bean 'org.springframework.boot.autoconfigure.http.HttpMessageConvertersAutoConfiguration$StringHttpMessageConverterConfiguration'
2023-11-20T11:27:31.959+09:00 DEBUG 18536 --- [    Test worker] o.s.b.f.s.DefaultListableBeanFactory     : Autowiring by type from bean name 'stringHttpMessageConverter' via factory method to bean named 'environment'
2023-11-20T11:27:31.971+09:00 DEBUG 18536 --- [    Test worker] o.s.b.f.s.DefaultListableBeanFactory     : Creating shared instance of singleton bean 'mappingJackson2HttpMessageConverter'
2023-11-20T11:27:31.971+09:00 DEBUG 18536 --- [    Test worker] o.s.b.f.s.DefaultListableBeanFactory     : Creating shared instance of singleton bean 'org.springframework.boot.autoconfigure.http.JacksonHttpMessageConvertersConfiguration$MappingJackson2HttpMessageConverterConfiguration'
2023-11-20T11:27:31.972+09:00 DEBUG 18536 --- [    Test worker] o.s.b.f.s.DefaultListableBeanFactory     : Creating shared instance of singleton bean 'jacksonObjectMapper'
2023-11-20T11:27:31.972+09:00 DEBUG 18536 --- [    Test worker] o.s.b.f.s.DefaultListableBeanFactory     : Creating shared instance of singleton bean 'org.springframework.boot.autoconfigure.jackson.JacksonAutoConfiguration$JacksonObjectMapperConfiguration'
2023-11-20T11:27:31.975+09:00 DEBUG 18536 --- [    Test worker] o.s.b.f.s.DefaultListableBeanFactory     : Creating shared instance of singleton bean 'org.springframework.boot.autoconfigure.jackson.JacksonAutoConfiguration$JacksonObjectMapperBuilderConfiguration'
2023-11-20T11:27:31.975+09:00 DEBUG 18536 --- [    Test worker] o.s.b.f.s.DefaultListableBeanFactory     : Creating shared instance of singleton bean 'standardJacksonObjectMapperBuilderCustomizer'
2023-11-20T11:27:31.976+09:00 DEBUG 18536 --- [    Test worker] o.s.b.f.s.DefaultListableBeanFactory     : Creating shared instance of singleton bean 'org.springframework.boot.autoconfigure.jackson.JacksonAutoConfiguration$Jackson2ObjectMapperBuilderCustomizerConfiguration'
2023-11-20T11:27:31.976+09:00 DEBUG 18536 --- [    Test worker] o.s.b.f.s.DefaultListableBeanFactory     : Creating shared instance of singleton bean 'spring.jackson-org.springframework.boot.autoconfigure.jackson.JacksonProperties'
2023-11-20T11:27:31.982+09:00 DEBUG 18536 --- [    Test worker] o.s.b.f.s.DefaultListableBeanFactory     : Autowiring by type from bean name 'standardJacksonObjectMapperBuilderCustomizer' via factory method to bean named 'spring.jackson-org.springframework.boot.autoconfigure.jackson.JacksonProperties'
2023-11-20T11:27:31.983+09:00 DEBUG 18536 --- [    Test worker] o.s.b.f.s.DefaultListableBeanFactory     : Creating shared instance of singleton bean 'parameterNamesModule'
2023-11-20T11:27:31.983+09:00 DEBUG 18536 --- [    Test worker] o.s.b.f.s.DefaultListableBeanFactory     : Creating shared instance of singleton bean 'org.springframework.boot.autoconfigure.jackson.JacksonAutoConfiguration$ParameterNamesModuleConfiguration'
2023-11-20T11:27:31.988+09:00 DEBUG 18536 --- [    Test worker] o.s.b.f.s.DefaultListableBeanFactory     : Creating shared instance of singleton bean 'jsonMixinModule'
2023-11-20T11:27:31.988+09:00 DEBUG 18536 --- [    Test worker] o.s.b.f.s.DefaultListableBeanFactory     : Creating shared instance of singleton bean 'org.springframework.boot.autoconfigure.jackson.JacksonAutoConfiguration$JacksonMixinConfiguration'
2023-11-20T11:27:31.990+09:00 DEBUG 18536 --- [    Test worker] o.s.b.f.s.DefaultListableBeanFactory     : Creating shared instance of singleton bean 'jsonMixinModuleEntries'
2023-11-20T11:27:31.990+09:00 DEBUG 18536 --- [    Test worker] o.s.b.f.s.DefaultListableBeanFactory     : Autowiring by type from bean name 'jsonMixinModuleEntries' via factory method to bean named 'org.springframework.web.context.support.GenericWebApplicationContext@2bc12da'
2023-11-20T11:27:31.996+09:00 DEBUG 18536 --- [    Test worker] o.s.b.f.s.DefaultListableBeanFactory     : Autowiring by type from bean name 'jsonMixinModule' via factory method to bean named 'org.springframework.web.context.support.GenericWebApplicationContext@2bc12da'
2023-11-20T11:27:31.996+09:00 DEBUG 18536 --- [    Test worker] o.s.b.f.s.DefaultListableBeanFactory     : Autowiring by type from bean name 'jsonMixinModule' via factory method to bean named 'jsonMixinModuleEntries'
2023-11-20T11:27:31.998+09:00 DEBUG 18536 --- [    Test worker] o.s.b.f.s.DefaultListableBeanFactory     : Creating shared instance of singleton bean 'jsonComponentModule'
2023-11-20T11:27:31.998+09:00 DEBUG 18536 --- [    Test worker] o.s.b.f.s.DefaultListableBeanFactory     : Creating shared instance of singleton bean 'org.springframework.boot.autoconfigure.jackson.JacksonAutoConfiguration'
2023-11-20T11:27:32.003+09:00 DEBUG 18536 --- [    Test worker] o.s.b.f.s.DefaultListableBeanFactory     : Creating shared instance of singleton bean 'jacksonGeoModule'
2023-11-20T11:27:32.004+09:00 DEBUG 18536 --- [    Test worker] o.s.b.f.s.DefaultListableBeanFactory     : Creating shared instance of singleton bean 'org.springframework.data.web.config.SpringDataJacksonConfiguration'
2023-11-20T11:27:32.009+09:00 DEBUG 18536 --- [    Test worker] o.s.b.f.s.DefaultListableBeanFactory     : Autowiring by type from bean name 'jacksonObjectMapperBuilder' via factory method to bean named 'org.springframework.web.context.support.GenericWebApplicationContext@2bc12da'
2023-11-20T11:27:32.009+09:00 DEBUG 18536 --- [    Test worker] o.s.b.f.s.DefaultListableBeanFactory     : Autowiring by type from bean name 'jacksonObjectMapperBuilder' via factory method to bean named 'standardJacksonObjectMapperBuilderCustomizer'
2023-11-20T11:27:32.015+09:00 DEBUG 18536 --- [    Test worker] o.s.b.f.s.DefaultListableBeanFactory     : Autowiring by type from bean name 'jacksonObjectMapper' via factory method to bean named 'jacksonObjectMapperBuilder'
2023-11-20T11:27:32.042+09:00 DEBUG 18536 --- [    Test worker] o.s.b.f.s.DefaultListableBeanFactory     : Autowiring by type from bean name 'mappingJackson2HttpMessageConverter' via factory method to bean named 'jacksonObjectMapper'
2023-11-20T11:27:32.096+09:00 DEBUG 18536 --- [    Test worker] o.s.b.f.s.DefaultListableBeanFactory     : Creating shared instance of singleton bean 'sortResolver'
2023-11-20T11:27:32.099+09:00 DEBUG 18536 --- [    Test worker] o.s.b.f.s.DefaultListableBeanFactory     : Creating shared instance of singleton bean 'sortCustomizer'
2023-11-20T11:27:32.099+09:00 DEBUG 18536 --- [    Test worker] o.s.b.f.s.DefaultListableBeanFactory     : Creating shared instance of singleton bean 'org.springframework.boot.autoconfigure.data.web.SpringDataWebAutoConfiguration'
2023-11-20T11:27:32.100+09:00 DEBUG 18536 --- [    Test worker] o.s.b.f.s.DefaultListableBeanFactory     : Creating shared instance of singleton bean 'spring.data.web-org.springframework.boot.autoconfigure.data.web.SpringDataWebProperties'
2023-11-20T11:27:32.101+09:00 DEBUG 18536 --- [    Test worker] o.s.b.f.s.DefaultListableBeanFactory     : Autowiring by type from bean name 'org.springframework.boot.autoconfigure.data.web.SpringDataWebAutoConfiguration' via constructor to bean named 'spring.data.web-org.springframework.boot.autoconfigure.data.web.SpringDataWebProperties'
2023-11-20T11:27:32.106+09:00 DEBUG 18536 --- [    Test worker] o.s.b.f.s.DefaultListableBeanFactory     : Creating shared instance of singleton bean 'pageableResolver'
2023-11-20T11:27:32.108+09:00 DEBUG 18536 --- [    Test worker] o.s.b.f.s.DefaultListableBeanFactory     : Creating shared instance of singleton bean 'pageableCustomizer'
2023-11-20T11:27:32.115+09:00 DEBUG 18536 --- [    Test worker] o.s.b.f.s.DefaultListableBeanFactory     : Creating shared instance of singleton bean 'applicationTaskExecutor'
2023-11-20T11:27:32.116+09:00 DEBUG 18536 --- [    Test worker] o.s.b.f.s.DefaultListableBeanFactory     : Autowiring by type from bean name 'applicationTaskExecutor' via factory method to bean named 'taskExecutorBuilder'
2023-11-20T11:27:32.124+09:00 DEBUG 18536 --- [    Test worker] o.s.s.concurrent.ThreadPoolTaskExecutor  : Initializing ExecutorService 'applicationTaskExecutor'
2023-11-20T11:27:32.142+09:00 DEBUG 18536 --- [    Test worker] s.w.s.m.m.a.RequestMappingHandlerAdapter : ControllerAdvice beans: 0 @ModelAttribute, 0 @InitBinder, 1 RequestBodyAdvice, 1 ResponseBodyAdvice
2023-11-20T11:27:32.176+09:00 DEBUG 18536 --- [    Test worker] o.s.b.f.s.DefaultListableBeanFactory     : Creating shared instance of singleton bean 'welcomePageHandlerMapping'
2023-11-20T11:27:32.177+09:00 DEBUG 18536 --- [    Test worker] o.s.b.f.s.DefaultListableBeanFactory     : Creating shared instance of singleton bean 'mvcResourceUrlProvider'
2023-11-20T11:27:32.179+09:00 DEBUG 18536 --- [    Test worker] o.s.b.f.s.DefaultListableBeanFactory     : Autowiring by type from bean name 'welcomePageHandlerMapping' via factory method to bean named 'org.springframework.web.context.support.GenericWebApplicationContext@2bc12da'
2023-11-20T11:27:32.179+09:00 DEBUG 18536 --- [    Test worker] o.s.b.f.s.DefaultListableBeanFactory     : Autowiring by type from bean name 'welcomePageHandlerMapping' via factory method to bean named 'mvcConversionService'
2023-11-20T11:27:32.179+09:00 DEBUG 18536 --- [    Test worker] o.s.b.f.s.DefaultListableBeanFactory     : Autowiring by type from bean name 'welcomePageHandlerMapping' via factory method to bean named 'mvcResourceUrlProvider'
2023-11-20T11:27:32.201+09:00 DEBUG 18536 --- [    Test worker] o.s.b.f.s.DefaultListableBeanFactory     : Creating shared instance of singleton bean 'welcomePageNotAcceptableHandlerMapping'
2023-11-20T11:27:32.202+09:00 DEBUG 18536 --- [    Test worker] o.s.b.f.s.DefaultListableBeanFactory     : Autowiring by type from bean name 'welcomePageNotAcceptableHandlerMapping' via factory method to bean named 'org.springframework.web.context.support.GenericWebApplicationContext@2bc12da'
2023-11-20T11:27:32.202+09:00 DEBUG 18536 --- [    Test worker] o.s.b.f.s.DefaultListableBeanFactory     : Autowiring by type from bean name 'welcomePageNotAcceptableHandlerMapping' via factory method to bean named 'mvcConversionService'
2023-11-20T11:27:32.202+09:00 DEBUG 18536 --- [    Test worker] o.s.b.f.s.DefaultListableBeanFactory     : Autowiring by type from bean name 'welcomePageNotAcceptableHandlerMapping' via factory method to bean named 'mvcResourceUrlProvider'
2023-11-20T11:27:32.208+09:00 DEBUG 18536 --- [    Test worker] o.s.b.f.s.DefaultListableBeanFactory     : Creating shared instance of singleton bean 'localeResolver'
2023-11-20T11:27:32.211+09:00 DEBUG 18536 --- [    Test worker] o.s.b.f.s.DefaultListableBeanFactory     : Creating shared instance of singleton bean 'themeResolver'
2023-11-20T11:27:32.213+09:00 DEBUG 18536 --- [    Test worker] o.s.b.f.s.DefaultListableBeanFactory     : Creating shared instance of singleton bean 'flashMapManager'
2023-11-20T11:27:32.216+09:00 DEBUG 18536 --- [    Test worker] o.s.b.f.s.DefaultListableBeanFactory     : Creating shared instance of singleton bean 'requestMappingHandlerMapping'
2023-11-20T11:27:32.218+09:00 DEBUG 18536 --- [    Test worker] o.s.b.f.s.DefaultListableBeanFactory     : Autowiring by type from bean name 'requestMappingHandlerMapping' via factory method to bean named 'mvcContentNegotiationManager'
2023-11-20T11:27:32.218+09:00 DEBUG 18536 --- [    Test worker] o.s.b.f.s.DefaultListableBeanFactory     : Autowiring by type from bean name 'requestMappingHandlerMapping' via factory method to bean named 'mvcConversionService'
2023-11-20T11:27:32.218+09:00 DEBUG 18536 --- [    Test worker] o.s.b.f.s.DefaultListableBeanFactory     : Autowiring by type from bean name 'requestMappingHandlerMapping' via factory method to bean named 'mvcResourceUrlProvider'
2023-11-20T11:27:32.261+09:00 DEBUG 18536 --- [    Test worker] s.w.s.m.m.a.RequestMappingHandlerMapping : 2 mappings in 'requestMappingHandlerMapping'
2023-11-20T11:27:32.264+09:00 DEBUG 18536 --- [    Test worker] o.s.b.f.s.DefaultListableBeanFactory     : Creating shared instance of singleton bean 'mvcPatternParser'
2023-11-20T11:27:32.265+09:00 DEBUG 18536 --- [    Test worker] o.s.b.f.s.DefaultListableBeanFactory     : Creating shared instance of singleton bean 'mvcUrlPathHelper'
2023-11-20T11:27:32.268+09:00 DEBUG 18536 --- [    Test worker] o.s.b.f.s.DefaultListableBeanFactory     : Creating shared instance of singleton bean 'mvcPathMatcher'
2023-11-20T11:27:32.269+09:00 DEBUG 18536 --- [    Test worker] o.s.b.f.s.DefaultListableBeanFactory     : Creating shared instance of singleton bean 'viewControllerHandlerMapping'
2023-11-20T11:27:32.270+09:00 DEBUG 18536 --- [    Test worker] o.s.b.f.s.DefaultListableBeanFactory     : Autowiring by type from bean name 'viewControllerHandlerMapping' via factory method to bean named 'mvcConversionService'
2023-11-20T11:27:32.270+09:00 DEBUG 18536 --- [    Test worker] o.s.b.f.s.DefaultListableBeanFactory     : Autowiring by type from bean name 'viewControllerHandlerMapping' via factory method to bean named 'mvcResourceUrlProvider'
2023-11-20T11:27:32.270+09:00 DEBUG 18536 --- [    Test worker] o.s.b.f.s.DefaultListableBeanFactory     : Creating shared instance of singleton bean 'beanNameHandlerMapping'
2023-11-20T11:27:32.271+09:00 DEBUG 18536 --- [    Test worker] o.s.b.f.s.DefaultListableBeanFactory     : Autowiring by type from bean name 'beanNameHandlerMapping' via factory method to bean named 'mvcConversionService'
2023-11-20T11:27:32.271+09:00 DEBUG 18536 --- [    Test worker] o.s.b.f.s.DefaultListableBeanFactory     : Autowiring by type from bean name 'beanNameHandlerMapping' via factory method to bean named 'mvcResourceUrlProvider'
2023-11-20T11:27:32.274+09:00 DEBUG 18536 --- [    Test worker] o.s.b.f.s.DefaultListableBeanFactory     : Creating shared instance of singleton bean 'routerFunctionMapping'
2023-11-20T11:27:32.275+09:00 DEBUG 18536 --- [    Test worker] o.s.b.f.s.DefaultListableBeanFactory     : Autowiring by type from bean name 'routerFunctionMapping' via factory method to bean named 'mvcConversionService'
2023-11-20T11:27:32.275+09:00 DEBUG 18536 --- [    Test worker] o.s.b.f.s.DefaultListableBeanFactory     : Autowiring by type from bean name 'routerFunctionMapping' via factory method to bean named 'mvcResourceUrlProvider'
2023-11-20T11:27:32.280+09:00 DEBUG 18536 --- [    Test worker] o.s.b.f.s.DefaultListableBeanFactory     : Creating shared instance of singleton bean 'resourceHandlerMapping'
2023-11-20T11:27:32.281+09:00 DEBUG 18536 --- [    Test worker] o.s.b.f.s.DefaultListableBeanFactory     : Autowiring by type from bean name 'resourceHandlerMapping' via factory method to bean named 'mvcContentNegotiationManager'
2023-11-20T11:27:32.281+09:00 DEBUG 18536 --- [    Test worker] o.s.b.f.s.DefaultListableBeanFactory     : Autowiring by type from bean name 'resourceHandlerMapping' via factory method to bean named 'mvcConversionService'
2023-11-20T11:27:32.281+09:00 DEBUG 18536 --- [    Test worker] o.s.b.f.s.DefaultListableBeanFactory     : Autowiring by type from bean name 'resourceHandlerMapping' via factory method to bean named 'mvcResourceUrlProvider'
2023-11-20T11:27:32.291+09:00 DEBUG 18536 --- [    Test worker] o.s.w.s.handler.SimpleUrlHandlerMapping  : Patterns [/webjars/**, /**] in 'resourceHandlerMapping'
2023-11-20T11:27:32.293+09:00 DEBUG 18536 --- [    Test worker] o.s.b.f.s.DefaultListableBeanFactory     : Creating shared instance of singleton bean 'defaultServletHandlerMapping'
2023-11-20T11:27:32.294+09:00 DEBUG 18536 --- [    Test worker] o.s.b.f.s.DefaultListableBeanFactory     : Creating shared instance of singleton bean 'handlerFunctionAdapter'
2023-11-20T11:27:32.296+09:00 DEBUG 18536 --- [    Test worker] o.s.b.f.s.DefaultListableBeanFactory     : Creating shared instance of singleton bean 'mvcUriComponentsContributor'
2023-11-20T11:27:32.297+09:00 DEBUG 18536 --- [    Test worker] o.s.b.f.s.DefaultListableBeanFactory     : Autowiring by type from bean name 'mvcUriComponentsContributor' via factory method to bean named 'mvcConversionService'
2023-11-20T11:27:32.297+09:00 DEBUG 18536 --- [    Test worker] o.s.b.f.s.DefaultListableBeanFactory     : Autowiring by type from bean name 'mvcUriComponentsContributor' via factory method to bean named 'requestMappingHandlerAdapter'
2023-11-20T11:27:32.300+09:00 DEBUG 18536 --- [    Test worker] o.s.b.f.s.DefaultListableBeanFactory     : Creating shared instance of singleton bean 'httpRequestHandlerAdapter'
2023-11-20T11:27:32.301+09:00 DEBUG 18536 --- [    Test worker] o.s.b.f.s.DefaultListableBeanFactory     : Creating shared instance of singleton bean 'simpleControllerHandlerAdapter'
2023-11-20T11:27:32.302+09:00 DEBUG 18536 --- [    Test worker] o.s.b.f.s.DefaultListableBeanFactory     : Creating shared instance of singleton bean 'handlerExceptionResolver'
2023-11-20T11:27:32.302+09:00 DEBUG 18536 --- [    Test worker] o.s.b.f.s.DefaultListableBeanFactory     : Autowiring by type from bean name 'handlerExceptionResolver' via factory method to bean named 'mvcContentNegotiationManager'
2023-11-20T11:27:32.305+09:00 DEBUG 18536 --- [    Test worker] .m.m.a.ExceptionHandlerExceptionResolver : ControllerAdvice beans: 0 @ExceptionHandler, 1 ResponseBodyAdvice
2023-11-20T11:27:32.308+09:00 DEBUG 18536 --- [    Test worker] o.s.b.f.s.DefaultListableBeanFactory     : Creating shared instance of singleton bean 'mvcViewResolver'
2023-11-20T11:27:32.309+09:00 DEBUG 18536 --- [    Test worker] o.s.b.f.s.DefaultListableBeanFactory     : Autowiring by type from bean name 'mvcViewResolver' via factory method to bean named 'mvcContentNegotiationManager'
2023-11-20T11:27:32.312+09:00 DEBUG 18536 --- [    Test worker] o.s.b.f.s.DefaultListableBeanFactory     : Creating shared instance of singleton bean 'viewNameTranslator'
2023-11-20T11:27:32.316+09:00 DEBUG 18536 --- [    Test worker] o.s.b.f.s.DefaultListableBeanFactory     : Creating shared instance of singleton bean 'defaultViewResolver'
2023-11-20T11:27:32.337+09:00 DEBUG 18536 --- [    Test worker] o.s.b.f.s.DefaultListableBeanFactory     : Creating shared instance of singleton bean 'viewResolver'
2023-11-20T11:27:32.339+09:00 DEBUG 18536 --- [    Test worker] o.s.b.f.s.DefaultListableBeanFactory     : Autowiring by type from bean name 'viewResolver' via factory method to bean named 'org.springframework.beans.factory.support.DefaultListableBeanFactory@19569ebd'
2023-11-20T11:27:32.340+09:00 DEBUG 18536 --- [    Test worker] o.s.b.f.s.DefaultListableBeanFactory     : Creating shared instance of singleton bean 'viewResolver'
2023-11-20T11:27:32.342+09:00 DEBUG 18536 --- [    Test worker] o.s.b.f.s.DefaultListableBeanFactory     : Creating shared instance of singleton bean 'requestContextFilter'
2023-11-20T11:27:32.348+09:00 DEBUG 18536 --- [    Test worker] o.s.b.f.s.DefaultListableBeanFactory     : Creating shared instance of singleton bean 'org.springframework.boot.autoconfigure.web.servlet.WebMvcAutoConfiguration'
2023-11-20T11:27:32.349+09:00 DEBUG 18536 --- [    Test worker] o.s.b.f.s.DefaultListableBeanFactory     : Creating shared instance of singleton bean 'formContentFilter'
2023-11-20T11:27:32.352+09:00 DEBUG 18536 --- [    Test worker] o.s.b.f.s.DefaultListableBeanFactory     : Creating shared instance of singleton bean 'org.springframework.boot.autoconfigure.aop.AopAutoConfiguration$AspectJAutoProxyingConfiguration$CglibAutoProxyConfiguration'
2023-11-20T11:27:32.352+09:00 DEBUG 18536 --- [    Test worker] o.s.b.f.s.DefaultListableBeanFactory     : Creating shared instance of singleton bean 'org.springframework.boot.autoconfigure.aop.AopAutoConfiguration$AspectJAutoProxyingConfiguration'
2023-11-20T11:27:32.353+09:00 DEBUG 18536 --- [    Test worker] o.s.b.f.s.DefaultListableBeanFactory     : Creating shared instance of singleton bean 'org.springframework.boot.autoconfigure.aop.AopAutoConfiguration'
2023-11-20T11:27:32.354+09:00 DEBUG 18536 --- [    Test worker] o.s.b.f.s.DefaultListableBeanFactory     : Creating shared instance of singleton bean 'org.springframework.boot.autoconfigure.availability.ApplicationAvailabilityAutoConfiguration'
2023-11-20T11:27:32.354+09:00 DEBUG 18536 --- [    Test worker] o.s.b.f.s.DefaultListableBeanFactory     : Creating shared instance of singleton bean 'applicationAvailability'
2023-11-20T11:27:32.357+09:00 DEBUG 18536 --- [    Test worker] o.s.b.f.s.DefaultListableBeanFactory     : Creating shared instance of singleton bean 'org.springframework.boot.autoconfigure.transaction.jta.JtaAutoConfiguration'
2023-11-20T11:27:32.357+09:00 DEBUG 18536 --- [    Test worker] o.s.b.f.s.DefaultListableBeanFactory     : Creating shared instance of singleton bean 'org.springframework.boot.autoconfigure.jdbc.metadata.DataSourcePoolMetadataProvidersConfiguration'
2023-11-20T11:27:32.359+09:00 DEBUG 18536 --- [    Test worker] o.s.b.f.s.DefaultListableBeanFactory     : Creating shared instance of singleton bean 'org.springframework.boot.autoconfigure.jdbc.DataSourceAutoConfiguration'
2023-11-20T11:27:32.359+09:00 DEBUG 18536 --- [    Test worker] o.s.b.f.s.DefaultListableBeanFactory     : Creating shared instance of singleton bean 'org.springframework.boot.autoconfigure.orm.jpa.JpaBaseConfiguration$PersistenceManagedTypesConfiguration'
2023-11-20T11:27:32.361+09:00 DEBUG 18536 --- [    Test worker] o.s.b.f.s.DefaultListableBeanFactory     : Creating shared instance of singleton bean 'transactionManager'
2023-11-20T11:27:32.364+09:00 DEBUG 18536 --- [    Test worker] o.s.b.f.s.DefaultListableBeanFactory     : Creating shared instance of singleton bean 'platformTransactionManagerCustomizers'
2023-11-20T11:27:32.364+09:00 DEBUG 18536 --- [    Test worker] o.s.b.f.s.DefaultListableBeanFactory     : Creating shared instance of singleton bean 'org.springframework.boot.autoconfigure.transaction.TransactionAutoConfiguration'
2023-11-20T11:27:32.366+09:00 DEBUG 18536 --- [    Test worker] o.s.b.f.s.DefaultListableBeanFactory     : Creating shared instance of singleton bean 'spring.transaction-org.springframework.boot.autoconfigure.transaction.TransactionProperties'
2023-11-20T11:27:32.373+09:00 DEBUG 18536 --- [    Test worker] o.s.b.f.s.DefaultListableBeanFactory     : Creating shared instance of singleton bean 'org.springframework.boot.autoconfigure.orm.jpa.HibernateJpaAutoConfiguration'
2023-11-20T11:27:32.373+09:00 DEBUG 18536 --- [    Test worker] o.s.b.f.s.DefaultListableBeanFactory     : Creating shared instance of singleton bean 'org.springframework.boot.autoconfigure.context.ConfigurationPropertiesAutoConfiguration'
2023-11-20T11:27:32.374+09:00 DEBUG 18536 --- [    Test worker] o.s.b.f.s.DefaultListableBeanFactory     : Creating shared instance of singleton bean 'org.springframework.boot.autoconfigure.context.LifecycleAutoConfiguration'
2023-11-20T11:27:32.374+09:00 DEBUG 18536 --- [    Test worker] o.s.b.f.s.DefaultListableBeanFactory     : Creating shared instance of singleton bean 'lifecycleProcessor'
2023-11-20T11:27:32.377+09:00 DEBUG 18536 --- [    Test worker] o.s.b.f.s.DefaultListableBeanFactory     : Creating shared instance of singleton bean 'spring.lifecycle-org.springframework.boot.autoconfigure.context.LifecycleProperties'
2023-11-20T11:27:32.378+09:00 DEBUG 18536 --- [    Test worker] o.s.b.f.s.DefaultListableBeanFactory     : Autowiring by type from bean name 'lifecycleProcessor' via factory method to bean named 'spring.lifecycle-org.springframework.boot.autoconfigure.context.LifecycleProperties'
2023-11-20T11:27:32.380+09:00 DEBUG 18536 --- [    Test worker] o.s.b.f.s.DefaultListableBeanFactory     : Creating shared instance of singleton bean 'org.springframework.boot.autoconfigure.dao.PersistenceExceptionTranslationAutoConfiguration'
2023-11-20T11:27:32.381+09:00 DEBUG 18536 --- [    Test worker] o.s.b.f.s.DefaultListableBeanFactory     : Creating shared instance of singleton bean 'org.springframework.boot.autoconfigure.data.jpa.JpaRepositoriesAutoConfiguration'
2023-11-20T11:27:32.382+09:00 DEBUG 18536 --- [    Test worker] o.s.b.f.s.DefaultListableBeanFactory     : Creating shared instance of singleton bean 'jpaSharedEM_entityManagerFactory'
2023-11-20T11:27:32.423+09:00 DEBUG 18536 --- [    Test worker] o.s.b.f.s.DefaultListableBeanFactory     : Creating shared instance of singleton bean 'org.springframework.data.jpa.util.JpaMetamodelCacheCleanup'
2023-11-20T11:27:32.424+09:00 DEBUG 18536 --- [    Test worker] o.s.b.f.s.DefaultListableBeanFactory     : Creating shared instance of singleton bean 'org.springframework.data.jpa.repository.support.JpaEvaluationContextExtension'
2023-11-20T11:27:32.428+09:00 DEBUG 18536 --- [    Test worker] o.s.b.f.s.DefaultListableBeanFactory     : Creating shared instance of singleton bean 'data-jpa.repository-aot-processor#0'
2023-11-20T11:27:32.433+09:00 DEBUG 18536 --- [    Test worker] o.s.b.f.s.DefaultListableBeanFactory     : Creating shared instance of singleton bean 'org.springframework.boot.autoconfigure.http.JacksonHttpMessageConvertersConfiguration'
2023-11-20T11:27:32.434+09:00 DEBUG 18536 --- [    Test worker] o.s.b.f.s.DefaultListableBeanFactory     : Creating shared instance of singleton bean 'org.springframework.data.web.config.ProjectingArgumentResolverRegistrar'
2023-11-20T11:27:32.439+09:00 DEBUG 18536 --- [    Test worker] o.s.b.f.s.DefaultListableBeanFactory     : Creating shared instance of singleton bean 'org.springframework.boot.autoconfigure.info.ProjectInfoAutoConfiguration'
2023-11-20T11:27:32.443+09:00 DEBUG 18536 --- [    Test worker] o.s.b.f.s.DefaultListableBeanFactory     : Creating shared instance of singleton bean 'spring.info-org.springframework.boot.autoconfigure.info.ProjectInfoProperties'
2023-11-20T11:27:32.445+09:00 DEBUG 18536 --- [    Test worker] o.s.b.f.s.DefaultListableBeanFactory     : Autowiring by type from bean name 'org.springframework.boot.autoconfigure.info.ProjectInfoAutoConfiguration' via constructor to bean named 'spring.info-org.springframework.boot.autoconfigure.info.ProjectInfoProperties'
2023-11-20T11:27:32.446+09:00 DEBUG 18536 --- [    Test worker] o.s.b.f.s.DefaultListableBeanFactory     : Creating shared instance of singleton bean 'org.springframework.boot.autoconfigure.jdbc.JdbcTemplateConfiguration'
2023-11-20T11:27:32.447+09:00 DEBUG 18536 --- [    Test worker] o.s.b.f.s.DefaultListableBeanFactory     : Creating shared instance of singleton bean 'jdbcTemplate'
2023-11-20T11:27:32.448+09:00 DEBUG 18536 --- [    Test worker] o.s.b.f.s.DefaultListableBeanFactory     : Creating shared instance of singleton bean 'spring.jdbc-org.springframework.boot.autoconfigure.jdbc.JdbcProperties'
2023-11-20T11:27:32.450+09:00 DEBUG 18536 --- [    Test worker] o.s.b.f.s.DefaultListableBeanFactory     : Autowiring by type from bean name 'jdbcTemplate' via factory method to bean named 'dataSource'
2023-11-20T11:27:32.450+09:00 DEBUG 18536 --- [    Test worker] o.s.b.f.s.DefaultListableBeanFactory     : Autowiring by type from bean name 'jdbcTemplate' via factory method to bean named 'spring.jdbc-org.springframework.boot.autoconfigure.jdbc.JdbcProperties'
2023-11-20T11:27:32.458+09:00 DEBUG 18536 --- [    Test worker] o.s.b.f.s.DefaultListableBeanFactory     : Creating shared instance of singleton bean 'org.springframework.boot.autoconfigure.jdbc.NamedParameterJdbcTemplateConfiguration'
2023-11-20T11:27:32.459+09:00 DEBUG 18536 --- [    Test worker] o.s.b.f.s.DefaultListableBeanFactory     : Creating shared instance of singleton bean 'namedParameterJdbcTemplate'
2023-11-20T11:27:32.460+09:00 DEBUG 18536 --- [    Test worker] o.s.b.f.s.DefaultListableBeanFactory     : Autowiring by type from bean name 'namedParameterJdbcTemplate' via factory method to bean named 'jdbcTemplate'
2023-11-20T11:27:32.466+09:00 DEBUG 18536 --- [    Test worker] o.s.b.f.s.DefaultListableBeanFactory     : Creating shared instance of singleton bean 'org.springframework.boot.autoconfigure.jdbc.JdbcTemplateAutoConfiguration'
2023-11-20T11:27:32.467+09:00 DEBUG 18536 --- [    Test worker] o.s.b.f.s.DefaultListableBeanFactory     : Creating shared instance of singleton bean 'org.springframework.boot.autoconfigure.sql.init.SqlInitializationAutoConfiguration'
2023-11-20T11:27:32.467+09:00 DEBUG 18536 --- [    Test worker] o.s.b.f.s.DefaultListableBeanFactory     : Creating shared instance of singleton bean 'org.springframework.boot.autoconfigure.task.TaskSchedulingAutoConfiguration'
2023-11-20T11:27:32.469+09:00 DEBUG 18536 --- [    Test worker] o.s.b.f.s.DefaultListableBeanFactory     : Creating shared instance of singleton bean 'taskSchedulerBuilder'
2023-11-20T11:27:32.470+09:00 DEBUG 18536 --- [    Test worker] o.s.b.f.s.DefaultListableBeanFactory     : Creating shared instance of singleton bean 'spring.task.scheduling-org.springframework.boot.autoconfigure.task.TaskSchedulingProperties'
2023-11-20T11:27:32.472+09:00 DEBUG 18536 --- [    Test worker] o.s.b.f.s.DefaultListableBeanFactory     : Autowiring by type from bean name 'taskSchedulerBuilder' via factory method to bean named 'spring.task.scheduling-org.springframework.boot.autoconfigure.task.TaskSchedulingProperties'
2023-11-20T11:27:32.474+09:00 DEBUG 18536 --- [    Test worker] o.s.b.f.s.DefaultListableBeanFactory     : Creating shared instance of singleton bean 'org.springframework.boot.autoconfigure.jdbc.DataSourceTransactionManagerAutoConfiguration$JdbcTransactionManagerConfiguration'
2023-11-20T11:27:32.474+09:00 DEBUG 18536 --- [    Test worker] o.s.b.f.s.DefaultListableBeanFactory     : Creating shared instance of singleton bean 'org.springframework.boot.autoconfigure.jdbc.DataSourceTransactionManagerAutoConfiguration'
2023-11-20T11:27:32.476+09:00 DEBUG 18536 --- [    Test worker] o.s.b.f.s.DefaultListableBeanFactory     : Creating shared instance of singleton bean 'org.springframework.boot.autoconfigure.transaction.TransactionAutoConfiguration$EnableTransactionManagementConfiguration$CglibAutoProxyConfiguration'
2023-11-20T11:27:32.476+09:00 DEBUG 18536 --- [    Test worker] o.s.b.f.s.DefaultListableBeanFactory     : Creating shared instance of singleton bean 'org.springframework.boot.autoconfigure.transaction.TransactionAutoConfiguration$EnableTransactionManagementConfiguration'
2023-11-20T11:27:32.477+09:00 DEBUG 18536 --- [    Test worker] o.s.b.f.s.DefaultListableBeanFactory     : Creating shared instance of singleton bean 'org.springframework.boot.autoconfigure.transaction.TransactionAutoConfiguration$TransactionTemplateConfiguration'
2023-11-20T11:27:32.477+09:00 DEBUG 18536 --- [    Test worker] o.s.b.f.s.DefaultListableBeanFactory     : Creating shared instance of singleton bean 'transactionTemplate'
2023-11-20T11:27:32.478+09:00 DEBUG 18536 --- [    Test worker] o.s.b.f.s.DefaultListableBeanFactory     : Autowiring by type from bean name 'transactionTemplate' via factory method to bean named 'transactionManager'
2023-11-20T11:27:32.480+09:00 DEBUG 18536 --- [    Test worker] o.s.b.f.s.DefaultListableBeanFactory     : Creating shared instance of singleton bean 'org.springframework.boot.autoconfigure.web.client.RestTemplateAutoConfiguration'
2023-11-20T11:27:32.481+09:00 DEBUG 18536 --- [    Test worker] o.s.b.f.s.DefaultListableBeanFactory     : Creating shared instance of singleton bean 'characterEncodingFilter'
2023-11-20T11:27:32.483+09:00 DEBUG 18536 --- [    Test worker] o.s.b.f.s.DefaultListableBeanFactory     : Creating shared instance of singleton bean 'multipartResolver'
2023-11-20T11:27:32.495+09:00 DEBUG 18536 --- [    Test worker] o.s.c.support.DefaultLifecycleProcessor  : Starting beans in phase -2147483647
2023-11-20T11:27:32.496+09:00 DEBUG 18536 --- [    Test worker] o.s.c.support.DefaultLifecycleProcessor  : Successfully started bean 'springBootLoggingLifecycle'
2023-11-20T11:27:32.513+09:00 DEBUG 18536 --- [    Test worker] .s.b.a.l.ConditionEvaluationReportLogger : 


============================
CONDITIONS EVALUATION REPORT
============================


Positive matches:
-----------------

   AopAutoConfiguration matched:
      - @ConditionalOnProperty (spring.aop.auto=true) matched (OnPropertyCondition)

   AopAutoConfiguration.AspectJAutoProxyingConfiguration matched:
      - @ConditionalOnClass found required class 'org.aspectj.weaver.Advice' (OnClassCondition)

   AopAutoConfiguration.AspectJAutoProxyingConfiguration.CglibAutoProxyConfiguration matched:
      - @ConditionalOnProperty (spring.aop.proxy-target-class=true) matched (OnPropertyCondition)

   ApplicationAvailabilityAutoConfiguration#applicationAvailability matched:
      - @ConditionalOnMissingBean (types: org.springframework.boot.availability.ApplicationAvailability; SearchStrategy: all) did not find any beans (OnBeanCondition)

   DataSourceAutoConfiguration matched:
      - @ConditionalOnClass found required classes 'javax.sql.DataSource', 'org.springframework.jdbc.datasource.embedded.EmbeddedDatabaseType' (OnClassCondition)
      - @ConditionalOnMissingBean (types: io.r2dbc.spi.ConnectionFactory; SearchStrategy: all) did not find any beans (OnBeanCondition)

   DataSourceAutoConfiguration.PooledDataSourceConfiguration matched:
      - AnyNestedCondition 1 matched 1 did not; NestedCondition on DataSourceAutoConfiguration.PooledDataSourceCondition.PooledDataSourceAvailable PooledDataSource found supported DataSource; NestedCondition on DataSourceAutoConfiguration.PooledDataSourceCondition.ExplicitType @ConditionalOnProperty (spring.datasource.type) did not find property 'type' (DataSourceAutoConfiguration.PooledDataSourceCondition)
      - @ConditionalOnMissingBean (types: javax.sql.DataSource,javax.sql.XADataSource; SearchStrategy: all) did not find any beans (OnBeanCondition)

   DataSourceAutoConfiguration.PooledDataSourceConfiguration#jdbcConnectionDetails matched:
      - @ConditionalOnMissingBean (types: org.springframework.boot.autoconfigure.jdbc.JdbcConnectionDetails; SearchStrategy: all) did not find any beans (OnBeanCondition)

   DataSourceConfiguration.Hikari matched:
      - @ConditionalOnClass found required class 'com.zaxxer.hikari.HikariDataSource' (OnClassCondition)
      - @ConditionalOnProperty (spring.datasource.type=com.zaxxer.hikari.HikariDataSource) matched (OnPropertyCondition)
      - @ConditionalOnMissingBean (types: javax.sql.DataSource; SearchStrategy: all) did not find any beans (OnBeanCondition)

   DataSourceInitializationConfiguration matched:
      - @ConditionalOnClass found required class 'org.springframework.jdbc.datasource.init.DatabasePopulator' (OnClassCondition)
      - @ConditionalOnSingleCandidate (types: javax.sql.DataSource; SearchStrategy: all) found a single bean 'dataSource'; @ConditionalOnMissingBean (types: org.springframework.boot.autoconfigure.sql.init.SqlDataSourceScriptDatabaseInitializer,org.springframework.boot.autoconfigure.sql.init.SqlR2dbcScriptDatabaseInitializer; SearchStrategy: all) did not find any beans (OnBeanCondition)

   DataSourcePoolMetadataProvidersConfiguration.HikariPoolDataSourceMetadataProviderConfiguration matched:
      - @ConditionalOnClass found required class 'com.zaxxer.hikari.HikariDataSource' (OnClassCondition)

   DataSourceTransactionManagerAutoConfiguration matched:
      - @ConditionalOnClass found required classes 'org.springframework.jdbc.core.JdbcTemplate', 'org.springframework.transaction.TransactionManager' (OnClassCondition)

   DataSourceTransactionManagerAutoConfiguration.JdbcTransactionManagerConfiguration matched:
      - @ConditionalOnSingleCandidate (types: javax.sql.DataSource; SearchStrategy: all) found a single bean 'dataSource' (OnBeanCondition)

   DispatcherServletAutoConfiguration matched:
      - @ConditionalOnClass found required class 'org.springframework.web.servlet.DispatcherServlet' (OnClassCondition)
      - found 'session' scope (OnWebApplicationCondition)

   DispatcherServletAutoConfiguration.DispatcherServletConfiguration matched:
      - @ConditionalOnClass found required class 'jakarta.servlet.ServletRegistration' (OnClassCondition)
      - Default DispatcherServlet did not find dispatcher servlet beans (DispatcherServletAutoConfiguration.DefaultDispatcherServletCondition)

   DispatcherServletAutoConfiguration.DispatcherServletRegistrationConfiguration matched:
      - @ConditionalOnClass found required class 'jakarta.servlet.ServletRegistration' (OnClassCondition)
      - DispatcherServlet Registration did not find servlet registration bean (DispatcherServletAutoConfiguration.DispatcherServletRegistrationCondition)

   DispatcherServletAutoConfiguration.DispatcherServletRegistrationConfiguration#dispatcherServletRegistration matched:
      - @ConditionalOnBean (names: dispatcherServlet types: org.springframework.web.servlet.DispatcherServlet; SearchStrategy: all) found bean 'dispatcherServlet' (OnBeanCondition)

   ErrorMvcAutoConfiguration matched:
      - @ConditionalOnClass found required classes 'jakarta.servlet.Servlet', 'org.springframework.web.servlet.DispatcherServlet' (OnClassCondition)
      - found 'session' scope (OnWebApplicationCondition)

   ErrorMvcAutoConfiguration#basicErrorController matched:
      - @ConditionalOnMissingBean (types: org.springframework.boot.web.servlet.error.ErrorController; SearchStrategy: current) did not find any beans (OnBeanCondition)

   ErrorMvcAutoConfiguration#errorAttributes matched:
      - @ConditionalOnMissingBean (types: org.springframework.boot.web.servlet.error.ErrorAttributes; SearchStrategy: current) did not find any beans (OnBeanCondition)

   ErrorMvcAutoConfiguration.DefaultErrorViewResolverConfiguration#conventionErrorViewResolver matched:
      - @ConditionalOnBean (types: org.springframework.web.servlet.DispatcherServlet; SearchStrategy: all) found bean 'dispatcherServlet'; @ConditionalOnMissingBean (types: org.springframework.boot.autoconfigure.web.servlet.error.ErrorViewResolver; SearchStrategy: all) did not find any beans (OnBeanCondition)

   ErrorMvcAutoConfiguration.WhitelabelErrorViewConfiguration matched:
      - @ConditionalOnProperty (server.error.whitelabel.enabled) matched (OnPropertyCondition)
      - ErrorTemplate Missing did not find error template view (ErrorMvcAutoConfiguration.ErrorTemplateMissingCondition)

   ErrorMvcAutoConfiguration.WhitelabelErrorViewConfiguration#beanNameViewResolver matched:
      - @ConditionalOnMissingBean (types: org.springframework.web.servlet.view.BeanNameViewResolver; SearchStrategy: all) did not find any beans (OnBeanCondition)

   ErrorMvcAutoConfiguration.WhitelabelErrorViewConfiguration#defaultErrorView matched:
      - @ConditionalOnMissingBean (names: error; SearchStrategy: all) did not find any beans (OnBeanCondition)

   GenericCacheConfiguration matched:
      - Cache org.springframework.boot.autoconfigure.cache.GenericCacheConfiguration automatic cache type (CacheCondition)

   HibernateJpaAutoConfiguration matched:
      - @ConditionalOnClass found required classes 'org.springframework.orm.jpa.LocalContainerEntityManagerFactoryBean', 'jakarta.persistence.EntityManager', 'org.hibernate.engine.spi.SessionImplementor' (OnClassCondition)

   HibernateJpaConfiguration matched:
      - @ConditionalOnSingleCandidate (types: javax.sql.DataSource; SearchStrategy: all) found a single bean 'dataSource' (OnBeanCondition)

   HttpEncodingAutoConfiguration matched:
      - @ConditionalOnClass found required class 'org.springframework.web.filter.CharacterEncodingFilter' (OnClassCondition)
      - found 'session' scope (OnWebApplicationCondition)
      - @ConditionalOnProperty (server.servlet.encoding.enabled) matched (OnPropertyCondition)

   HttpEncodingAutoConfiguration#characterEncodingFilter matched:
      - @ConditionalOnMissingBean (types: org.springframework.web.filter.CharacterEncodingFilter; SearchStrategy: all) did not find any beans (OnBeanCondition)

   HttpMessageConvertersAutoConfiguration matched:
      - @ConditionalOnClass found required class 'org.springframework.http.converter.HttpMessageConverter' (OnClassCondition)
      - NoneNestedConditions 0 matched 1 did not; NestedCondition on HttpMessageConvertersAutoConfiguration.NotReactiveWebApplicationCondition.ReactiveWebApplication did not find reactive web application classes (HttpMessageConvertersAutoConfiguration.NotReactiveWebApplicationCondition)

   HttpMessageConvertersAutoConfiguration#messageConverters matched:
      - @ConditionalOnMissingBean (types: org.springframework.boot.autoconfigure.http.HttpMessageConverters; SearchStrategy: all) did not find any beans (OnBeanCondition)

   HttpMessageConvertersAutoConfiguration.StringHttpMessageConverterConfiguration matched:
      - @ConditionalOnClass found required class 'org.springframework.http.converter.StringHttpMessageConverter' (OnClassCondition)

   HttpMessageConvertersAutoConfiguration.StringHttpMessageConverterConfiguration#stringHttpMessageConverter matched:
      - @ConditionalOnMissingBean (types: org.springframework.http.converter.StringHttpMessageConverter; SearchStrategy: all) did not find any beans (OnBeanCondition)

   JacksonAutoConfiguration matched:
      - @ConditionalOnClass found required class 'com.fasterxml.jackson.databind.ObjectMapper' (OnClassCondition)

   JacksonAutoConfiguration.Jackson2ObjectMapperBuilderCustomizerConfiguration matched:
      - @ConditionalOnClass found required class 'org.springframework.http.converter.json.Jackson2ObjectMapperBuilder' (OnClassCondition)

   JacksonAutoConfiguration.JacksonObjectMapperBuilderConfiguration matched:
      - @ConditionalOnClass found required class 'org.springframework.http.converter.json.Jackson2ObjectMapperBuilder' (OnClassCondition)

   JacksonAutoConfiguration.JacksonObjectMapperBuilderConfiguration#jacksonObjectMapperBuilder matched:
      - @ConditionalOnMissingBean (types: org.springframework.http.converter.json.Jackson2ObjectMapperBuilder; SearchStrategy: all) did not find any beans (OnBeanCondition)

   JacksonAutoConfiguration.JacksonObjectMapperConfiguration matched:
      - @ConditionalOnClass found required class 'org.springframework.http.converter.json.Jackson2ObjectMapperBuilder' (OnClassCondition)

   JacksonAutoConfiguration.JacksonObjectMapperConfiguration#jacksonObjectMapper matched:
      - @ConditionalOnMissingBean (types: com.fasterxml.jackson.databind.ObjectMapper; SearchStrategy: all) did not find any beans (OnBeanCondition)

   JacksonAutoConfiguration.ParameterNamesModuleConfiguration matched:
      - @ConditionalOnClass found required class 'com.fasterxml.jackson.module.paramnames.ParameterNamesModule' (OnClassCondition)

   JacksonAutoConfiguration.ParameterNamesModuleConfiguration#parameterNamesModule matched:
      - @ConditionalOnMissingBean (types: com.fasterxml.jackson.module.paramnames.ParameterNamesModule; SearchStrategy: all) did not find any beans (OnBeanCondition)

   JacksonHttpMessageConvertersConfiguration.MappingJackson2HttpMessageConverterConfiguration matched:
      - @ConditionalOnClass found required class 'com.fasterxml.jackson.databind.ObjectMapper' (OnClassCondition)
      - @ConditionalOnProperty (spring.mvc.converters.preferred-json-mapper=jackson) matched (OnPropertyCondition)
      - @ConditionalOnBean (types: com.fasterxml.jackson.databind.ObjectMapper; SearchStrategy: all) found bean 'jacksonObjectMapper' (OnBeanCondition)

   JacksonHttpMessageConvertersConfiguration.MappingJackson2HttpMessageConverterConfiguration#mappingJackson2HttpMessageConverter matched:
      - @ConditionalOnMissingBean (types: org.springframework.http.converter.json.MappingJackson2HttpMessageConverter ignored: org.springframework.hateoas.server.mvc.TypeConstrainedMappingJackson2HttpMessageConverter,org.springframework.data.rest.webmvc.alps.AlpsJsonHttpMessageConverter; SearchStrategy: all) did not find any beans (OnBeanCondition)

   JdbcTemplateAutoConfiguration matched:
      - @ConditionalOnClass found required classes 'javax.sql.DataSource', 'org.springframework.jdbc.core.JdbcTemplate' (OnClassCondition)
      - @ConditionalOnSingleCandidate (types: javax.sql.DataSource; SearchStrategy: all) found a single bean 'dataSource' (OnBeanCondition)

   JdbcTemplateConfiguration matched:
      - @ConditionalOnMissingBean (types: org.springframework.jdbc.core.JdbcOperations; SearchStrategy: all) did not find any beans (OnBeanCondition)

   JpaBaseConfiguration#entityManagerFactory matched:
      - @ConditionalOnMissingBean (types: org.springframework.orm.jpa.LocalContainerEntityManagerFactoryBean,jakarta.persistence.EntityManagerFactory; SearchStrategy: all) did not find any beans (OnBeanCondition)

   JpaBaseConfiguration#entityManagerFactoryBuilder matched:
      - @ConditionalOnMissingBean (types: org.springframework.boot.orm.jpa.EntityManagerFactoryBuilder; SearchStrategy: all) did not find any beans (OnBeanCondition)

   JpaBaseConfiguration#jpaVendorAdapter matched:
      - @ConditionalOnMissingBean (types: org.springframework.orm.jpa.JpaVendorAdapter; SearchStrategy: all) did not find any beans (OnBeanCondition)

   JpaBaseConfiguration#transactionManager matched:
      - @ConditionalOnMissingBean (types: org.springframework.transaction.TransactionManager; SearchStrategy: all) did not find any beans (OnBeanCondition)

   JpaBaseConfiguration.JpaWebConfiguration matched:
      - @ConditionalOnClass found required class 'org.springframework.web.servlet.config.annotation.WebMvcConfigurer' (OnClassCondition)
      - found 'session' scope (OnWebApplicationCondition)
      - @ConditionalOnProperty (spring.jpa.open-in-view=true) matched (OnPropertyCondition)
      - @ConditionalOnMissingBean (types: org.springframework.orm.jpa.support.OpenEntityManagerInViewInterceptor,org.springframework.orm.jpa.support.OpenEntityManagerInViewFilter; SearchStrategy: all) did not find any beans (OnBeanCondition)

   JpaBaseConfiguration.PersistenceManagedTypesConfiguration matched:
      - @ConditionalOnMissingBean (types: org.springframework.orm.jpa.LocalContainerEntityManagerFactoryBean,jakarta.persistence.EntityManagerFactory; SearchStrategy: all) did not find any beans (OnBeanCondition)

   JpaBaseConfiguration.PersistenceManagedTypesConfiguration#persistenceManagedTypes matched:
      - @ConditionalOnMissingBean (types: org.springframework.orm.jpa.persistenceunit.PersistenceManagedTypes; SearchStrategy: all) did not find any beans (OnBeanCondition)

   JpaRepositoriesAutoConfiguration matched:
      - @ConditionalOnClass found required class 'org.springframework.data.jpa.repository.JpaRepository' (OnClassCondition)
      - @ConditionalOnProperty (spring.data.jpa.repositories.enabled=true) matched (OnPropertyCondition)
      - @ConditionalOnBean (types: javax.sql.DataSource; SearchStrategy: all) found bean 'dataSource'; @ConditionalOnMissingBean (types: org.springframework.data.jpa.repository.support.JpaRepositoryFactoryBean,org.springframework.data.jpa.repository.config.JpaRepositoryConfigExtension; SearchStrategy: all) did not find any beans (OnBeanCondition)

   JtaAutoConfiguration matched:
      - @ConditionalOnClass found required class 'jakarta.transaction.Transaction' (OnClassCondition)
      - @ConditionalOnProperty (spring.jta.enabled) matched (OnPropertyCondition)

   LifecycleAutoConfiguration#defaultLifecycleProcessor matched:
      - @ConditionalOnMissingBean (names: lifecycleProcessor; SearchStrategy: current) did not find any beans (OnBeanCondition)

   MultipartAutoConfiguration matched:
      - @ConditionalOnClass found required classes 'jakarta.servlet.Servlet', 'org.springframework.web.multipart.support.StandardServletMultipartResolver', 'jakarta.servlet.MultipartConfigElement' (OnClassCondition)
      - found 'session' scope (OnWebApplicationCondition)
      - @ConditionalOnProperty (spring.servlet.multipart.enabled) matched (OnPropertyCondition)

   MultipartAutoConfiguration#multipartConfigElement matched:
      - @ConditionalOnMissingBean (types: jakarta.servlet.MultipartConfigElement; SearchStrategy: all) did not find any beans (OnBeanCondition)

   MultipartAutoConfiguration#multipartResolver matched:
      - @ConditionalOnMissingBean (types: org.springframework.web.multipart.MultipartResolver; SearchStrategy: all) did not find any beans (OnBeanCondition)

   NamedParameterJdbcTemplateConfiguration matched:
      - @ConditionalOnSingleCandidate (types: org.springframework.jdbc.core.JdbcTemplate; SearchStrategy: all) found a single bean 'jdbcTemplate'; @ConditionalOnMissingBean (types: org.springframework.jdbc.core.namedparam.NamedParameterJdbcOperations; SearchStrategy: all) did not find any beans (OnBeanCondition)

   NoOpCacheConfiguration matched:
      - Cache org.springframework.boot.autoconfigure.cache.NoOpCacheConfiguration automatic cache type (CacheCondition)

   PersistenceExceptionTranslationAutoConfiguration matched:
      - @ConditionalOnClass found required class 'org.springframework.dao.annotation.PersistenceExceptionTranslationPostProcessor' (OnClassCondition)

   PersistenceExceptionTranslationAutoConfiguration#persistenceExceptionTranslationPostProcessor matched:
      - @ConditionalOnProperty (spring.dao.exceptiontranslation.enabled) matched (OnPropertyCondition)
      - @ConditionalOnMissingBean (types: org.springframework.dao.annotation.PersistenceExceptionTranslationPostProcessor; SearchStrategy: all) did not find any beans (OnBeanCondition)

   PropertyPlaceholderAutoConfiguration#propertySourcesPlaceholderConfigurer matched:
      - @ConditionalOnMissingBean (types: org.springframework.context.support.PropertySourcesPlaceholderConfigurer; SearchStrategy: current) did not find any beans (OnBeanCondition)

   RestTemplateAutoConfiguration matched:
      - @ConditionalOnClass found required class 'org.springframework.web.client.RestTemplate' (OnClassCondition)
      - NoneNestedConditions 0 matched 1 did not; NestedCondition on RestTemplateAutoConfiguration.NotReactiveWebApplicationCondition.ReactiveWebApplication did not find reactive web application classes (RestTemplateAutoConfiguration.NotReactiveWebApplicationCondition)

   RestTemplateAutoConfiguration#restTemplateBuilder matched:
      - @ConditionalOnMissingBean (types: org.springframework.boot.web.client.RestTemplateBuilder; SearchStrategy: all) did not find any beans (OnBeanCondition)

   RestTemplateAutoConfiguration#restTemplateBuilderConfigurer matched:
      - @ConditionalOnMissingBean (types: org.springframework.boot.autoconfigure.web.client.RestTemplateBuilderConfigurer; SearchStrategy: all) did not find any beans (OnBeanCondition)

   ServletWebServerFactoryAutoConfiguration matched:
      - @ConditionalOnClass found required class 'jakarta.servlet.ServletRequest' (OnClassCondition)
      - found 'session' scope (OnWebApplicationCondition)

   ServletWebServerFactoryAutoConfiguration#tomcatServletWebServerFactoryCustomizer matched:
      - @ConditionalOnClass found required class 'org.apache.catalina.startup.Tomcat' (OnClassCondition)

   ServletWebServerFactoryConfiguration.EmbeddedTomcat matched:
      - @ConditionalOnClass found required classes 'jakarta.servlet.Servlet', 'org.apache.catalina.startup.Tomcat', 'org.apache.coyote.UpgradeProtocol' (OnClassCondition)
      - @ConditionalOnMissingBean (types: org.springframework.boot.web.servlet.server.ServletWebServerFactory; SearchStrategy: current) did not find any beans (OnBeanCondition)

   SimpleCacheConfiguration matched:
      - Cache org.springframework.boot.autoconfigure.cache.SimpleCacheConfiguration automatic cache type (CacheCondition)

   SpringDataWebAutoConfiguration matched:
      - @ConditionalOnClass found required classes 'org.springframework.data.web.PageableHandlerMethodArgumentResolver', 'org.springframework.web.servlet.config.annotation.WebMvcConfigurer' (OnClassCondition)
      - found 'session' scope (OnWebApplicationCondition)
      - @ConditionalOnMissingBean (types: org.springframework.data.web.PageableHandlerMethodArgumentResolver; SearchStrategy: all) did not find any beans (OnBeanCondition)

   SpringDataWebAutoConfiguration#pageableCustomizer matched:
      - @ConditionalOnMissingBean (types: org.springframework.data.web.config.PageableHandlerMethodArgumentResolverCustomizer; SearchStrategy: all) did not find any beans (OnBeanCondition)

   SpringDataWebAutoConfiguration#sortCustomizer matched:
      - @ConditionalOnMissingBean (types: org.springframework.data.web.config.SortHandlerMethodArgumentResolverCustomizer; SearchStrategy: all) did not find any beans (OnBeanCondition)

   SqlInitializationAutoConfiguration matched:
      - @ConditionalOnProperty (spring.sql.init.enabled) matched (OnPropertyCondition)
      - NoneNestedConditions 0 matched 1 did not; NestedCondition on SqlInitializationAutoConfiguration.SqlInitializationModeCondition.ModeIsNever @ConditionalOnProperty (spring.sql.init.mode=never) did not find property 'mode' (SqlInitializationAutoConfiguration.SqlInitializationModeCondition)

   SslAutoConfiguration#sslBundleRegistry matched:
      - @ConditionalOnMissingBean (types: org.springframework.boot.ssl.SslBundleRegistry,org.springframework.boot.ssl.SslBundles; SearchStrategy: all) did not find any beans (OnBeanCondition)

   TaskExecutionAutoConfiguration matched:
      - @ConditionalOnClass found required class 'org.springframework.scheduling.concurrent.ThreadPoolTaskExecutor' (OnClassCondition)

   TaskExecutionAutoConfiguration#applicationTaskExecutor matched:
      - @ConditionalOnMissingBean (types: java.util.concurrent.Executor; SearchStrategy: all) did not find any beans (OnBeanCondition)

   TaskExecutionAutoConfiguration#taskExecutorBuilder matched:
      - @ConditionalOnMissingBean (types: org.springframework.boot.task.TaskExecutorBuilder; SearchStrategy: all) did not find any beans (OnBeanCondition)

   TaskSchedulingAutoConfiguration matched:
      - @ConditionalOnClass found required class 'org.springframework.scheduling.concurrent.ThreadPoolTaskScheduler' (OnClassCondition)

   TaskSchedulingAutoConfiguration#taskSchedulerBuilder matched:
      - @ConditionalOnMissingBean (types: org.springframework.boot.task.TaskSchedulerBuilder; SearchStrategy: all) did not find any beans (OnBeanCondition)

   TransactionAutoConfiguration matched:
      - @ConditionalOnClass found required class 'org.springframework.transaction.PlatformTransactionManager' (OnClassCondition)

   TransactionAutoConfiguration#platformTransactionManagerCustomizers matched:
      - @ConditionalOnMissingBean (types: org.springframework.boot.autoconfigure.transaction.TransactionManagerCustomizers; SearchStrategy: all) did not find any beans (OnBeanCondition)

   TransactionAutoConfiguration.EnableTransactionManagementConfiguration matched:
      - @ConditionalOnBean (types: org.springframework.transaction.TransactionManager; SearchStrategy: all) found bean 'transactionManager'; @ConditionalOnMissingBean (types: org.springframework.transaction.annotation.AbstractTransactionManagementConfiguration; SearchStrategy: all) did not find any beans (OnBeanCondition)

   TransactionAutoConfiguration.EnableTransactionManagementConfiguration.CglibAutoProxyConfiguration matched:
      - @ConditionalOnProperty (spring.aop.proxy-target-class=true) matched (OnPropertyCondition)

   TransactionAutoConfiguration.TransactionTemplateConfiguration matched:
      - @ConditionalOnSingleCandidate (types: org.springframework.transaction.PlatformTransactionManager; SearchStrategy: all) found a single bean 'transactionManager' (OnBeanCondition)

   TransactionAutoConfiguration.TransactionTemplateConfiguration#transactionTemplate matched:
      - @ConditionalOnMissingBean (types: org.springframework.transaction.support.TransactionOperations; SearchStrategy: all) did not find any beans (OnBeanCondition)

   WebMvcAutoConfiguration matched:
      - @ConditionalOnClass found required classes 'jakarta.servlet.Servlet', 'org.springframework.web.servlet.DispatcherServlet', 'org.springframework.web.servlet.config.annotation.WebMvcConfigurer' (OnClassCondition)
      - found 'session' scope (OnWebApplicationCondition)
      - @ConditionalOnMissingBean (types: org.springframework.web.servlet.config.annotation.WebMvcConfigurationSupport; SearchStrategy: all) did not find any beans (OnBeanCondition)

   WebMvcAutoConfiguration#formContentFilter matched:
      - @ConditionalOnProperty (spring.mvc.formcontent.filter.enabled) matched (OnPropertyCondition)
      - @ConditionalOnMissingBean (types: org.springframework.web.filter.FormContentFilter; SearchStrategy: all) did not find any beans (OnBeanCondition)

   WebMvcAutoConfiguration.EnableWebMvcConfiguration#flashMapManager matched:
      - @ConditionalOnMissingBean (names: flashMapManager; SearchStrategy: all) did not find any beans (OnBeanCondition)

   WebMvcAutoConfiguration.EnableWebMvcConfiguration#localeResolver matched:
      - @ConditionalOnMissingBean (names: localeResolver; SearchStrategy: all) did not find any beans (OnBeanCondition)

   WebMvcAutoConfiguration.EnableWebMvcConfiguration#themeResolver matched:
      - @ConditionalOnMissingBean (names: themeResolver; SearchStrategy: all) did not find any beans (OnBeanCondition)

   WebMvcAutoConfiguration.WebMvcAutoConfigurationAdapter#defaultViewResolver matched:
      - @ConditionalOnMissingBean (types: org.springframework.web.servlet.view.InternalResourceViewResolver; SearchStrategy: all) did not find any beans (OnBeanCondition)

   WebMvcAutoConfiguration.WebMvcAutoConfigurationAdapter#requestContextFilter matched:
      - @ConditionalOnMissingBean (types: org.springframework.web.context.request.RequestContextListener,org.springframework.web.filter.RequestContextFilter; SearchStrategy: all) did not find any beans (OnBeanCondition)

   WebMvcAutoConfiguration.WebMvcAutoConfigurationAdapter#viewResolver matched:
      - @ConditionalOnBean (types: org.springframework.web.servlet.ViewResolver; SearchStrategy: all) found beans 'defaultViewResolver', 'beanNameViewResolver', 'mvcViewResolver'; @ConditionalOnMissingBean (names: viewResolver types: org.springframework.web.servlet.view.ContentNegotiatingViewResolver; SearchStrategy: all) did not find any beans (OnBeanCondition)

   WebSocketServletAutoConfiguration matched:
      - @ConditionalOnClass found required classes 'jakarta.servlet.Servlet', 'jakarta.websocket.server.ServerContainer' (OnClassCondition)
      - found 'session' scope (OnWebApplicationCondition)

   WebSocketServletAutoConfiguration.TomcatWebSocketConfiguration matched:
      - @ConditionalOnClass found required classes 'org.apache.catalina.startup.Tomcat', 'org.apache.tomcat.websocket.server.WsSci' (OnClassCondition)

   WebSocketServletAutoConfiguration.TomcatWebSocketConfiguration#websocketServletWebServerCustomizer matched:
      - @ConditionalOnMissingBean (names: websocketServletWebServerCustomizer; SearchStrategy: all) did not find any beans (OnBeanCondition)


Negative matches:
-----------------

   ActiveMQAutoConfiguration:
      Did not match:
         - @ConditionalOnClass did not find required class 'jakarta.jms.ConnectionFactory' (OnClassCondition)

   AopAutoConfiguration.AspectJAutoProxyingConfiguration.JdkDynamicAutoProxyConfiguration:
      Did not match:
         - @ConditionalOnProperty (spring.aop.proxy-target-class=false) did not find property 'proxy-target-class' (OnPropertyCondition)

   AopAutoConfiguration.ClassProxyingConfiguration:
      Did not match:
         - @ConditionalOnMissingClass found unwanted class 'org.aspectj.weaver.Advice' (OnClassCondition)

   ArtemisAutoConfiguration:
      Did not match:
         - @ConditionalOnClass did not find required class 'jakarta.jms.ConnectionFactory' (OnClassCondition)

   BatchAutoConfiguration:
      Did not match:
         - @ConditionalOnClass did not find required class 'org.springframework.batch.core.launch.JobLauncher' (OnClassCondition)

   Cache2kCacheConfiguration:
      Did not match:
         - @ConditionalOnClass did not find required class 'org.cache2k.Cache2kBuilder' (OnClassCondition)

   CacheAutoConfiguration:
      Did not match:
         - @ConditionalOnBean (types: org.springframework.cache.interceptor.CacheAspectSupport; SearchStrategy: all) did not find any beans of type org.springframework.cache.interceptor.CacheAspectSupport (OnBeanCondition)
      Matched:
         - @ConditionalOnClass found required class 'org.springframework.cache.CacheManager' (OnClassCondition)

   CacheAutoConfiguration.CacheManagerEntityManagerFactoryDependsOnPostProcessor:
      Did not match:
         - Ancestor org.springframework.boot.autoconfigure.cache.CacheAutoConfiguration did not match (ConditionEvaluationReport.AncestorsMatchedCondition)
      Matched:
         - @ConditionalOnClass found required class 'org.springframework.orm.jpa.LocalContainerEntityManagerFactoryBean' (OnClassCondition)

   CaffeineCacheConfiguration:
      Did not match:
         - @ConditionalOnClass did not find required class 'com.github.benmanes.caffeine.cache.Caffeine' (OnClassCondition)

   CassandraAutoConfiguration:
      Did not match:
         - @ConditionalOnClass did not find required class 'com.datastax.oss.driver.api.core.CqlSession' (OnClassCondition)

   CassandraDataAutoConfiguration:
      Did not match:
         - @ConditionalOnClass did not find required class 'com.datastax.oss.driver.api.core.CqlSession' (OnClassCondition)

   CassandraReactiveDataAutoConfiguration:
      Did not match:
         - @ConditionalOnClass did not find required class 'com.datastax.oss.driver.api.core.CqlSession' (OnClassCondition)

   CassandraReactiveRepositoriesAutoConfiguration:
      Did not match:
         - @ConditionalOnClass did not find required class 'org.springframework.data.cassandra.ReactiveSession' (OnClassCondition)

   CassandraRepositoriesAutoConfiguration:
      Did not match:
         - @ConditionalOnClass did not find required class 'com.datastax.oss.driver.api.core.CqlSession' (OnClassCondition)

   ClientHttpConnectorAutoConfiguration:
      Did not match:
         - @ConditionalOnClass did not find required class 'org.springframework.web.reactive.function.client.WebClient' (OnClassCondition)

   CodecsAutoConfiguration:
      Did not match:
         - @ConditionalOnClass did not find required class 'org.springframework.web.reactive.function.client.WebClient' (OnClassCondition)

   CouchbaseAutoConfiguration:
      Did not match:
         - @ConditionalOnClass did not find required class 'com.couchbase.client.java.Cluster' (OnClassCondition)

   CouchbaseCacheConfiguration:
      Did not match:
         - @ConditionalOnClass did not find required class 'com.couchbase.client.java.Cluster' (OnClassCondition)

   CouchbaseDataAutoConfiguration:
      Did not match:
         - @ConditionalOnClass did not find required class 'com.couchbase.client.java.Bucket' (OnClassCondition)

   CouchbaseReactiveDataAutoConfiguration:
      Did not match:
         - @ConditionalOnClass did not find required class 'com.couchbase.client.java.Cluster' (OnClassCondition)

   CouchbaseReactiveRepositoriesAutoConfiguration:
      Did not match:
         - @ConditionalOnClass did not find required class 'com.couchbase.client.java.Cluster' (OnClassCondition)

   CouchbaseRepositoriesAutoConfiguration:
      Did not match:
         - @ConditionalOnClass did not find required class 'com.couchbase.client.java.Bucket' (OnClassCondition)

   DataSourceAutoConfiguration.EmbeddedDatabaseConfiguration:
      Did not match:
         - EmbeddedDataSource spring.datasource.url is set (DataSourceAutoConfiguration.EmbeddedDatabaseCondition)

   DataSourceConfiguration.Dbcp2:
      Did not match:
         - @ConditionalOnClass did not find required class 'org.apache.commons.dbcp2.BasicDataSource' (OnClassCondition)

   DataSourceConfiguration.Generic:
      Did not match:
         - @ConditionalOnProperty (spring.datasource.type) did not find property 'spring.datasource.type' (OnPropertyCondition)

   DataSourceConfiguration.OracleUcp:
      Did not match:
         - @ConditionalOnClass did not find required classes 'oracle.ucp.jdbc.PoolDataSourceImpl', 'oracle.jdbc.OracleConnection' (OnClassCondition)

   DataSourceConfiguration.Tomcat:
      Did not match:
         - @ConditionalOnClass did not find required class 'org.apache.tomcat.jdbc.pool.DataSource' (OnClassCondition)

   DataSourceJmxConfiguration:
      Did not match:
         - @ConditionalOnProperty (spring.jmx.enabled=true) found different value in property 'enabled' (OnPropertyCondition)

   DataSourcePoolMetadataProvidersConfiguration.CommonsDbcp2PoolDataSourceMetadataProviderConfiguration:
      Did not match:
         - @ConditionalOnClass did not find required class 'org.apache.commons.dbcp2.BasicDataSource' (OnClassCondition)

   DataSourcePoolMetadataProvidersConfiguration.OracleUcpPoolDataSourceMetadataProviderConfiguration:
      Did not match:
         - @ConditionalOnClass did not find required classes 'oracle.ucp.jdbc.PoolDataSource', 'oracle.jdbc.OracleConnection' (OnClassCondition)

   DataSourcePoolMetadataProvidersConfiguration.TomcatDataSourcePoolMetadataProviderConfiguration:
      Did not match:
         - @ConditionalOnClass did not find required class 'org.apache.tomcat.jdbc.pool.DataSource' (OnClassCondition)

   DataSourceTransactionManagerAutoConfiguration.JdbcTransactionManagerConfiguration#transactionManager:
      Did not match:
         - @ConditionalOnMissingBean (types: org.springframework.transaction.TransactionManager; SearchStrategy: all) found beans of type 'org.springframework.transaction.TransactionManager' transactionManager (OnBeanCondition)

   DispatcherServletAutoConfiguration.DispatcherServletConfiguration#multipartResolver:
      Did not match:
         - @ConditionalOnBean (types: org.springframework.web.multipart.MultipartResolver; SearchStrategy: all) did not find any beans of type org.springframework.web.multipart.MultipartResolver (OnBeanCondition)

   ElasticsearchClientAutoConfiguration:
      Did not match:
         - @ConditionalOnClass did not find required class 'co.elastic.clients.elasticsearch.ElasticsearchClient' (OnClassCondition)

   ElasticsearchDataAutoConfiguration:
      Did not match:
         - @ConditionalOnClass did not find required class 'org.springframework.data.elasticsearch.client.elc.ElasticsearchTemplate' (OnClassCondition)

   ElasticsearchRepositoriesAutoConfiguration:
      Did not match:
         - @ConditionalOnClass did not find required class 'org.springframework.data.elasticsearch.repository.ElasticsearchRepository' (OnClassCondition)

   ElasticsearchRestClientAutoConfiguration:
      Did not match:
         - @ConditionalOnClass did not find required class 'org.elasticsearch.client.RestClientBuilder' (OnClassCondition)

   EmbeddedLdapAutoConfiguration:
      Did not match:
         - @ConditionalOnClass did not find required class 'com.unboundid.ldap.listener.InMemoryDirectoryServer' (OnClassCondition)

   EmbeddedWebServerFactoryCustomizerAutoConfiguration:
      Did not match:
         - Application is deployed as a WAR file. (OnWarDeploymentCondition)
      Matched:
         - @ConditionalOnWebApplication (required) found 'session' scope (OnWebApplicationCondition)

   ErrorWebFluxAutoConfiguration:
      Did not match:
         - @ConditionalOnClass did not find required class 'org.springframework.web.reactive.config.WebFluxConfigurer' (OnClassCondition)

   FlywayAutoConfiguration:
      Did not match:
         - @ConditionalOnClass did not find required class 'org.flywaydb.core.Flyway' (OnClassCondition)

   FreeMarkerAutoConfiguration:
      Did not match:
         - @ConditionalOnClass did not find required class 'freemarker.template.Configuration' (OnClassCondition)

   GraphQlAutoConfiguration:
      Did not match:
         - @ConditionalOnClass did not find required class 'graphql.GraphQL' (OnClassCondition)

   GraphQlQueryByExampleAutoConfiguration:
      Did not match:
         - @ConditionalOnClass did not find required class 'graphql.GraphQL' (OnClassCondition)

   GraphQlQuerydslAutoConfiguration:
      Did not match:
         - @ConditionalOnClass did not find required class 'graphql.GraphQL' (OnClassCondition)

   GraphQlRSocketAutoConfiguration:
      Did not match:
         - @ConditionalOnClass did not find required class 'graphql.GraphQL' (OnClassCondition)

   GraphQlReactiveQueryByExampleAutoConfiguration:
      Did not match:
         - @ConditionalOnClass did not find required class 'graphql.GraphQL' (OnClassCondition)

   GraphQlReactiveQuerydslAutoConfiguration:
      Did not match:
         - @ConditionalOnClass did not find required class 'graphql.GraphQL' (OnClassCondition)

   GraphQlWebFluxAutoConfiguration:
      Did not match:
         - @ConditionalOnClass did not find required class 'graphql.GraphQL' (OnClassCondition)

   GraphQlWebFluxSecurityAutoConfiguration:
      Did not match:
         - @ConditionalOnClass did not find required class 'graphql.GraphQL' (OnClassCondition)

   GraphQlWebMvcAutoConfiguration:
      Did not match:
         - @ConditionalOnClass did not find required class 'graphql.GraphQL' (OnClassCondition)

   GraphQlWebMvcSecurityAutoConfiguration:
      Did not match:
         - @ConditionalOnClass did not find required class 'graphql.GraphQL' (OnClassCondition)

   GroovyTemplateAutoConfiguration:
      Did not match:
         - @ConditionalOnClass did not find required class 'groovy.text.markup.MarkupTemplateEngine' (OnClassCondition)

   GsonAutoConfiguration:
      Did not match:
         - @ConditionalOnClass did not find required class 'com.google.gson.Gson' (OnClassCondition)

   GsonHttpMessageConvertersConfiguration:
      Did not match:
         - @ConditionalOnClass did not find required class 'com.google.gson.Gson' (OnClassCondition)

   H2ConsoleAutoConfiguration:
      Did not match:
         - @ConditionalOnProperty (spring.h2.console.enabled=true) did not find property 'enabled' (OnPropertyCondition)
      Matched:
         - @ConditionalOnClass found required class 'org.h2.server.web.JakartaWebServlet' (OnClassCondition)
         - found 'session' scope (OnWebApplicationCondition)

   HazelcastAutoConfiguration:
      Did not match:
         - @ConditionalOnClass did not find required class 'com.hazelcast.core.HazelcastInstance' (OnClassCondition)

   HazelcastCacheConfiguration:
      Did not match:
         - @ConditionalOnClass did not find required class 'com.hazelcast.core.HazelcastInstance' (OnClassCondition)

   HazelcastJpaDependencyAutoConfiguration:
      Did not match:
         - @ConditionalOnClass did not find required class 'com.hazelcast.core.HazelcastInstance' (OnClassCondition)

   HttpHandlerAutoConfiguration:
      Did not match:
         - @ConditionalOnClass did not find required class 'org.springframework.web.reactive.DispatcherHandler' (OnClassCondition)

   HypermediaAutoConfiguration:
      Did not match:
         - @ConditionalOnClass did not find required class 'org.springframework.hateoas.EntityModel' (OnClassCondition)

   InfinispanCacheConfiguration:
      Did not match:
         - @ConditionalOnClass did not find required class 'org.infinispan.spring.embedded.provider.SpringEmbeddedCacheManager' (OnClassCondition)

   InfluxDbAutoConfiguration:
      Did not match:
         - @ConditionalOnClass did not find required class 'org.influxdb.InfluxDB' (OnClassCondition)

   IntegrationAutoConfiguration:
      Did not match:
         - @ConditionalOnClass did not find required class 'org.springframework.integration.config.EnableIntegration' (OnClassCondition)

   JCacheCacheConfiguration:
      Did not match:
         - @ConditionalOnClass did not find required class 'javax.cache.Caching' (OnClassCondition)

   JacksonHttpMessageConvertersConfiguration.MappingJackson2XmlHttpMessageConverterConfiguration:
      Did not match:
         - @ConditionalOnClass did not find required class 'com.fasterxml.jackson.dataformat.xml.XmlMapper' (OnClassCondition)

   JdbcRepositoriesAutoConfiguration:
      Did not match:
         - @ConditionalOnClass did not find required class 'org.springframework.data.jdbc.repository.config.AbstractJdbcConfiguration' (OnClassCondition)

   JerseyAutoConfiguration:
      Did not match:
         - @ConditionalOnClass did not find required class 'org.glassfish.jersey.server.spring.SpringComponentProvider' (OnClassCondition)

   JmsAutoConfiguration:
      Did not match:
         - @ConditionalOnClass did not find required class 'jakarta.jms.Message' (OnClassCondition)

   JmxAutoConfiguration:
      Did not match:
         - @ConditionalOnProperty (spring.jmx.enabled=true) found different value in property 'enabled' (OnPropertyCondition)
      Matched:
         - @ConditionalOnClass found required class 'org.springframework.jmx.export.MBeanExporter' (OnClassCondition)

   JndiConnectionFactoryAutoConfiguration:
      Did not match:
         - @ConditionalOnClass did not find required class 'org.springframework.jms.core.JmsTemplate' (OnClassCondition)

   JndiDataSourceAutoConfiguration:
      Did not match:
         - @ConditionalOnProperty (spring.datasource.jndi-name) did not find property 'jndi-name' (OnPropertyCondition)
      Matched:
         - @ConditionalOnClass found required classes 'javax.sql.DataSource', 'org.springframework.jdbc.datasource.embedded.EmbeddedDatabaseType' (OnClassCondition)

   JndiJtaConfiguration:
      Did not match:
         - @ConditionalOnJndi JNDI environment is not available (OnJndiCondition)
      Matched:
         - @ConditionalOnClass found required class 'org.springframework.transaction.jta.JtaTransactionManager' (OnClassCondition)

   JooqAutoConfiguration:
      Did not match:
         - @ConditionalOnClass did not find required class 'org.jooq.DSLContext' (OnClassCondition)

   JpaRepositoriesAutoConfiguration#entityManagerFactoryBootstrapExecutorCustomizer:
      Did not match:
         - AnyNestedCondition 0 matched 2 did not; NestedCondition on JpaRepositoriesAutoConfiguration.BootstrapExecutorCondition.LazyBootstrapMode @ConditionalOnProperty (spring.data.jpa.repositories.bootstrap-mode=lazy) did not find property 'bootstrap-mode'; NestedCondition on JpaRepositoriesAutoConfiguration.BootstrapExecutorCondition.DeferredBootstrapMode @ConditionalOnProperty (spring.data.jpa.repositories.bootstrap-mode=deferred) did not find property 'bootstrap-mode' (JpaRepositoriesAutoConfiguration.BootstrapExecutorCondition)

   JsonbAutoConfiguration:
      Did not match:
         - @ConditionalOnClass did not find required class 'jakarta.json.bind.Jsonb' (OnClassCondition)

   JsonbHttpMessageConvertersConfiguration:
      Did not match:
         - @ConditionalOnClass did not find required class 'jakarta.json.bind.Jsonb' (OnClassCondition)

   KafkaAutoConfiguration:
      Did not match:
         - @ConditionalOnClass did not find required class 'org.springframework.kafka.core.KafkaTemplate' (OnClassCondition)

   LdapAutoConfiguration:
      Did not match:
         - @ConditionalOnClass did not find required class 'org.springframework.ldap.core.ContextSource' (OnClassCondition)

   LdapRepositoriesAutoConfiguration:
      Did not match:
         - @ConditionalOnClass did not find required class 'org.springframework.data.ldap.repository.LdapRepository' (OnClassCondition)

   LiquibaseAutoConfiguration:
      Did not match:
         - @ConditionalOnClass did not find required class 'liquibase.change.DatabaseChange' (OnClassCondition)

   MailSenderAutoConfiguration:
      Did not match:
         - @ConditionalOnClass did not find required class 'jakarta.mail.internet.MimeMessage' (OnClassCondition)

   MailSenderValidatorAutoConfiguration:
      Did not match:
         - @ConditionalOnSingleCandidate did not find required type 'org.springframework.mail.javamail.JavaMailSenderImpl' (OnBeanCondition)

   MessageSourceAutoConfiguration:
      Did not match:
         - ResourceBundle did not find bundle with basename messages (MessageSourceAutoConfiguration.ResourceBundleCondition)

   MongoAutoConfiguration:
      Did not match:
         - @ConditionalOnClass did not find required class 'com.mongodb.client.MongoClient' (OnClassCondition)

   MongoDataAutoConfiguration:
      Did not match:
         - @ConditionalOnClass did not find required class 'com.mongodb.client.MongoClient' (OnClassCondition)

   MongoReactiveAutoConfiguration:
      Did not match:
         - @ConditionalOnClass did not find required class 'com.mongodb.reactivestreams.client.MongoClient' (OnClassCondition)

   MongoReactiveDataAutoConfiguration:
      Did not match:
         - @ConditionalOnClass did not find required class 'com.mongodb.reactivestreams.client.MongoClient' (OnClassCondition)

   MongoReactiveRepositoriesAutoConfiguration:
      Did not match:
         - @ConditionalOnClass did not find required class 'com.mongodb.reactivestreams.client.MongoClient' (OnClassCondition)

   MongoRepositoriesAutoConfiguration:
      Did not match:
         - @ConditionalOnClass did not find required class 'com.mongodb.client.MongoClient' (OnClassCondition)

   MustacheAutoConfiguration:
      Did not match:
         - @ConditionalOnClass did not find required class 'com.samskivert.mustache.Mustache' (OnClassCondition)

   Neo4jAutoConfiguration:
      Did not match:
         - @ConditionalOnClass did not find required class 'org.neo4j.driver.Driver' (OnClassCondition)

   Neo4jDataAutoConfiguration:
      Did not match:
         - @ConditionalOnClass did not find required class 'org.neo4j.driver.Driver' (OnClassCondition)

   Neo4jReactiveDataAutoConfiguration:
      Did not match:
         - @ConditionalOnClass did not find required class 'org.neo4j.driver.Driver' (OnClassCondition)

   Neo4jReactiveRepositoriesAutoConfiguration:
      Did not match:
         - @ConditionalOnClass did not find required class 'org.neo4j.driver.Driver' (OnClassCondition)

   Neo4jRepositoriesAutoConfiguration:
      Did not match:
         - @ConditionalOnClass did not find required class 'org.neo4j.driver.Driver' (OnClassCondition)

   NettyAutoConfiguration:
      Did not match:
         - @ConditionalOnClass did not find required class 'io.netty.util.NettyRuntime' (OnClassCondition)

   OAuth2AuthorizationServerAutoConfiguration:
      Did not match:
         - @ConditionalOnClass did not find required class 'org.springframework.security.oauth2.server.authorization.OAuth2Authorization' (OnClassCondition)

   OAuth2AuthorizationServerJwtAutoConfiguration:
      Did not match:
         - @ConditionalOnClass did not find required class 'org.springframework.security.oauth2.server.authorization.OAuth2Authorization' (OnClassCondition)

   OAuth2ClientAutoConfiguration:
      Did not match:
         - @ConditionalOnClass did not find required class 'org.springframework.security.config.annotation.web.configuration.EnableWebSecurity' (OnClassCondition)

   OAuth2ResourceServerAutoConfiguration:
      Did not match:
         - @ConditionalOnClass did not find required class 'org.springframework.security.oauth2.server.resource.authentication.BearerTokenAuthenticationToken' (OnClassCondition)

   ProjectInfoAutoConfiguration#buildProperties:
      Did not match:
         - @ConditionalOnResource did not find resource '${spring.info.build.location:classpath:META-INF/build-info.properties}' (OnResourceCondition)

   ProjectInfoAutoConfiguration#gitProperties:
      Did not match:
         - GitResource did not find git info at classpath:git.properties (ProjectInfoAutoConfiguration.GitResourceAvailableCondition)

   QuartzAutoConfiguration:
      Did not match:
         - @ConditionalOnClass did not find required class 'org.quartz.Scheduler' (OnClassCondition)

   R2dbcAutoConfiguration:
      Did not match:
         - @ConditionalOnClass did not find required class 'io.r2dbc.spi.ConnectionFactory' (OnClassCondition)

   R2dbcDataAutoConfiguration:
      Did not match:
         - @ConditionalOnClass did not find required class 'org.springframework.data.r2dbc.core.R2dbcEntityTemplate' (OnClassCondition)

   R2dbcInitializationConfiguration:
      Did not match:
         - @ConditionalOnClass did not find required classes 'io.r2dbc.spi.ConnectionFactory', 'org.springframework.r2dbc.connection.init.DatabasePopulator' (OnClassCondition)

   R2dbcRepositoriesAutoConfiguration:
      Did not match:
         - @ConditionalOnClass did not find required class 'io.r2dbc.spi.ConnectionFactory' (OnClassCondition)

   R2dbcTransactionManagerAutoConfiguration:
      Did not match:
         - @ConditionalOnClass did not find required class 'org.springframework.r2dbc.connection.R2dbcTransactionManager' (OnClassCondition)

   RSocketGraphQlClientAutoConfiguration:
      Did not match:
         - @ConditionalOnClass did not find required class 'graphql.GraphQL' (OnClassCondition)

   RSocketMessagingAutoConfiguration:
      Did not match:
         - @ConditionalOnClass did not find required class 'io.rsocket.RSocket' (OnClassCondition)

   RSocketRequesterAutoConfiguration:
      Did not match:
         - @ConditionalOnClass did not find required class 'io.rsocket.RSocket' (OnClassCondition)

   RSocketSecurityAutoConfiguration:
      Did not match:
         - @ConditionalOnClass did not find required class 'org.springframework.security.rsocket.core.SecuritySocketAcceptorInterceptor' (OnClassCondition)

   RSocketServerAutoConfiguration:
      Did not match:
         - @ConditionalOnClass did not find required class 'io.rsocket.core.RSocketServer' (OnClassCondition)

   RSocketStrategiesAutoConfiguration:
      Did not match:
         - @ConditionalOnClass did not find required class 'io.netty.buffer.PooledByteBufAllocator' (OnClassCondition)

   RabbitAutoConfiguration:
      Did not match:
         - @ConditionalOnClass did not find required class 'com.rabbitmq.client.Channel' (OnClassCondition)

   ReactiveElasticsearchClientAutoConfiguration:
      Did not match:
         - @ConditionalOnClass did not find required class 'co.elastic.clients.transport.ElasticsearchTransport' (OnClassCondition)

   ReactiveElasticsearchRepositoriesAutoConfiguration:
      Did not match:
         - @ConditionalOnClass did not find required class 'org.springframework.data.elasticsearch.client.elc.ReactiveElasticsearchClient' (OnClassCondition)

   ReactiveMultipartAutoConfiguration:
      Did not match:
         - @ConditionalOnClass did not find required class 'org.springframework.web.reactive.config.WebFluxConfigurer' (OnClassCondition)

   ReactiveOAuth2ClientAutoConfiguration:
      Did not match:
         - @ConditionalOnClass did not find required class 'reactor.core.publisher.Flux' (OnClassCondition)

   ReactiveOAuth2ResourceServerAutoConfiguration:
      Did not match:
         - @ConditionalOnClass did not find required class 'org.springframework.security.config.annotation.web.reactive.EnableWebFluxSecurity' (OnClassCondition)

   ReactiveSecurityAutoConfiguration:
      Did not match:
         - @ConditionalOnClass did not find required class 'reactor.core.publisher.Flux' (OnClassCondition)

   ReactiveUserDetailsServiceAutoConfiguration:
      Did not match:
         - @ConditionalOnClass did not find required class 'org.springframework.security.authentication.ReactiveAuthenticationManager' (OnClassCondition)

   ReactiveWebServerFactoryAutoConfiguration:
      Did not match:
         - @ConditionalOnWebApplication did not find reactive web application classes (OnWebApplicationCondition)

   RedisAutoConfiguration:
      Did not match:
         - @ConditionalOnClass did not find required class 'org.springframework.data.redis.core.RedisOperations' (OnClassCondition)

   RedisCacheConfiguration:
      Did not match:
         - @ConditionalOnClass did not find required class 'org.springframework.data.redis.connection.RedisConnectionFactory' (OnClassCondition)

   RedisReactiveAutoConfiguration:
      Did not match:
         - @ConditionalOnClass did not find required class 'reactor.core.publisher.Flux' (OnClassCondition)

   RedisRepositoriesAutoConfiguration:
      Did not match:
         - @ConditionalOnClass did not find required class 'org.springframework.data.redis.repository.configuration.EnableRedisRepositories' (OnClassCondition)

   RepositoryRestMvcAutoConfiguration:
      Did not match:
         - @ConditionalOnClass did not find required class 'org.springframework.data.rest.webmvc.config.RepositoryRestMvcConfiguration' (OnClassCondition)

   Saml2RelyingPartyAutoConfiguration:
      Did not match:
         - @ConditionalOnClass did not find required class 'org.springframework.security.saml2.provider.service.registration.RelyingPartyRegistrationRepository' (OnClassCondition)

   SecurityAutoConfiguration:
      Did not match:
         - @ConditionalOnClass did not find required class 'org.springframework.security.authentication.DefaultAuthenticationEventPublisher' (OnClassCondition)

   SecurityFilterAutoConfiguration:
      Did not match:
         - @ConditionalOnClass did not find required class 'org.springframework.security.config.http.SessionCreationPolicy' (OnClassCondition)

   SendGridAutoConfiguration:
      Did not match:
         - @ConditionalOnClass did not find required class 'com.sendgrid.SendGrid' (OnClassCondition)

   ServletWebServerFactoryAutoConfiguration.ForwardedHeaderFilterConfiguration:
      Did not match:
         - @ConditionalOnProperty (server.forward-headers-strategy=framework) did not find property 'server.forward-headers-strategy' (OnPropertyCondition)

   ServletWebServerFactoryConfiguration.EmbeddedJetty:
      Did not match:
         - @ConditionalOnClass did not find required classes 'org.eclipse.jetty.server.Server', 'org.eclipse.jetty.util.Loader', 'org.eclipse.jetty.webapp.WebAppContext' (OnClassCondition)

   ServletWebServerFactoryConfiguration.EmbeddedUndertow:
      Did not match:
         - @ConditionalOnClass did not find required classes 'io.undertow.Undertow', 'org.xnio.SslClientAuthMode' (OnClassCondition)

   SessionAutoConfiguration:
      Did not match:
         - @ConditionalOnClass did not find required class 'org.springframework.session.Session' (OnClassCondition)

   SpringApplicationAdminJmxAutoConfiguration:
      Did not match:
         - @ConditionalOnProperty (spring.application.admin.enabled=true) did not find property 'enabled' (OnPropertyCondition)

   TaskSchedulingAutoConfiguration#scheduledBeanLazyInitializationExcludeFilter:
      Did not match:
         - @ConditionalOnBean (names: org.springframework.context.annotation.internalScheduledAnnotationProcessor; SearchStrategy: all) did not find any beans named org.springframework.context.annotation.internalScheduledAnnotationProcessor (OnBeanCondition)

   TaskSchedulingAutoConfiguration#taskScheduler:
      Did not match:
         - @ConditionalOnBean (names: org.springframework.context.annotation.internalScheduledAnnotationProcessor; SearchStrategy: all) did not find any beans named org.springframework.context.annotation.internalScheduledAnnotationProcessor (OnBeanCondition)

   ThymeleafAutoConfiguration:
      Did not match:
         - @ConditionalOnClass did not find required class 'org.thymeleaf.spring6.SpringTemplateEngine' (OnClassCondition)

   TransactionAutoConfiguration#transactionalOperator:
      Did not match:
         - @ConditionalOnSingleCandidate (types: org.springframework.transaction.ReactiveTransactionManager; SearchStrategy: all) did not find any beans (OnBeanCondition)

   TransactionAutoConfiguration.AspectJTransactionManagementConfiguration:
      Did not match:
         - @ConditionalOnBean (types: org.springframework.transaction.aspectj.AbstractTransactionAspect; SearchStrategy: all) did not find any beans of type org.springframework.transaction.aspectj.AbstractTransactionAspect (OnBeanCondition)

   TransactionAutoConfiguration.EnableTransactionManagementConfiguration.JdkDynamicAutoProxyConfiguration:
      Did not match:
         - @ConditionalOnProperty (spring.aop.proxy-target-class=false) did not find property 'proxy-target-class' (OnPropertyCondition)

   UserDetailsServiceAutoConfiguration:
      Did not match:
         - @ConditionalOnClass did not find required class 'org.springframework.security.authentication.AuthenticationManager' (OnClassCondition)

   ValidationAutoConfiguration:
      Did not match:
         - @ConditionalOnClass did not find required class 'jakarta.validation.executable.ExecutableValidator' (OnClassCondition)

   WebClientAutoConfiguration:
      Did not match:
         - @ConditionalOnClass did not find required class 'org.springframework.web.reactive.function.client.WebClient' (OnClassCondition)

   WebFluxAutoConfiguration:
      Did not match:
         - @ConditionalOnClass did not find required class 'org.springframework.web.reactive.config.WebFluxConfigurer' (OnClassCondition)

   WebMvcAutoConfiguration#hiddenHttpMethodFilter:
      Did not match:
         - @ConditionalOnProperty (spring.mvc.hiddenmethod.filter.enabled) did not find property 'enabled' (OnPropertyCondition)

   WebMvcAutoConfiguration.ProblemDetailsErrorHandlingConfiguration:
      Did not match:
         - @ConditionalOnProperty (spring.mvc.problemdetails.enabled=true) did not find property 'enabled' (OnPropertyCondition)

   WebMvcAutoConfiguration.ResourceChainCustomizerConfiguration:
      Did not match:
         - @ConditionalOnEnabledResourceChain did not find class org.webjars.WebJarAssetLocator (OnEnabledResourceChainCondition)

   WebMvcAutoConfiguration.WebMvcAutoConfigurationAdapter#beanNameViewResolver:
      Did not match:
         - @ConditionalOnMissingBean (types: org.springframework.web.servlet.view.BeanNameViewResolver; SearchStrategy: all) found beans of type 'org.springframework.web.servlet.view.BeanNameViewResolver' beanNameViewResolver (OnBeanCondition)

   WebServiceTemplateAutoConfiguration:
      Did not match:
         - @ConditionalOnClass did not find required class 'org.springframework.oxm.Marshaller' (OnClassCondition)

   WebServicesAutoConfiguration:
      Did not match:
         - @ConditionalOnClass did not find required class 'org.springframework.ws.transport.http.MessageDispatcherServlet' (OnClassCondition)

   WebSessionIdResolverAutoConfiguration:
      Did not match:
         - @ConditionalOnClass did not find required class 'reactor.core.publisher.Mono' (OnClassCondition)

   WebSocketMessagingAutoConfiguration:
      Did not match:
         - @ConditionalOnClass did not find required class 'org.springframework.web.socket.config.annotation.WebSocketMessageBrokerConfigurer' (OnClassCondition)

   WebSocketReactiveAutoConfiguration:
      Did not match:
         - @ConditionalOnWebApplication did not find reactive web application classes (OnWebApplicationCondition)

   WebSocketServletAutoConfiguration.JettyWebSocketConfiguration:
      Did not match:
         - @ConditionalOnClass did not find required class 'org.eclipse.jetty.websocket.jakarta.server.config.JakartaWebSocketServletContainerInitializer' (OnClassCondition)

   WebSocketServletAutoConfiguration.UndertowWebSocketConfiguration:
      Did not match:
         - @ConditionalOnClass did not find required class 'io.undertow.websockets.jsr.Bootstrap' (OnClassCondition)

   XADataSourceAutoConfiguration:
      Did not match:
         - @ConditionalOnBean (types: org.springframework.boot.jdbc.XADataSourceWrapper; SearchStrategy: all) did not find any beans of type org.springframework.boot.jdbc.XADataSourceWrapper (OnBeanCondition)
      Matched:
         - @ConditionalOnClass found required classes 'javax.sql.DataSource', 'jakarta.transaction.TransactionManager', 'org.springframework.jdbc.datasource.embedded.EmbeddedDatabaseType' (OnClassCondition)


Exclusions:
-----------

    None


Unconditional classes:
----------------------

    org.springframework.boot.autoconfigure.context.ConfigurationPropertiesAutoConfiguration

    org.springframework.boot.autoconfigure.ssl.SslAutoConfiguration

    org.springframework.boot.autoconfigure.context.LifecycleAutoConfiguration

    org.springframework.boot.autoconfigure.context.PropertyPlaceholderAutoConfiguration

    org.springframework.boot.autoconfigure.availability.ApplicationAvailabilityAutoConfiguration

    org.springframework.boot.autoconfigure.info.ProjectInfoAutoConfiguration



2023-11-20T11:27:32.538+09:00  INFO 18536 --- [    Test worker] c.e.F.FourFlowerServerApplicationTests   : Started FourFlowerServerApplicationTests in 4.285 seconds (process running for 6.07)
2023-11-20T11:27:32.541+09:00 DEBUG 18536 --- [    Test worker] o.s.b.a.ApplicationAvailabilityBean      : Application availability state LivenessState changed to CORRECT
2023-11-20T11:27:32.544+09:00 DEBUG 18536 --- [    Test worker] o.s.b.a.ApplicationAvailabilityBean      : Application availability state ReadinessState changed to ACCEPTING_TRAFFIC
2023-11-20T11:27:32.548+09:00 DEBUG 18536 --- [    Test worker] org.springframework.test.context.cache   : Spring test ApplicationContext cache statistics: [DefaultContextCache@142918a0 size = 1, maxSize = 32, parentContextCount = 0, hitCount = 0, missCount = 1]
2023-11-20T11:27:32.548+09:00 DEBUG 18536 --- [    Test worker] o.s.t.c.w.ServletTestExecutionListener   : Setting up MockHttpServletRequest, MockHttpServletResponse, ServletWebRequest, and RequestContextHolder for test class com.example.FourFlowerServer.FourFlowerServerApplicationTests
2023-11-20T11:27:32.569+09:00 DEBUG 18536 --- [    Test worker] DependencyInjectionTestExecutionListener : Performing dependency injection for test class com.example.FourFlowerServer.FourFlowerServerApplicationTests
2023-11-20T11:27:32.570+09:00 DEBUG 18536 --- [    Test worker] org.springframework.test.context.cache   : Spring test ApplicationContext cache statistics: [DefaultContextCache@142918a0 size = 1, maxSize = 32, parentContextCount = 0, hitCount = 1, missCount = 1]
2023-11-20T11:27:32.573+09:00 DEBUG 18536 --- [    Test worker] org.springframework.test.context.cache   : Spring test ApplicationContext cache statistics: [DefaultContextCache@142918a0 size = 1, maxSize = 32, parentContextCount = 0, hitCount = 2, missCount = 1]
2023-11-20T11:27:32.581+09:00 DEBUG 18536 --- [    Test worker] sContextBeforeModesTestExecutionListener : Before test method: class [FourFlowerServerApplicationTests], method [testConnections], class annotated with @DirtiesContext [false] with mode [null], method annotated with @DirtiesContext [false] with mode [null]
2023-11-20T11:27:32.587+09:00 DEBUG 18536 --- [    Test worker] org.springframework.test.context.cache   : Spring test ApplicationContext cache statistics: [DefaultContextCache@142918a0 size = 1, maxSize = 32, parentContextCount = 0, hitCount = 3, missCount = 1]
2023-11-20T11:27:32.587+09:00 DEBUG 18536 --- [    Test worker] org.springframework.test.context.cache   : Spring test ApplicationContext cache statistics: [DefaultContextCache@142918a0 size = 1, maxSize = 32, parentContextCount = 0, hitCount = 4, missCount = 1]
2023-11-20T11:27:33.547+09:00 DEBUG 18536 --- [    Test worker] org.springframework.test.context.cache   : Spring test ApplicationContext cache statistics: [DefaultContextCache@142918a0 size = 1, maxSize = 32, parentContextCount = 0, hitCount = 5, missCount = 1]
2023-11-20T11:27:33.580+09:00 DEBUG 18536 --- [    Test worker] org.springframework.test.context.cache   : Spring test ApplicationContext cache statistics: [DefaultContextCache@142918a0 size = 1, maxSize = 32, parentContextCount = 0, hitCount = 6, missCount = 1]
2023-11-20T11:27:33.580+09:00 DEBUG 18536 --- [    Test worker] org.springframework.test.context.cache   : Spring test ApplicationContext cache statistics: [DefaultContextCache@142918a0 size = 1, maxSize = 32, parentContextCount = 0, hitCount = 7, missCount = 1]
2023-11-20T11:27:33.583+09:00 DEBUG 18536 --- [    Test worker] org.springframework.test.context.cache   : Spring test ApplicationContext cache statistics: [DefaultContextCache@142918a0 size = 1, maxSize = 32, parentContextCount = 0, hitCount = 8, missCount = 1]
2023-11-20T11:27:33.583+09:00 DEBUG 18536 --- [    Test worker] org.springframework.test.context.cache   : Spring test ApplicationContext cache statistics: [DefaultContextCache@142918a0 size = 1, maxSize = 32, parentContextCount = 0, hitCount = 9, missCount = 1]
2023-11-20T11:27:33.584+09:00 DEBUG 18536 --- [    Test worker] org.springframework.test.context.cache   : Spring test ApplicationContext cache statistics: [DefaultContextCache@142918a0 size = 1, maxSize = 32, parentContextCount = 0, hitCount = 10, missCount = 1]
2023-11-20T11:27:33.585+09:00 DEBUG 18536 --- [    Test worker] org.springframework.test.context.cache   : Spring test ApplicationContext cache statistics: [DefaultContextCache@142918a0 size = 1, maxSize = 32, parentContextCount = 0, hitCount = 11, missCount = 1]
2023-11-20T11:27:33.586+09:00 DEBUG 18536 --- [    Test worker] .c.s.DirtiesContextTestExecutionListener : After test method: class [FourFlowerServerApplicationTests], method [testConnections], class annotated with @DirtiesContext [false] with mode [null], method annotated with @DirtiesContext [false] with mode [null]
2023-11-20T11:27:33.587+09:00 DEBUG 18536 --- [    Test worker] o.s.t.c.w.ServletTestExecutionListener   : Resetting RequestContextHolder for test class com.example.FourFlowerServer.FourFlowerServerApplicationTests
2023-11-20T11:27:33.596+09:00 DEBUG 18536 --- [    Test worker] org.springframework.test.context.cache   : Spring test ApplicationContext cache statistics: [DefaultContextCache@142918a0 size = 1, maxSize = 32, parentContextCount = 0, hitCount = 12, missCount = 1]
2023-11-20T11:27:33.597+09:00 DEBUG 18536 --- [    Test worker] .c.s.DirtiesContextTestExecutionListener : After test class: class [FourFlowerServerApplicationTests], class annotated with @DirtiesContext [false] with mode [null]
]]></system-out>
  <system-err><![CDATA[Loading class `com.mysql.jdbc.Driver'. This is deprecated. The new driver class is `com.mysql.cj.jdbc.Driver'. The driver is automatically registered via the SPI and manual loading of the driver class is generally unnecessary.
java.sql.SQLException: Access denied for user 'mxxxdxxx'@'localhost' (using password: YES)
	at com.mysql.cj.jdbc.exceptions.SQLError.createSQLException(SQLError.java:130)
	at com.mysql.cj.jdbc.exceptions.SQLExceptionsMapping.translateException(SQLExceptionsMapping.java:122)
	at com.mysql.cj.jdbc.ConnectionImpl.createNewIO(ConnectionImpl.java:825)
	at com.mysql.cj.jdbc.ConnectionImpl.<init>(ConnectionImpl.java:446)
	at com.mysql.cj.jdbc.ConnectionImpl.getInstance(ConnectionImpl.java:239)
	at com.mysql.cj.jdbc.NonRegisteringDriver.connect(NonRegisteringDriver.java:188)
	at java.sql/java.sql.DriverManager.getConnection(DriverManager.java:681)
	at java.sql/java.sql.DriverManager.getConnection(DriverManager.java:229)
	at com.example.FourFlowerServer.FourFlowerServerApplicationTests.testConnections(FourFlowerServerApplicationTests.java:22)
	at java.base/jdk.internal.reflect.NativeMethodAccessorImpl.invoke0(Native Method)
	at java.base/jdk.internal.reflect.NativeMethodAccessorImpl.invoke(NativeMethodAccessorImpl.java:77)
	at java.base/jdk.internal.reflect.DelegatingMethodAccessorImpl.invoke(DelegatingMethodAccessorImpl.java:43)
	at java.base/java.lang.reflect.Method.invoke(Method.java:568)
	at org.junit.platform.commons.util.ReflectionUtils.invokeMethod(ReflectionUtils.java:727)
	at org.junit.jupiter.engine.execution.MethodInvocation.proceed(MethodInvocation.java:60)
	at org.junit.jupiter.engine.execution.InvocationInterceptorChain$ValidatingInvocation.proceed(InvocationInterceptorChain.java:125)
	at org.junit.jupiter.engine.extension.TimeoutExtension.intercept(TimeoutExtension.java:132)
	at org.junit.jupiter.engine.extension.TimeoutExtension.interceptTestableMethod(TimeoutExtension.java:124)
	at org.junit.jupiter.engine.extension.TimeoutExtension.interceptTestMethod(TimeoutExtension.java:74)
	at org.junit.jupiter.engine.execution.ExecutableInvoker$ReflectiveInterceptorCall.lambda$ofVoidMethod$0(ExecutableInvoker.java:115)
	at org.junit.jupiter.engine.execution.ExecutableInvoker.lambda$invoke$0(ExecutableInvoker.java:105)
	at org.junit.jupiter.engine.execution.InvocationInterceptorChain$InterceptedInvocation.proceed(InvocationInterceptorChain.java:104)
	at org.junit.jupiter.engine.execution.InvocationInterceptorChain.proceed(InvocationInterceptorChain.java:62)
	at org.junit.jupiter.engine.execution.InvocationInterceptorChain.chainAndInvoke(InvocationInterceptorChain.java:43)
	at org.junit.jupiter.engine.execution.InvocationInterceptorChain.invoke(InvocationInterceptorChain.java:35)
	at org.junit.jupiter.engine.execution.ExecutableInvoker.invoke(ExecutableInvoker.java:104)
	at org.junit.jupiter.engine.execution.ExecutableInvoker.invoke(ExecutableInvoker.java:98)
	at org.junit.jupiter.engine.descriptor.TestMethodTestDescriptor.lambda$invokeTestMethod$6(TestMethodTestDescriptor.java:202)
	at org.junit.platform.engine.support.hierarchical.ThrowableCollector.execute(ThrowableCollector.java:73)
	at org.junit.jupiter.engine.descriptor.TestMethodTestDescriptor.invokeTestMethod(TestMethodTestDescriptor.java:198)
	at org.junit.jupiter.engine.descriptor.TestMethodTestDescriptor.execute(TestMethodTestDescriptor.java:135)
	at org.junit.jupiter.engine.descriptor.TestMethodTestDescriptor.execute(TestMethodTestDescriptor.java:69)
	at org.junit.platform.engine.support.hierarchical.NodeTestTask.lambda$executeRecursively$6(NodeTestTask.java:151)
	at org.junit.platform.engine.support.hierarchical.ThrowableCollector.execute(ThrowableCollector.java:73)
	at org.junit.platform.engine.support.hierarchical.NodeTestTask.lambda$executeRecursively$8(NodeTestTask.java:141)
	at org.junit.platform.engine.support.hierarchical.Node.around(Node.java:137)
	at org.junit.platform.engine.support.hierarchical.NodeTestTask.lambda$executeRecursively$9(NodeTestTask.java:139)
	at org.junit.platform.engine.support.hierarchical.ThrowableCollector.execute(ThrowableCollector.java:73)
	at org.junit.platform.engine.support.hierarchical.NodeTestTask.executeRecursively(NodeTestTask.java:138)
	at org.junit.platform.engine.support.hierarchical.NodeTestTask.execute(NodeTestTask.java:95)
	at java.base/java.util.ArrayList.forEach(ArrayList.java:1511)
	at org.junit.platform.engine.support.hierarchical.SameThreadHierarchicalTestExecutorService.invokeAll(SameThreadHierarchicalTestExecutorService.java:41)
	at org.junit.platform.engine.support.hierarchical.NodeTestTask.lambda$executeRecursively$6(NodeTestTask.java:155)
	at org.junit.platform.engine.support.hierarchical.ThrowableCollector.execute(ThrowableCollector.java:73)
	at org.junit.platform.engine.support.hierarchical.NodeTestTask.lambda$executeRecursively$8(NodeTestTask.java:141)
	at org.junit.platform.engine.support.hierarchical.Node.around(Node.java:137)
	at org.junit.platform.engine.support.hierarchical.NodeTestTask.lambda$executeRecursively$9(NodeTestTask.java:139)
	at org.junit.platform.engine.support.hierarchical.ThrowableCollector.execute(ThrowableCollector.java:73)
	at org.junit.platform.engine.support.hierarchical.NodeTestTask.executeRecursively(NodeTestTask.java:138)
	at org.junit.platform.engine.support.hierarchical.NodeTestTask.execute(NodeTestTask.java:95)
	at java.base/java.util.ArrayList.forEach(ArrayList.java:1511)
	at org.junit.platform.engine.support.hierarchical.SameThreadHierarchicalTestExecutorService.invokeAll(SameThreadHierarchicalTestExecutorService.java:41)
	at org.junit.platform.engine.support.hierarchical.NodeTestTask.lambda$executeRecursively$6(NodeTestTask.java:155)
	at org.junit.platform.engine.support.hierarchical.ThrowableCollector.execute(ThrowableCollector.java:73)
	at org.junit.platform.engine.support.hierarchical.NodeTestTask.lambda$executeRecursively$8(NodeTestTask.java:141)
	at org.junit.platform.engine.support.hierarchical.Node.around(Node.java:137)
	at org.junit.platform.engine.support.hierarchical.NodeTestTask.lambda$executeRecursively$9(NodeTestTask.java:139)
	at org.junit.platform.engine.support.hierarchical.ThrowableCollector.execute(ThrowableCollector.java:73)
	at org.junit.platform.engine.support.hierarchical.NodeTestTask.executeRecursively(NodeTestTask.java:138)
	at org.junit.platform.engine.support.hierarchical.NodeTestTask.execute(NodeTestTask.java:95)
	at org.junit.platform.engine.support.hierarchical.SameThreadHierarchicalTestExecutorService.submit(SameThreadHierarchicalTestExecutorService.java:35)
	at org.junit.platform.engine.support.hierarchical.HierarchicalTestExecutor.execute(HierarchicalTestExecutor.java:57)
	at org.junit.platform.engine.support.hierarchical.HierarchicalTestEngine.execute(HierarchicalTestEngine.java:54)
	at org.junit.platform.launcher.core.DefaultLauncher.execute(DefaultLauncher.java:229)
	at org.junit.platform.launcher.core.DefaultLauncher.lambda$execute$6(DefaultLauncher.java:197)
	at org.junit.platform.launcher.core.DefaultLauncher.withInterceptedStreams(DefaultLauncher.java:211)
	at org.junit.platform.launcher.core.DefaultLauncher.execute(DefaultLauncher.java:191)
	at org.junit.platform.launcher.core.DefaultLauncher.execute(DefaultLauncher.java:128)
	at org.gradle.api.internal.tasks.testing.junitplatform.JUnitPlatformTestClassProcessor$CollectAllTestClassesExecutor.processAllTestClasses(JUnitPlatformTestClassProcessor.java:119)
	at org.gradle.api.internal.tasks.testing.junitplatform.JUnitPlatformTestClassProcessor$CollectAllTestClassesExecutor.access$000(JUnitPlatformTestClassProcessor.java:94)
	at org.gradle.api.internal.tasks.testing.junitplatform.JUnitPlatformTestClassProcessor.stop(JUnitPlatformTestClassProcessor.java:89)
	at org.gradle.api.internal.tasks.testing.SuiteTestClassProcessor.stop(SuiteTestClassProcessor.java:62)
	at java.base/jdk.internal.reflect.NativeMethodAccessorImpl.invoke0(Native Method)
	at java.base/jdk.internal.reflect.NativeMethodAccessorImpl.invoke(NativeMethodAccessorImpl.java:77)
	at java.base/jdk.internal.reflect.DelegatingMethodAccessorImpl.invoke(DelegatingMethodAccessorImpl.java:43)
	at java.base/java.lang.reflect.Method.invoke(Method.java:568)
	at org.gradle.internal.dispatch.ReflectionDispatch.dispatch(ReflectionDispatch.java:36)
	at org.gradle.internal.dispatch.ReflectionDispatch.dispatch(ReflectionDispatch.java:24)
	at org.gradle.internal.dispatch.ContextClassLoaderDispatch.dispatch(ContextClassLoaderDispatch.java:33)
	at org.gradle.internal.dispatch.ProxyDispatchAdapter$DispatchingInvocationHandler.invoke(ProxyDispatchAdapter.java:94)
	at jdk.proxy1/jdk.proxy1.$Proxy2.stop(Unknown Source)
	at org.gradle.api.internal.tasks.testing.worker.TestWorker$3.run(TestWorker.java:193)
	at org.gradle.api.internal.tasks.testing.worker.TestWorker.executeAndMaintainThreadName(TestWorker.java:129)
	at org.gradle.api.internal.tasks.testing.worker.TestWorker.execute(TestWorker.java:100)
	at org.gradle.api.internal.tasks.testing.worker.TestWorker.execute(TestWorker.java:60)
	at org.gradle.process.internal.worker.child.ActionExecutionWorker.execute(ActionExecutionWorker.java:56)
	at org.gradle.process.internal.worker.child.SystemApplicationClassLoaderWorker.call(SystemApplicationClassLoaderWorker.java:113)
	at org.gradle.process.internal.worker.child.SystemApplicationClassLoaderWorker.call(SystemApplicationClassLoaderWorker.java:65)
	at worker.org.gradle.process.internal.worker.GradleWorkerMain.run(GradleWorkerMain.java:69)
	at worker.org.gradle.process.internal.worker.GradleWorkerMain.main(GradleWorkerMain.java:74)
]]></system-err>
</testsuite>
